<?xml version="1.0" encoding="UTF-8"?>
<coverage generated="1549123949953" clover="3.2.0">
  <project timestamp="1549123949953" name="All files">
    <metrics statements="1044" coveredstatements="1001" conditionals="380" coveredconditionals="346" methods="215" coveredmethods="202" elements="1639" coveredelements="1549" complexity="0" loc="1044" ncloc="1044" packages="8" files="37" classes="37">
      <package name="src">
        <metrics statements="385" coveredstatements="376" conditionals="200" coveredconditionals="193" methods="53" coveredmethods="53"/>
        <file name="Assembler.ts" path="/home/dave/Documents/projects/web/chip8Emulator/src/Assembler.ts">
          <metrics statements="92" coveredstatements="91" conditionals="37" coveredconditionals="34" methods="11" coveredmethods="11"/>
          <line num="3" count="2" type="stmt"/>
          <line num="5" count="2" type="stmt"/>
          <line num="7" count="2" type="stmt"/>
          <line num="9" count="2" type="stmt"/>
          <line num="10" count="37" type="stmt"/>
          <line num="14" count="37" type="stmt"/>
          <line num="16" count="37" type="stmt"/>
          <line num="18" count="37" type="stmt"/>
          <line num="20" count="37" type="stmt"/>
          <line num="22" count="37" type="stmt"/>
          <line num="23" count="37" type="stmt"/>
          <line num="27" count="37" type="stmt"/>
          <line num="28" count="37" type="stmt"/>
          <line num="32" count="37" type="stmt"/>
          <line num="33" count="7558" type="stmt"/>
          <line num="35" count="7557" type="stmt"/>
          <line num="37" count="4032" type="stmt"/>
          <line num="38" count="4030" type="stmt"/>
          <line num="40" count="440" type="stmt"/>
          <line num="41" count="439" type="stmt"/>
          <line num="43" count="3054" type="stmt"/>
          <line num="44" count="3052" type="stmt"/>
          <line num="46" count="29" type="stmt"/>
          <line num="48" count="2" type="stmt"/>
          <line num="54" count="20340" type="stmt"/>
          <line num="56" count="20340" type="cond" truecount="2" falsecount="0"/>
          <line num="57" count="2" type="stmt"/>
          <line num="59" count="20338" type="stmt"/>
          <line num="63" count="4032" type="stmt"/>
          <line num="65" count="4032" type="cond" truecount="1" falsecount="1"/>
          <line num="66" count="0" type="stmt"/>
          <line num="68" count="4032" type="stmt"/>
          <line num="69" count="6671" type="stmt"/>
          <line num="72" count="6670" type="cond" truecount="2" falsecount="0"/>
          <line num="73" count="715" type="stmt"/>
          <line num="76" count="6670" type="stmt"/>
          <line num="79" count="4030" type="stmt"/>
          <line num="83" count="440" type="cond" truecount="2" falsecount="0"/>
          <line num="84" count="1" type="stmt"/>
          <line num="86" count="439" type="stmt"/>
          <line num="87" count="439" type="stmt"/>
          <line num="100" count="3054" type="stmt"/>
          <line num="101" count="3054" type="stmt"/>
          <line num="103" count="3054" type="cond" truecount="2" falsecount="0"/>
          <line num="104" count="1" type="stmt"/>
          <line num="106" count="3053" type="stmt"/>
          <line num="107" count="3057" type="stmt"/>
          <line num="108" count="3057" type="stmt"/>
          <line num="109" count="3057" type="stmt"/>
          <line num="111" count="3053" type="cond" truecount="1" falsecount="1"/>
          <line num="113" count="3053" type="cond" truecount="2" falsecount="0"/>
          <line num="114" count="1" type="stmt"/>
          <line num="130" count="715" type="cond" truecount="2" falsecount="0"/>
          <line num="131" count="715" type="stmt"/>
          <line num="133" count="715" type="stmt"/>
          <line num="143" count="437" type="cond" truecount="1" falsecount="1"/>
          <line num="145" count="437" type="stmt"/>
          <line num="146" count="713" type="stmt"/>
          <line num="148" count="713" type="stmt"/>
          <line num="155" count="437" type="stmt"/>
          <line num="172" count="29" type="stmt"/>
          <line num="174" count="29" type="stmt"/>
          <line num="175" count="29" type="stmt"/>
          <line num="177" count="29" type="stmt"/>
          <line num="178" count="4026" type="stmt"/>
          <line num="180" count="4026" type="stmt"/>
          <line num="181" count="455" type="stmt"/>
          <line num="184" count="4026" type="stmt"/>
          <line num="185" count="4026" type="cond" truecount="2" falsecount="0"/>
          <line num="186" count="437" type="stmt"/>
          <line num="189" count="4026" type="cond" truecount="2" falsecount="0"/>
          <line num="190" count="1" type="stmt"/>
          <line num="192" count="4025" type="stmt"/>
          <line num="196" count="28" type="cond" truecount="2" falsecount="0"/>
          <line num="197" count="1" type="stmt"/>
          <line num="199" count="27" type="stmt"/>
          <line num="207" count="29" type="stmt"/>
          <line num="211" count="29" type="stmt"/>
          <line num="212" count="29" type="stmt"/>
          <line num="217" count="27" type="cond" truecount="2" falsecount="0"/>
          <line num="218" count="1" type="stmt"/>
          <line num="220" count="26" type="stmt"/>
          <line num="221" count="7094" type="stmt"/>
          <line num="223" count="7094" type="cond" truecount="2" falsecount="0"/>
          <line num="224" count="3054" type="stmt"/>
          <line num="226" count="7094" type="cond" truecount="2" falsecount="0"/>
          <line num="227" count="4024" type="stmt"/>
          <line num="228" count="4024" type="stmt"/>
          <line num="229" count="4024" type="cond" truecount="2" falsecount="0"/>
          <line num="230" count="4024" type="stmt"/>
          <line num="231" count="4024" type="stmt"/>
          <line num="235" count="26" type="stmt"/>
        </file>
        <file name="DataCode.ts" path="/home/dave/Documents/projects/web/chip8Emulator/src/DataCode.ts">
          <metrics statements="7" coveredstatements="7" conditionals="0" coveredconditionals="0" methods="2" coveredmethods="2"/>
          <line num="1" count="2" type="stmt"/>
          <line num="3" count="2" type="stmt"/>
          <line num="5" count="2" type="stmt"/>
          <line num="11" count="3075" type="stmt"/>
          <line num="12" count="3075" type="stmt"/>
          <line num="13" count="3075" type="stmt"/>
          <line num="17" count="3075" type="stmt"/>
        </file>
        <file name="Disassembler.ts" path="/home/dave/Documents/projects/web/chip8Emulator/src/Disassembler.ts">
          <metrics statements="67" coveredstatements="67" conditionals="30" coveredconditionals="30" methods="9" coveredmethods="9"/>
          <line num="1" count="2" type="stmt"/>
          <line num="2" count="2" type="stmt"/>
          <line num="4" count="2" type="stmt"/>
          <line num="5" count="2" type="stmt"/>
          <line num="6" count="2" type="stmt"/>
          <line num="7" count="2" type="stmt"/>
          <line num="9" count="2" type="stmt"/>
          <line num="10" count="2" type="stmt"/>
          <line num="19" count="33" type="stmt"/>
          <line num="20" count="33" type="stmt"/>
          <line num="21" count="33" type="stmt"/>
          <line num="22" count="33" type="stmt"/>
          <line num="23" count="33" type="stmt"/>
          <line num="24" count="33" type="stmt"/>
          <line num="26" count="33" type="stmt"/>
          <line num="30" count="33" type="stmt"/>
          <line num="31" count="815" type="stmt"/>
          <line num="33" count="31" type="stmt"/>
          <line num="37" count="25" type="stmt"/>
          <line num="41" count="1" type="stmt"/>
          <line num="42" count="22" type="cond" truecount="2" falsecount="0"/>
          <line num="43" count="22" type="cond" truecount="2" falsecount="0"/>
          <line num="48" count="815" type="cond" truecount="2" falsecount="0"/>
          <line num="49" count="4095" type="stmt"/>
          <line num="50" count="4095" type="stmt"/>
          <line num="52" count="4095" type="stmt"/>
          <line num="54" count="4095" type="cond" truecount="2" falsecount="0"/>
          <line num="55" count="117" type="stmt"/>
          <line num="58" count="3978" type="stmt"/>
          <line num="60" count="3978" type="cond" truecount="2" falsecount="0"/>
          <line num="61" count="1" type="stmt"/>
          <line num="62" count="3977" type="cond" truecount="2" falsecount="0"/>
          <line num="63" count="1" type="stmt"/>
          <line num="68" count="3978" type="stmt"/>
          <line num="70" count="3978" type="stmt"/>
          <line num="72" count="484" type="stmt"/>
          <line num="73" count="484" type="stmt"/>
          <line num="74" count="484" type="stmt"/>
          <line num="76" count="233" type="stmt"/>
          <line num="77" count="233" type="stmt"/>
          <line num="78" count="233" type="stmt"/>
          <line num="79" count="233" type="stmt"/>
          <line num="84" count="598" type="stmt"/>
          <line num="85" count="598" type="stmt"/>
          <line num="86" count="598" type="stmt"/>
          <line num="91" count="3978" type="stmt"/>
          <line num="95" count="31" type="stmt"/>
          <line num="96" count="31" type="stmt"/>
          <line num="97" count="31" type="stmt"/>
          <line num="99" count="31" type="stmt"/>
          <line num="100" count="7119" type="cond" truecount="2" falsecount="0"/>
          <line num="101" count="440" type="stmt"/>
          <line num="102" count="7119" type="cond" truecount="2" falsecount="0"/>
          <line num="103" count="4044" type="stmt"/>
          <line num="105" count="3075" type="stmt"/>
          <line num="106" count="3075" type="stmt"/>
          <line num="109" count="7119" type="cond" truecount="2" falsecount="0"/>
          <line num="112" count="31" type="stmt"/>
          <line num="116" count="4095" type="stmt"/>
          <line num="117" count="4095" type="stmt"/>
          <line num="118" count="4095" type="cond" truecount="2" falsecount="0"/>
          <line num="119" count="4095" type="stmt"/>
          <line num="120" count="4095" type="stmt"/>
          <line num="122" count="4095" type="cond" truecount="2" falsecount="0"/>
          <line num="123" count="4074" type="stmt"/>
          <line num="124" count="4074" type="stmt"/>
          <line num="127" count="4095" type="stmt"/>
        </file>
        <file name="Lexer.ts" path="/home/dave/Documents/projects/web/chip8Emulator/src/Lexer.ts">
          <metrics statements="106" coveredstatements="104" conditionals="47" coveredconditionals="45" methods="13" coveredmethods="13"/>
          <line num="1" count="3" type="stmt"/>
          <line num="3" count="3" type="stmt"/>
          <line num="4" count="3" type="stmt"/>
          <line num="5" count="3" type="stmt"/>
          <line num="7" count="3" type="stmt"/>
          <line num="15" count="3" type="stmt"/>
          <line num="16" count="50" type="stmt"/>
          <line num="19" count="50" type="stmt"/>
          <line num="20" count="50" type="stmt"/>
          <line num="21" count="50" type="stmt"/>
          <line num="22" count="50" type="stmt"/>
          <line num="26" count="50" type="stmt"/>
          <line num="27" count="50" type="cond" truecount="2" falsecount="0"/>
          <line num="31" count="50" type="stmt"/>
          <line num="33" count="50" type="stmt"/>
          <line num="34" count="20451" type="stmt"/>
          <line num="35" count="20448" type="stmt"/>
          <line num="38" count="47" type="stmt"/>
          <line num="46" count="691734" type="cond" truecount="2" falsecount="0"/>
          <line num="47" count="341" type="stmt"/>
          <line num="49" count="691393" type="stmt"/>
          <line num="59" count="284925" type="stmt"/>
          <line num="60" count="284925" type="stmt"/>
          <line num="61" count="284925" type="cond" truecount="2" falsecount="0"/>
          <line num="63" count="284925" type="cond" truecount="2" falsecount="0"/>
          <line num="64" count="7515" type="stmt"/>
          <line num="65" count="7515" type="stmt"/>
          <line num="73" count="8216" type="stmt"/>
          <line num="74" count="8216" type="stmt"/>
          <line num="75" count="8216" type="stmt"/>
          <line num="77" count="8216" type="cond" truecount="1" falsecount="1"/>
          <line num="78" count="0" type="stmt"/>
          <line num="79" count="0" type="stmt"/>
          <line num="87" count="3" type="cond" truecount="1" falsecount="1"/>
          <line num="88" count="3" type="cond" truecount="2" falsecount="0"/>
          <line num="89" count="3" type="stmt"/>
          <line num="90" count="3" type="stmt"/>
          <line num="92" count="3" type="stmt"/>
          <line num="96" count="24476" type="stmt"/>
          <line num="97" count="86214" type="stmt"/>
          <line num="102" count="4025" type="cond" truecount="2" falsecount="0"/>
          <line num="103" count="116648" type="stmt"/>
          <line num="106" count="4025" type="stmt"/>
          <line num="113" count="12626" type="stmt"/>
          <line num="114" count="12626" type="stmt"/>
          <line num="116" count="12626" type="stmt"/>
          <line num="117" count="25814" type="stmt"/>
          <line num="118" count="25814" type="stmt"/>
          <line num="122" count="12626" type="cond" truecount="2" falsecount="0"/>
          <line num="123" count="8503" type="stmt"/>
          <line num="125" count="8492" type="stmt"/>
          <line num="126" count="8492" type="stmt"/>
          <line num="128" count="5" type="stmt"/>
          <line num="129" count="5" type="stmt"/>
          <line num="131" count="6" type="stmt"/>
          <line num="132" count="6" type="stmt"/>
          <line num="135" count="8503" type="stmt"/>
          <line num="141" count="12626" type="cond" truecount="2" falsecount="0"/>
          <line num="142" count="4112" type="stmt"/>
          <line num="143" count="8215" type="stmt"/>
          <line num="144" count="8215" type="stmt"/>
          <line num="147" count="4112" type="cond" truecount="2" falsecount="0"/>
          <line num="148" count="1" type="stmt"/>
          <line num="150" count="4112" type="stmt"/>
          <line num="153" count="8514" type="stmt"/>
          <line num="158" count="3594" type="stmt"/>
          <line num="161" count="3594" type="stmt"/>
          <line num="163" count="3594" type="stmt"/>
          <line num="164" count="3595" type="stmt"/>
          <line num="165" count="3595" type="stmt"/>
          <line num="168" count="3594" type="stmt"/>
          <line num="175" count="7133" type="stmt"/>
          <line num="177" count="7133" type="stmt"/>
          <line num="178" count="25493" type="stmt"/>
          <line num="179" count="25493" type="stmt"/>
          <line num="183" count="7133" type="cond" truecount="2" falsecount="0"/>
          <line num="184" count="1" type="stmt"/>
          <line num="186" count="7132" type="stmt"/>
          <line num="193" count="1162" type="stmt"/>
          <line num="196" count="1162" type="stmt"/>
          <line num="198" count="1162" type="cond" truecount="2" falsecount="0"/>
          <line num="199" count="13902" type="stmt"/>
          <line num="200" count="13902" type="stmt"/>
          <line num="203" count="1162" type="cond" truecount="2" falsecount="0"/>
          <line num="204" count="1" type="stmt"/>
          <line num="206" count="1161" type="stmt"/>
          <line num="210" count="20451" type="stmt"/>
          <line num="212" count="20451" type="cond" truecount="2" falsecount="0"/>
          <line num="213" count="4025" type="stmt"/>
          <line num="215" count="20451" type="stmt"/>
          <line num="216" count="20451" type="stmt"/>
          <line num="219" count="20451" type="cond" truecount="2" falsecount="0"/>
          <line num="220" count="12626" type="stmt"/>
          <line num="221" count="12626" type="cond" truecount="2" falsecount="0"/>
          <line num="222" count="8514" type="stmt"/>
          <line num="225" count="11937" type="cond" truecount="2" falsecount="0"/>
          <line num="226" count="7133" type="stmt"/>
          <line num="227" count="7132" type="cond" truecount="2" falsecount="0"/>
          <line num="228" count="7132" type="stmt"/>
          <line num="231" count="4804" type="cond" truecount="2" falsecount="0"/>
          <line num="232" count="1162" type="stmt"/>
          <line num="235" count="3642" type="cond" truecount="2" falsecount="0"/>
          <line num="236" count="3594" type="stmt"/>
          <line num="239" count="48" type="cond" truecount="2" falsecount="0"/>
          <line num="240" count="47" type="stmt"/>
          <line num="243" count="1" type="stmt"/>
        </file>
        <file name="LexerSymbol.ts" path="/home/dave/Documents/projects/web/chip8Emulator/src/LexerSymbol.ts">
          <metrics statements="11" coveredstatements="11" conditionals="0" coveredconditionals="0" methods="0" coveredmethods="0"/>
          <line num="2" count="3" type="stmt"/>
          <line num="3" count="3" type="stmt"/>
          <line num="4" count="3" type="stmt"/>
          <line num="6" count="3" type="stmt"/>
          <line num="7" count="3" type="stmt"/>
          <line num="8" count="3" type="stmt"/>
          <line num="9" count="3" type="stmt"/>
          <line num="10" count="3" type="stmt"/>
          <line num="11" count="3" type="stmt"/>
          <line num="12" count="3" type="stmt"/>
          <line num="13" count="3" type="stmt"/>
        </file>
        <file name="Opcode.ts" path="/home/dave/Documents/projects/web/chip8Emulator/src/Opcode.ts">
          <metrics statements="86" coveredstatements="81" conditionals="80" coveredconditionals="79" methods="12" coveredmethods="12"/>
          <line num="2" count="12" type="stmt"/>
          <line num="3" count="12" type="stmt"/>
          <line num="4" count="12" type="stmt"/>
          <line num="7" count="12" type="stmt"/>
          <line num="16" count="12" type="stmt"/>
          <line num="17" count="12" type="stmt"/>
          <line num="20" count="4348" type="stmt"/>
          <line num="21" count="4348" type="stmt"/>
          <line num="22" count="4348" type="stmt"/>
          <line num="23" count="4348" type="stmt"/>
          <line num="25" count="4348" type="stmt"/>
          <line num="26" count="4347" type="stmt"/>
          <line num="30" count="4069" type="stmt"/>
          <line num="31" count="8048" type="stmt"/>
          <line num="32" count="6725" type="stmt"/>
          <line num="34" count="4069" type="cond" truecount="2" falsecount="0"/>
          <line num="35" count="720" type="stmt"/>
          <line num="38" count="3349" type="stmt"/>
          <line num="42" count="4348" type="stmt"/>
          <line num="44" count="300" type="stmt"/>
          <line num="46" count="35" type="stmt"/>
          <line num="48" count="121" type="stmt"/>
          <line num="50" count="144" type="stmt"/>
          <line num="52" count="488" type="stmt"/>
          <line num="54" count="237" type="stmt"/>
          <line num="56" count="309" type="stmt"/>
          <line num="58" count="222" type="stmt"/>
          <line num="60" count="8" type="stmt"/>
          <line num="62" count="748" type="stmt"/>
          <line num="64" count="395" type="stmt"/>
          <line num="66" count="539" type="stmt"/>
          <line num="68" count="204" type="stmt"/>
          <line num="70" count="18" type="stmt"/>
          <line num="72" count="78" type="stmt"/>
          <line num="74" count="38" type="stmt"/>
          <line num="76" count="82" type="stmt"/>
          <line num="78" count="65" type="stmt"/>
          <line num="80" count="21" type="stmt"/>
          <line num="82" count="9" type="stmt"/>
          <line num="84" count="24" type="stmt"/>
          <line num="86" count="0" type="stmt"/>
          <line num="88" count="9" type="stmt"/>
          <line num="90" count="284" type="stmt"/>
          <line num="92" count="2" type="stmt"/>
          <line num="94" count="39" type="stmt"/>
          <line num="96" count="342" type="stmt"/>
          <line num="98" count="72" type="stmt"/>
          <line num="100" count="15" type="stmt"/>
          <line num="102" count="57" type="stmt"/>
          <line num="104" count="0" type="stmt"/>
          <line num="106" count="354" type="stmt"/>
          <line num="108" count="26" type="stmt"/>
          <line num="110" count="16" type="stmt"/>
          <line num="112" count="25" type="stmt"/>
          <line num="114" count="25" type="stmt"/>
          <line num="116" count="73" type="stmt"/>
          <line num="118" count="56" type="stmt"/>
          <line num="120" count="19" type="stmt"/>
          <line num="122" count="45" type="stmt"/>
          <line num="124" count="69" type="stmt"/>
          <line num="126" count="0" type="stmt"/>
          <line num="129" count="144" type="cond" truecount="2" falsecount="0"/>
          <line num="130" count="1" type="stmt"/>
          <line num="132" count="143" type="stmt"/>
          <line num="137" count="4347" type="stmt"/>
          <line num="140" count="156" type="stmt"/>
          <line num="143" count="725" type="stmt"/>
          <line num="146" count="286" type="stmt"/>
          <line num="157" count="2224" type="cond" truecount="2" falsecount="0"/>
          <line num="160" count="1713" type="stmt"/>
          <line num="161" count="511" type="cond" truecount="1" falsecount="1"/>
          <line num="164" count="511" type="stmt"/>
          <line num="166" count="0" type="stmt"/>
          <line num="178" count="357" type="stmt"/>
          <line num="181" count="114" type="stmt"/>
          <line num="183" count="342" type="stmt"/>
          <line num="185" count="143" type="stmt"/>
          <line num="188" count="0" type="stmt"/>
          <line num="192" count="342" type="stmt"/>
          <line num="200" count="1011" type="cond" truecount="2" falsecount="0"/>
          <line num="201" count="725" type="stmt"/>
          <line num="203" count="1011" type="stmt"/>
          <line num="209" count="1713" type="stmt"/>
          <line num="216" count="511" type="stmt"/>
          <line num="223" count="357" type="stmt"/>
          <line num="229" count="114" type="stmt"/>
        </file>
        <file name="Token.ts" path="/home/dave/Documents/projects/web/chip8Emulator/src/Token.ts">
          <metrics statements="16" coveredstatements="15" conditionals="6" coveredconditionals="5" methods="6" coveredmethods="6"/>
          <line num="2" count="16" type="stmt"/>
          <line num="4" count="16" type="stmt"/>
          <line num="11" count="42653" type="stmt"/>
          <line num="12" count="42653" type="stmt"/>
          <line num="13" count="42653" type="stmt"/>
          <line num="14" count="42653" type="stmt"/>
          <line num="18" count="32035" type="stmt"/>
          <line num="22" count="3" type="stmt"/>
          <line num="26" count="4847" type="stmt"/>
          <line num="30" count="21183" type="stmt"/>
          <line num="32" count="3627" type="stmt"/>
          <line num="34" count="9249" type="stmt"/>
          <line num="36" count="1161" type="stmt"/>
          <line num="38" count="0" type="stmt"/>
          <line num="41" count="7146" type="stmt"/>
          <line num="46" count="2" type="stmt"/>
        </file>
      </package>
      <package name="src.asmInstructions">
        <metrics statements="198" coveredstatements="189" conditionals="84" coveredconditionals="76" methods="29" coveredmethods="29"/>
        <file name="AsmInstruction.ts" path="/home/dave/Documents/projects/web/chip8Emulator/src/asmInstructions/AsmInstruction.ts">
          <metrics statements="24" coveredstatements="23" conditionals="12" coveredconditionals="11" methods="7" coveredmethods="7"/>
          <line num="1" count="3" type="stmt"/>
          <line num="3" count="3" type="stmt"/>
          <line num="7" count="3" type="stmt"/>
          <line num="14" count="4039" type="stmt"/>
          <line num="16" count="4039" type="stmt"/>
          <line num="28" count="4039" type="stmt"/>
          <line num="32" count="6682" type="cond" truecount="4" falsecount="0"/>
          <line num="33" count="2" type="stmt"/>
          <line num="35" count="6680" type="stmt"/>
          <line num="39" count="716" type="stmt"/>
          <line num="41" count="716" type="cond" truecount="4" falsecount="0"/>
          <line num="42" count="2" type="stmt"/>
          <line num="44" count="714" type="cond" truecount="1" falsecount="1"/>
          <line num="45" count="0" type="stmt"/>
          <line num="47" count="714" type="stmt"/>
          <line num="51" count="4027" type="stmt"/>
          <line num="52" count="4025" type="stmt"/>
          <line num="53" count="4025" type="stmt"/>
          <line num="56" count="4025" type="stmt"/>
          <line num="63" count="4025" type="stmt"/>
          <line num="64" count="12312" type="stmt"/>
          <line num="65" count="12312" type="stmt"/>
          <line num="73" count="5677" type="cond" truecount="2" falsecount="0"/>
          <line num="74" count="2" type="stmt"/>
        </file>
        <file name="AssembleNNN.ts" path="/home/dave/Documents/projects/web/chip8Emulator/src/asmInstructions/AssembleNNN.ts">
          <metrics statements="17" coveredstatements="14" conditionals="5" coveredconditionals="3" methods="3" coveredmethods="3"/>
          <line num="1" count="2" type="stmt"/>
          <line num="2" count="2" type="stmt"/>
          <line num="3" count="2" type="stmt"/>
          <line num="7" count="2" type="stmt"/>
          <line num="8" count="999" type="stmt"/>
          <line num="14" count="996" type="stmt"/>
          <line num="16" count="481" type="stmt"/>
          <line num="17" count="481" type="stmt"/>
          <line num="19" count="232" type="stmt"/>
          <line num="20" count="232" type="stmt"/>
          <line num="22" count="283" type="stmt"/>
          <line num="23" count="283" type="stmt"/>
          <line num="25" count="0" type="stmt"/>
          <line num="26" count="0" type="stmt"/>
          <line num="28" count="0" type="stmt"/>
          <line num="33" count="996" type="stmt"/>
          <line num="35" count="996" type="stmt"/>
        </file>
        <file name="AssembleNOOP.ts" path="/home/dave/Documents/projects/web/chip8Emulator/src/asmInstructions/AssembleNOOP.ts">
          <metrics statements="6" coveredstatements="6" conditionals="0" coveredconditionals="0" methods="3" coveredmethods="3"/>
          <line num="1" count="2" type="stmt"/>
          <line num="5" count="2" type="stmt"/>
          <line num="6" count="3" type="stmt"/>
          <line num="15" count="1" type="stmt"/>
          <line num="17" count="1" type="stmt"/>
          <line num="18" count="1" type="stmt"/>
        </file>
        <file name="AssembleNoVar.ts" path="/home/dave/Documents/projects/web/chip8Emulator/src/asmInstructions/AssembleNoVar.ts">
          <metrics statements="11" coveredstatements="10" conditionals="3" coveredconditionals="2" methods="3" coveredmethods="3"/>
          <line num="1" count="2" type="stmt"/>
          <line num="2" count="2" type="stmt"/>
          <line num="3" count="2" type="stmt"/>
          <line num="7" count="2" type="stmt"/>
          <line num="8" count="143" type="stmt"/>
          <line num="14" count="142" type="stmt"/>
          <line num="16" count="27" type="stmt"/>
          <line num="17" count="27" type="stmt"/>
          <line num="19" count="115" type="stmt"/>
          <line num="20" count="115" type="stmt"/>
          <line num="22" count="0" type="stmt"/>
        </file>
        <file name="AssembleX.ts" path="/home/dave/Documents/projects/web/chip8Emulator/src/asmInstructions/AssembleX.ts">
          <metrics statements="57" coveredstatements="56" conditionals="14" coveredconditionals="13" methods="3" coveredmethods="3"/>
          <line num="1" count="2" type="stmt"/>
          <line num="2" count="2" type="stmt"/>
          <line num="3" count="2" type="stmt"/>
          <line num="7" count="2" type="stmt"/>
          <line num="8" count="436" type="stmt"/>
          <line num="14" count="436" type="stmt"/>
          <line num="16" count="18" type="stmt"/>
          <line num="17" count="18" type="stmt"/>
          <line num="18" count="18" type="stmt"/>
          <line num="20" count="20" type="stmt"/>
          <line num="21" count="20" type="stmt"/>
          <line num="22" count="20" type="stmt"/>
          <line num="24" count="10" type="stmt"/>
          <line num="25" count="10" type="stmt"/>
          <line num="26" count="10" type="stmt"/>
          <line num="27" count="10" type="stmt"/>
          <line num="29" count="52" type="stmt"/>
          <line num="30" count="52" type="stmt"/>
          <line num="31" count="52" type="stmt"/>
          <line num="32" count="52" type="stmt"/>
          <line num="34" count="22" type="stmt"/>
          <line num="35" count="22" type="stmt"/>
          <line num="36" count="22" type="stmt"/>
          <line num="38" count="15" type="stmt"/>
          <line num="39" count="15" type="stmt"/>
          <line num="40" count="15" type="stmt"/>
          <line num="42" count="24" type="stmt"/>
          <line num="43" count="24" type="stmt"/>
          <line num="44" count="24" type="stmt"/>
          <line num="45" count="24" type="stmt"/>
          <line num="47" count="24" type="stmt"/>
          <line num="48" count="24" type="stmt"/>
          <line num="49" count="24" type="stmt"/>
          <line num="50" count="24" type="stmt"/>
          <line num="52" count="71" type="stmt"/>
          <line num="53" count="71" type="stmt"/>
          <line num="54" count="71" type="stmt"/>
          <line num="55" count="71" type="stmt"/>
          <line num="57" count="54" type="stmt"/>
          <line num="58" count="54" type="stmt"/>
          <line num="59" count="54" type="stmt"/>
          <line num="60" count="54" type="stmt"/>
          <line num="62" count="18" type="stmt"/>
          <line num="63" count="18" type="stmt"/>
          <line num="64" count="18" type="stmt"/>
          <line num="65" count="18" type="stmt"/>
          <line num="67" count="43" type="stmt"/>
          <line num="68" count="43" type="stmt"/>
          <line num="69" count="43" type="stmt"/>
          <line num="70" count="43" type="stmt"/>
          <line num="72" count="65" type="stmt"/>
          <line num="73" count="65" type="stmt"/>
          <line num="74" count="65" type="stmt"/>
          <line num="75" count="65" type="stmt"/>
          <line num="77" count="0" type="stmt"/>
          <line num="83" count="436" type="stmt"/>
          <line num="85" count="436" type="stmt"/>
        </file>
        <file name="AssembleXKK.ts" path="/home/dave/Documents/projects/web/chip8Emulator/src/asmInstructions/AssembleXKK.ts">
          <metrics statements="21" coveredstatements="20" conditionals="6" coveredconditionals="5" methods="3" coveredmethods="3"/>
          <line num="1" count="2" type="stmt"/>
          <line num="2" count="2" type="stmt"/>
          <line num="3" count="2" type="stmt"/>
          <line num="7" count="2" type="stmt"/>
          <line num="8" count="1652" type="stmt"/>
          <line num="14" count="1650" type="stmt"/>
          <line num="16" count="255" type="stmt"/>
          <line num="17" count="255" type="stmt"/>
          <line num="19" count="217" type="stmt"/>
          <line num="20" count="217" type="stmt"/>
          <line num="22" count="748" type="stmt"/>
          <line num="23" count="748" type="stmt"/>
          <line num="25" count="393" type="stmt"/>
          <line num="26" count="393" type="stmt"/>
          <line num="28" count="37" type="stmt"/>
          <line num="29" count="37" type="stmt"/>
          <line num="31" count="0" type="stmt"/>
          <line num="37" count="1650" type="stmt"/>
          <line num="39" count="1650" type="stmt"/>
          <line num="41" count="1650" type="stmt"/>
          <line num="42" count="1650" type="stmt"/>
        </file>
        <file name="AssembleXY.ts" path="/home/dave/Documents/projects/web/chip8Emulator/src/asmInstructions/AssembleXY.ts">
          <metrics statements="34" coveredstatements="33" conditionals="10" coveredconditionals="9" methods="3" coveredmethods="3"/>
          <line num="1" count="2" type="stmt"/>
          <line num="2" count="2" type="stmt"/>
          <line num="3" count="2" type="stmt"/>
          <line num="7" count="2" type="stmt"/>
          <line num="8" count="468" type="stmt"/>
          <line num="14" count="468" type="stmt"/>
          <line num="16" count="5" type="stmt"/>
          <line num="17" count="5" type="stmt"/>
          <line num="19" count="191" type="stmt"/>
          <line num="20" count="191" type="stmt"/>
          <line num="22" count="16" type="stmt"/>
          <line num="23" count="16" type="stmt"/>
          <line num="24" count="16" type="stmt"/>
          <line num="26" count="76" type="stmt"/>
          <line num="27" count="76" type="stmt"/>
          <line num="28" count="76" type="stmt"/>
          <line num="30" count="36" type="stmt"/>
          <line num="31" count="36" type="stmt"/>
          <line num="32" count="36" type="stmt"/>
          <line num="34" count="72" type="stmt"/>
          <line num="35" count="72" type="stmt"/>
          <line num="36" count="72" type="stmt"/>
          <line num="38" count="61" type="stmt"/>
          <line num="39" count="61" type="stmt"/>
          <line num="40" count="61" type="stmt"/>
          <line num="42" count="5" type="stmt"/>
          <line num="43" count="5" type="stmt"/>
          <line num="44" count="5" type="stmt"/>
          <line num="46" count="6" type="stmt"/>
          <line num="47" count="6" type="stmt"/>
          <line num="49" count="0" type="stmt"/>
          <line num="54" count="468" type="stmt"/>
          <line num="56" count="468" type="stmt"/>
          <line num="57" count="468" type="stmt"/>
        </file>
        <file name="AssembleXYZ.ts" path="/home/dave/Documents/projects/web/chip8Emulator/src/asmInstructions/AssembleXYZ.ts">
          <metrics statements="8" coveredstatements="8" conditionals="0" coveredconditionals="0" methods="3" coveredmethods="3"/>
          <line num="1" count="2" type="stmt"/>
          <line num="5" count="2" type="stmt"/>
          <line num="6" count="331" type="stmt"/>
          <line num="12" count="331" type="stmt"/>
          <line num="16" count="331" type="stmt"/>
          <line num="18" count="331" type="stmt"/>
          <line num="19" count="331" type="stmt"/>
          <line num="20" count="331" type="stmt"/>
        </file>
        <file name="asmInstructionFactory.ts" path="/home/dave/Documents/projects/web/chip8Emulator/src/asmInstructions/asmInstructionFactory.ts">
          <metrics statements="20" coveredstatements="19" conditionals="34" coveredconditionals="33" methods="1" coveredmethods="1"/>
          <line num="2" count="2" type="stmt"/>
          <line num="3" count="2" type="stmt"/>
          <line num="4" count="2" type="stmt"/>
          <line num="6" count="2" type="stmt"/>
          <line num="7" count="2" type="stmt"/>
          <line num="8" count="2" type="stmt"/>
          <line num="9" count="2" type="stmt"/>
          <line num="10" count="2" type="stmt"/>
          <line num="12" count="2" type="stmt"/>
          <line num="13" count="4032" type="stmt"/>
          <line num="16" count="143" type="stmt"/>
          <line num="21" count="999" type="stmt"/>
          <line num="32" count="2120" type="stmt"/>
          <line num="34" count="2120" type="cond" truecount="2" falsecount="0"/>
          <line num="35" count="468" type="stmt"/>
          <line num="37" count="1652" type="stmt"/>
          <line num="52" count="436" type="stmt"/>
          <line num="54" count="331" type="stmt"/>
          <line num="56" count="3" type="stmt"/>
          <line num="58" count="0" type="stmt"/>
        </file>
      </package>
      <package name="src.cli.modules">
        <metrics statements="18" coveredstatements="16" conditionals="4" coveredconditionals="2" methods="8" coveredmethods="8"/>
        <file name="loadFile.ts" path="/home/dave/Documents/projects/web/chip8Emulator/src/cli/modules/loadFile.ts">
          <metrics statements="7" coveredstatements="6" conditionals="2" coveredconditionals="1" methods="3" coveredmethods="3"/>
          <line num="1" count="1" type="stmt"/>
          <line num="3" count="1" type="stmt"/>
          <line num="4" count="24" type="stmt"/>
          <line num="5" count="24" type="stmt"/>
          <line num="6" count="24" type="cond" truecount="1" falsecount="1"/>
          <line num="7" count="0" type="stmt"/>
          <line num="9" count="24" type="stmt"/>
        </file>
        <file name="readFilesInDirectory.ts" path="/home/dave/Documents/projects/web/chip8Emulator/src/cli/modules/readFilesInDirectory.ts">
          <metrics statements="11" coveredstatements="10" conditionals="2" coveredconditionals="1" methods="5" coveredmethods="5"/>
          <line num="1" count="1" type="stmt"/>
          <line num="2" count="1" type="stmt"/>
          <line num="8" count="1" type="stmt"/>
          <line num="9" count="1" type="stmt"/>
          <line num="10" count="1" type="stmt"/>
          <line num="11" count="1" type="cond" truecount="1" falsecount="1"/>
          <line num="12" count="0" type="stmt"/>
          <line num="14" count="1" type="stmt"/>
          <line num="15" count="24" type="stmt"/>
          <line num="16" count="24" type="stmt"/>
          <line num="18" count="1" type="stmt"/>
        </file>
      </package>
      <package name="src.emulator">
        <metrics statements="142" coveredstatements="139" conditionals="46" coveredconditionals="45" methods="30" coveredmethods="29"/>
        <file name="Chip8.ts" path="/home/dave/Documents/projects/web/chip8Emulator/src/emulator/Chip8.ts">
          <metrics statements="59" coveredstatements="59" conditionals="12" coveredconditionals="12" methods="11" coveredmethods="11"/>
          <line num="1" count="9" type="stmt"/>
          <line num="2" count="9" type="stmt"/>
          <line num="3" count="9" type="stmt"/>
          <line num="4" count="9" type="stmt"/>
          <line num="7" count="9" type="stmt"/>
          <line num="8" count="9" type="stmt"/>
          <line num="9" count="9" type="stmt"/>
          <line num="10" count="9" type="stmt"/>
          <line num="12" count="9" type="stmt"/>
          <line num="13" count="9" type="stmt"/>
          <line num="14" count="9" type="stmt"/>
          <line num="16" count="9" type="stmt"/>
          <line num="20" count="9" type="stmt"/>
          <line num="29" count="9" type="stmt"/>
          <line num="33" count="9" type="stmt"/>
          <line num="37" count="9" type="stmt"/>
          <line num="41" count="9" type="stmt"/>
          <line num="42" count="9" type="stmt"/>
          <line num="43" count="9" type="stmt"/>
          <line num="44" count="9" type="stmt"/>
          <line num="46" count="9" type="stmt"/>
          <line num="47" count="9" type="stmt"/>
          <line num="51" count="101" type="stmt"/>
          <line num="53" count="101" type="stmt"/>
          <line num="54" count="101" type="stmt"/>
          <line num="55" count="101" type="stmt"/>
          <line num="57" count="101" type="stmt"/>
          <line num="58" count="101" type="stmt"/>
          <line num="60" count="101" type="stmt"/>
          <line num="61" count="101" type="stmt"/>
          <line num="63" count="101" type="stmt"/>
          <line num="64" count="101" type="stmt"/>
          <line num="65" count="101" type="stmt"/>
          <line num="66" count="101" type="stmt"/>
          <line num="68" count="101" type="stmt"/>
          <line num="72" count="3" type="stmt"/>
          <line num="74" count="3" type="cond" truecount="2" falsecount="0"/>
          <line num="75" count="1" type="stmt"/>
          <line num="77" count="2" type="stmt"/>
          <line num="78" count="7" type="stmt"/>
          <line num="83" count="10" type="stmt"/>
          <line num="84" count="10" type="stmt"/>
          <line num="85" count="10" type="cond" truecount="2" falsecount="0"/>
          <line num="86" count="10" type="cond" truecount="2" falsecount="0"/>
          <line num="87" count="10" type="stmt"/>
          <line num="91" count="3" type="stmt"/>
          <line num="92" count="3" type="stmt"/>
          <line num="94" count="3" type="cond" truecount="2" falsecount="0"/>
          <line num="95" count="1" type="stmt"/>
          <line num="97" count="2" type="cond" truecount="4" falsecount="0"/>
          <line num="98" count="1" type="stmt"/>
          <line num="102" count="89" type="stmt"/>
          <line num="106" count="9" type="stmt"/>
          <line num="107" count="720" type="stmt"/>
          <line num="112" count="3" type="stmt"/>
          <line num="113" count="3" type="stmt"/>
          <line num="115" count="3" type="stmt"/>
          <line num="119" count="3" type="stmt"/>
          <line num="123" count="3" type="stmt"/>
        </file>
        <file name="GPU.ts" path="/home/dave/Documents/projects/web/chip8Emulator/src/emulator/GPU.ts">
          <metrics statements="28" coveredstatements="25" conditionals="11" coveredconditionals="10" methods="7" coveredmethods="6"/>
          <line num="4" count="11" type="stmt"/>
          <line num="5" count="11" type="stmt"/>
          <line num="6" count="11" type="stmt"/>
          <line num="7" count="11" type="stmt"/>
          <line num="14" count="16" type="stmt"/>
          <line num="15" count="16" type="stmt"/>
          <line num="16" count="16" type="cond" truecount="2" falsecount="0"/>
          <line num="17" count="2" type="stmt"/>
          <line num="22" count="12" type="cond" truecount="4" falsecount="0"/>
          <line num="23" count="1" type="stmt"/>
          <line num="27" count="102" type="stmt"/>
          <line num="28" count="208896" type="stmt"/>
          <line num="33" count="0" type="stmt"/>
          <line num="34" count="0" type="stmt"/>
          <line num="38" count="1" type="stmt"/>
          <line num="39" count="1" type="stmt"/>
          <line num="40" count="2048" type="stmt"/>
          <line num="41" count="2048" type="stmt"/>
          <line num="42" count="2048" type="stmt"/>
          <line num="44" count="2048" type="cond" truecount="2" falsecount="0"/>
          <line num="45" count="3" type="stmt"/>
          <line num="46" count="3" type="stmt"/>
          <line num="52" count="2" type="cond" truecount="1" falsecount="1"/>
          <line num="53" count="0" type="stmt"/>
          <line num="55" count="2" type="stmt"/>
          <line num="57" count="2" type="stmt"/>
          <line num="58" count="2" type="stmt"/>
          <line num="60" count="2" type="stmt"/>
        </file>
        <file name="Input.ts" path="/home/dave/Documents/projects/web/chip8Emulator/src/emulator/Input.ts">
          <metrics statements="21" coveredstatements="21" conditionals="11" coveredconditionals="11" methods="5" coveredmethods="5"/>
          <line num="5" count="10" type="stmt"/>
          <line num="6" count="14" type="stmt"/>
          <line num="8" count="14" type="stmt"/>
          <line num="10" count="14" type="stmt"/>
          <line num="18" count="14" type="cond" truecount="2" falsecount="0"/>
          <line num="19" count="11" type="stmt"/>
          <line num="21" count="3" type="stmt"/>
          <line num="22" count="3" type="stmt"/>
          <line num="26" count="3" type="cond" truecount="5" falsecount="0"/>
          <line num="29" count="1" type="stmt"/>
          <line num="30" count="1" type="stmt"/>
          <line num="35" count="3" type="stmt"/>
          <line num="39" count="5" type="stmt"/>
          <line num="40" count="5" type="cond" truecount="2" falsecount="0"/>
          <line num="41" count="1" type="stmt"/>
          <line num="43" count="4" type="stmt"/>
          <line num="44" count="4" type="stmt"/>
          <line num="48" count="4" type="stmt"/>
          <line num="49" count="4" type="cond" truecount="2" falsecount="0"/>
          <line num="50" count="1" type="stmt"/>
          <line num="52" count="3" type="stmt"/>
        </file>
        <file name="SPU.ts" path="/home/dave/Documents/projects/web/chip8Emulator/src/emulator/SPU.ts">
          <metrics statements="33" coveredstatements="33" conditionals="12" coveredconditionals="12" methods="7" coveredmethods="7"/>
          <line num="4" count="10" type="stmt"/>
          <line num="5" count="10" type="stmt"/>
          <line num="6" count="10" type="stmt"/>
          <line num="7" count="10" type="stmt"/>
          <line num="13" count="15" type="stmt"/>
          <line num="16" count="15" type="cond" truecount="2" falsecount="0"/>
          <line num="17" count="11" type="stmt"/>
          <line num="19" count="4" type="stmt"/>
          <line num="20" count="4" type="stmt"/>
          <line num="21" count="4" type="stmt"/>
          <line num="22" count="4" type="stmt"/>
          <line num="23" count="4" type="stmt"/>
          <line num="27" count="15" type="cond" truecount="2" falsecount="0"/>
          <line num="28" count="11" type="stmt"/>
          <line num="30" count="4" type="cond" truecount="2" falsecount="0"/>
          <line num="31" count="1" type="stmt"/>
          <line num="34" count="4" type="cond" truecount="4" falsecount="0"/>
          <line num="35" count="3" type="stmt"/>
          <line num="38" count="4" type="cond" truecount="2" falsecount="0"/>
          <line num="39" count="1" type="stmt"/>
          <line num="43" count="4" type="stmt"/>
          <line num="44" count="4" type="stmt"/>
          <line num="46" count="4" type="stmt"/>
          <line num="50" count="4" type="stmt"/>
          <line num="52" count="4" type="stmt"/>
          <line num="53" count="4" type="stmt"/>
          <line num="54" count="4" type="stmt"/>
          <line num="55" count="4" type="stmt"/>
          <line num="57" count="4" type="stmt"/>
          <line num="61" count="3" type="stmt"/>
          <line num="62" count="3" type="stmt"/>
          <line num="66" count="1" type="stmt"/>
          <line num="67" count="1" type="stmt"/>
        </file>
        <file name="fontSet.ts" path="/home/dave/Documents/projects/web/chip8Emulator/src/emulator/fontSet.ts">
          <metrics statements="1" coveredstatements="1" conditionals="0" coveredconditionals="0" methods="0" coveredmethods="0"/>
          <line num="1" count="9" type="stmt"/>
        </file>
      </package>
      <package name="src.emulator.opcodes">
        <metrics statements="207" coveredstatements="207" conditionals="22" coveredconditionals="22" methods="73" coveredmethods="73"/>
        <file name="display.ts" path="/home/dave/Documents/projects/web/chip8Emulator/src/emulator/opcodes/display.ts">
          <metrics statements="20" coveredstatements="20" conditionals="2" coveredconditionals="2" methods="2" coveredmethods="2"/>
          <line num="2" count="9" type="stmt"/>
          <line num="12" count="9" type="stmt"/>
          <line num="13" count="1" type="stmt"/>
          <line num="14" count="1" type="stmt"/>
          <line num="25" count="9" type="stmt"/>
          <line num="26" count="6" type="stmt"/>
          <line num="28" count="6" type="stmt"/>
          <line num="29" count="16" type="stmt"/>
          <line num="30" count="16" type="stmt"/>
          <line num="32" count="16" type="stmt"/>
          <line num="33" count="128" type="stmt"/>
          <line num="34" count="128" type="stmt"/>
          <line num="36" count="128" type="cond" truecount="2" falsecount="0"/>
          <line num="37" count="47" type="stmt"/>
          <line num="38" count="47" type="stmt"/>
          <line num="39" count="47" type="stmt"/>
          <line num="41" count="47" type="stmt"/>
          <line num="42" count="47" type="stmt"/>
          <line num="47" count="6" type="stmt"/>
          <line num="48" count="6" type="stmt"/>
        </file>
        <file name="flow.ts" path="/home/dave/Documents/projects/web/chip8Emulator/src/emulator/opcodes/flow.ts">
          <metrics statements="32" coveredstatements="32" conditionals="8" coveredconditionals="8" methods="8" coveredmethods="8"/>
          <line num="11" count="9" type="stmt"/>
          <line num="12" count="1" type="stmt"/>
          <line num="15" count="9" type="stmt"/>
          <line num="16" count="2" type="stmt"/>
          <line num="17" count="2" type="stmt"/>
          <line num="20" count="9" type="stmt"/>
          <line num="21" count="2" type="stmt"/>
          <line num="24" count="9" type="stmt"/>
          <line num="25" count="2" type="stmt"/>
          <line num="26" count="2" type="stmt"/>
          <line num="29" count="9" type="stmt"/>
          <line num="30" count="2" type="stmt"/>
          <line num="32" count="2" type="cond" truecount="2" falsecount="0"/>
          <line num="33" count="1" type="stmt"/>
          <line num="36" count="2" type="stmt"/>
          <line num="39" count="9" type="stmt"/>
          <line num="40" count="2" type="stmt"/>
          <line num="42" count="2" type="cond" truecount="2" falsecount="0"/>
          <line num="43" count="1" type="stmt"/>
          <line num="46" count="2" type="stmt"/>
          <line num="49" count="9" type="stmt"/>
          <line num="50" count="2" type="stmt"/>
          <line num="51" count="2" type="stmt"/>
          <line num="53" count="2" type="cond" truecount="2" falsecount="0"/>
          <line num="54" count="1" type="stmt"/>
          <line num="56" count="2" type="stmt"/>
          <line num="59" count="9" type="stmt"/>
          <line num="60" count="2" type="stmt"/>
          <line num="61" count="2" type="stmt"/>
          <line num="63" count="2" type="cond" truecount="2" falsecount="0"/>
          <line num="64" count="1" type="stmt"/>
          <line num="66" count="2" type="stmt"/>
        </file>
        <file name="index.ts" path="/home/dave/Documents/projects/web/chip8Emulator/src/emulator/opcodes/index.ts">
          <metrics statements="50" coveredstatements="50" conditionals="4" coveredconditionals="4" methods="38" coveredmethods="38"/>
          <line num="2" count="9" type="stmt"/>
          <line num="3" count="9" type="stmt"/>
          <line num="4" count="9" type="stmt"/>
          <line num="5" count="9" type="stmt"/>
          <line num="6" count="9" type="stmt"/>
          <line num="7" count="9" type="stmt"/>
          <line num="8" count="9" type="stmt"/>
          <line num="13" count="9" type="stmt"/>
          <line num="15" count="9" type="stmt"/>
          <line num="17" count="7" type="cond" truecount="2" falsecount="0"/>
          <line num="18" count="4" type="stmt"/>
          <line num="20" count="3" type="stmt"/>
          <line num="24" count="1" type="stmt"/>
          <line num="26" count="5" type="stmt"/>
          <line num="27" count="1" type="stmt"/>
          <line num="28" count="1" type="stmt"/>
          <line num="30" count="1" type="stmt"/>
          <line num="31" count="1" type="stmt"/>
          <line num="32" count="1" type="stmt"/>
          <line num="34" count="1" type="stmt"/>
          <line num="35" count="1" type="stmt"/>
          <line num="38" count="2" type="cond" truecount="2" falsecount="0"/>
          <line num="39" count="1" type="stmt"/>
          <line num="41" count="1" type="stmt"/>
          <line num="44" count="1" type="stmt"/>
          <line num="45" count="1" type="stmt"/>
          <line num="46" count="1" type="stmt"/>
          <line num="47" count="1" type="stmt"/>
          <line num="48" count="1" type="stmt"/>
          <line num="49" count="1" type="stmt"/>
          <line num="50" count="1" type="stmt"/>
          <line num="51" count="1" type="stmt"/>
          <line num="53" count="1" type="stmt"/>
          <line num="55" count="1" type="stmt"/>
          <line num="57" count="1" type="stmt"/>
          <line num="59" count="1" type="stmt"/>
          <line num="61" count="2" type="stmt"/>
          <line num="63" count="1" type="stmt"/>
          <line num="64" count="1" type="stmt"/>
          <line num="65" count="1" type="stmt"/>
          <line num="67" count="1" type="stmt"/>
          <line num="68" count="1" type="stmt"/>
          <line num="70" count="1" type="stmt"/>
          <line num="72" count="1" type="stmt"/>
          <line num="73" count="1" type="stmt"/>
          <line num="75" count="1" type="stmt"/>
          <line num="77" count="1" type="stmt"/>
          <line num="79" count="1" type="stmt"/>
          <line num="81" count="1" type="stmt"/>
          <line num="82" count="1" type="stmt"/>
        </file>
        <file name="key.ts" path="/home/dave/Documents/projects/web/chip8Emulator/src/emulator/opcodes/key.ts">
          <metrics statements="16" coveredstatements="16" conditionals="4" coveredconditionals="4" methods="4" coveredmethods="4"/>
          <line num="11" count="9" type="stmt"/>
          <line num="12" count="2" type="stmt"/>
          <line num="14" count="2" type="cond" truecount="2" falsecount="0"/>
          <line num="15" count="1" type="stmt"/>
          <line num="17" count="2" type="stmt"/>
          <line num="23" count="9" type="stmt"/>
          <line num="24" count="2" type="stmt"/>
          <line num="26" count="2" type="cond" truecount="2" falsecount="0"/>
          <line num="27" count="1" type="stmt"/>
          <line num="29" count="2" type="stmt"/>
          <line num="32" count="9" type="stmt"/>
          <line num="33" count="3" type="stmt"/>
          <line num="34" count="3" type="stmt"/>
          <line num="35" count="1" type="stmt"/>
          <line num="36" count="1" type="stmt"/>
          <line num="39" count="3" type="stmt"/>
        </file>
        <file name="math.ts" path="/home/dave/Documents/projects/web/chip8Emulator/src/emulator/opcodes/math.ts">
          <metrics statements="52" coveredstatements="52" conditionals="4" coveredconditionals="4" methods="11" coveredmethods="11"/>
          <line num="13" count="9" type="stmt"/>
          <line num="14" count="2" type="stmt"/>
          <line num="15" count="2" type="stmt"/>
          <line num="17" count="2" type="stmt"/>
          <line num="19" count="2" type="stmt"/>
          <line num="27" count="9" type="stmt"/>
          <line num="28" count="2" type="stmt"/>
          <line num="29" count="2" type="stmt"/>
          <line num="31" count="2" type="stmt"/>
          <line num="32" count="2" type="stmt"/>
          <line num="40" count="9" type="stmt"/>
          <line num="41" count="2" type="stmt"/>
          <line num="42" count="2" type="stmt"/>
          <line num="44" count="2" type="stmt"/>
          <line num="46" count="2" type="stmt"/>
          <line num="55" count="9" type="stmt"/>
          <line num="56" count="4" type="stmt"/>
          <line num="57" count="4" type="stmt"/>
          <line num="59" count="4" type="stmt"/>
          <line num="60" count="4" type="stmt"/>
          <line num="62" count="4" type="stmt"/>
          <line num="71" count="9" type="stmt"/>
          <line num="72" count="4" type="stmt"/>
          <line num="73" count="4" type="stmt"/>
          <line num="75" count="4" type="stmt"/>
          <line num="76" count="4" type="stmt"/>
          <line num="78" count="4" type="stmt"/>
          <line num="87" count="9" type="stmt"/>
          <line num="88" count="5" type="stmt"/>
          <line num="90" count="5" type="stmt"/>
          <line num="91" count="5" type="stmt"/>
          <line num="93" count="5" type="stmt"/>
          <line num="101" count="9" type="stmt"/>
          <line num="102" count="4" type="stmt"/>
          <line num="103" count="4" type="stmt"/>
          <line num="105" count="4" type="cond" truecount="2" falsecount="0"/>
          <line num="106" count="4" type="stmt"/>
          <line num="108" count="4" type="stmt"/>
          <line num="117" count="9" type="stmt"/>
          <line num="118" count="5" type="stmt"/>
          <line num="120" count="5" type="cond" truecount="2" falsecount="0"/>
          <line num="121" count="5" type="stmt"/>
          <line num="123" count="5" type="stmt"/>
          <line num="129" count="9" type="stmt"/>
          <line num="130" count="2" type="stmt"/>
          <line num="132" count="2" type="stmt"/>
          <line num="138" count="9" type="stmt"/>
          <line num="139" count="2" type="stmt"/>
          <line num="141" count="2" type="stmt"/>
          <line num="147" count="9" type="stmt"/>
          <line num="148" count="2" type="stmt"/>
          <line num="150" count="2" type="stmt"/>
        </file>
        <file name="memory.ts" path="/home/dave/Documents/projects/web/chip8Emulator/src/emulator/opcodes/memory.ts">
          <metrics statements="24" coveredstatements="24" conditionals="0" coveredconditionals="0" methods="6" coveredmethods="6"/>
          <line num="11" count="9" type="stmt"/>
          <line num="12" count="2" type="stmt"/>
          <line num="14" count="2" type="stmt"/>
          <line num="17" count="9" type="stmt"/>
          <line num="18" count="2" type="stmt"/>
          <line num="20" count="2" type="stmt"/>
          <line num="26" count="9" type="stmt"/>
          <line num="27" count="2" type="stmt"/>
          <line num="30" count="2" type="stmt"/>
          <line num="32" count="2" type="stmt"/>
          <line num="38" count="9" type="stmt"/>
          <line num="39" count="3" type="stmt"/>
          <line num="40" count="21" type="stmt"/>
          <line num="42" count="3" type="stmt"/>
          <line num="48" count="9" type="stmt"/>
          <line num="49" count="3" type="stmt"/>
          <line num="50" count="28" type="stmt"/>
          <line num="52" count="3" type="stmt"/>
          <line num="58" count="9" type="stmt"/>
          <line num="59" count="2" type="stmt"/>
          <line num="61" count="2" type="stmt"/>
          <line num="62" count="2" type="stmt"/>
          <line num="63" count="2" type="stmt"/>
          <line num="65" count="2" type="stmt"/>
        </file>
        <file name="rand.ts" path="/home/dave/Documents/projects/web/chip8Emulator/src/emulator/opcodes/rand.ts">
          <metrics statements="4" coveredstatements="4" conditionals="0" coveredconditionals="0" methods="1" coveredmethods="1"/>
          <line num="4" count="9" type="stmt"/>
          <line num="5" count="2" type="stmt"/>
          <line num="6" count="2" type="stmt"/>
          <line num="8" count="2" type="stmt"/>
        </file>
        <file name="timer.ts" path="/home/dave/Documents/projects/web/chip8Emulator/src/emulator/opcodes/timer.ts">
          <metrics statements="9" coveredstatements="9" conditionals="0" coveredconditionals="0" methods="3" coveredmethods="3"/>
          <line num="11" count="9" type="stmt"/>
          <line num="12" count="2" type="stmt"/>
          <line num="14" count="2" type="stmt"/>
          <line num="20" count="9" type="stmt"/>
          <line num="21" count="2" type="stmt"/>
          <line num="23" count="2" type="stmt"/>
          <line num="29" count="9" type="stmt"/>
          <line num="30" count="2" type="stmt"/>
          <line num="32" count="2" type="stmt"/>
        </file>
      </package>
      <package name="src.errors">
        <metrics statements="37" coveredstatements="27" conditionals="8" coveredconditionals="6" methods="14" coveredmethods="6"/>
        <file name="AssemblerError.ts" path="/home/dave/Documents/projects/web/chip8Emulator/src/errors/AssemblerError.ts">
          <metrics statements="11" coveredstatements="6" conditionals="4" coveredconditionals="2" methods="4" coveredmethods="1"/>
          <line num="1" count="3" type="stmt"/>
          <line num="4" count="3" type="stmt"/>
          <line num="9" count="16" type="stmt"/>
          <line num="11" count="16" type="cond" truecount="2" falsecount="0"/>
          <line num="12" count="16" type="stmt"/>
          <line num="16" count="0" type="stmt"/>
          <line num="22" count="3" type="stmt"/>
          <line num="27" count="0" type="stmt"/>
          <line num="28" count="0" type="cond" truecount="0" falsecount="2"/>
          <line num="29" count="0" type="stmt"/>
          <line num="33" count="0" type="stmt"/>
        </file>
        <file name="Chip8Errors.ts" path="/home/dave/Documents/projects/web/chip8Emulator/src/errors/Chip8Errors.ts">
          <metrics statements="19" coveredstatements="15" conditionals="4" coveredconditionals="4" methods="8" coveredmethods="4"/>
          <line num="1" count="11" type="stmt"/>
          <line num="6" count="4" type="stmt"/>
          <line num="7" count="4" type="stmt"/>
          <line num="11" count="0" type="stmt"/>
          <line num="15" count="11" type="stmt"/>
          <line num="20" count="2" type="stmt"/>
          <line num="21" count="2" type="stmt"/>
          <line num="22" count="2" type="stmt"/>
          <line num="26" count="0" type="stmt"/>
          <line num="30" count="11" type="stmt"/>
          <line num="35" count="1" type="cond" truecount="2" falsecount="0"/>
          <line num="36" count="1" type="stmt"/>
          <line num="37" count="1" type="stmt"/>
          <line num="41" count="0" type="stmt"/>
          <line num="45" count="11" type="stmt"/>
          <line num="50" count="1" type="cond" truecount="2" falsecount="0"/>
          <line num="51" count="1" type="stmt"/>
          <line num="52" count="1" type="stmt"/>
          <line num="56" count="0" type="stmt"/>
        </file>
        <file name="LexerErrors.ts" path="/home/dave/Documents/projects/web/chip8Emulator/src/errors/LexerErrors.ts">
          <metrics statements="7" coveredstatements="6" conditionals="0" coveredconditionals="0" methods="2" coveredmethods="1"/>
          <line num="1" count="3" type="stmt"/>
          <line num="7" count="3" type="stmt"/>
          <line num="9" count="3" type="stmt"/>
          <line num="10" count="3" type="stmt"/>
          <line num="11" count="3" type="stmt"/>
          <line num="12" count="3" type="stmt"/>
          <line num="16" count="0" type="stmt"/>
        </file>
      </package>
      <package name="src.types">
        <metrics statements="38" coveredstatements="38" conditionals="2" coveredconditionals="2" methods="1" coveredmethods="1"/>
        <file name="Chip8Specs.ts" path="/home/dave/Documents/projects/web/chip8Emulator/src/types/Chip8Specs.ts">
          <metrics statements="5" coveredstatements="5" conditionals="0" coveredconditionals="0" methods="0" coveredmethods="0"/>
          <line num="1" count="12" type="stmt"/>
          <line num="2" count="12" type="stmt"/>
          <line num="3" count="12" type="stmt"/>
          <line num="4" count="12" type="stmt"/>
          <line num="5" count="12" type="stmt"/>
        </file>
        <file name="Instruction.ts" path="/home/dave/Documents/projects/web/chip8Emulator/src/types/Instruction.ts">
          <metrics statements="33" coveredstatements="33" conditionals="2" coveredconditionals="2" methods="1" coveredmethods="1"/>
          <line num="1" count="16" type="cond" truecount="2" falsecount="0"/>
          <line num="2" count="16" type="stmt"/>
          <line num="3" count="16" type="stmt"/>
          <line num="4" count="16" type="stmt"/>
          <line num="5" count="16" type="stmt"/>
          <line num="6" count="16" type="stmt"/>
          <line num="7" count="16" type="stmt"/>
          <line num="8" count="16" type="stmt"/>
          <line num="9" count="16" type="stmt"/>
          <line num="10" count="16" type="stmt"/>
          <line num="11" count="16" type="stmt"/>
          <line num="12" count="16" type="stmt"/>
          <line num="13" count="16" type="stmt"/>
          <line num="14" count="16" type="stmt"/>
          <line num="15" count="16" type="stmt"/>
          <line num="16" count="16" type="stmt"/>
          <line num="17" count="16" type="stmt"/>
          <line num="18" count="16" type="stmt"/>
          <line num="19" count="16" type="stmt"/>
          <line num="20" count="16" type="stmt"/>
          <line num="21" count="16" type="stmt"/>
          <line num="22" count="16" type="stmt"/>
          <line num="23" count="16" type="stmt"/>
          <line num="24" count="16" type="stmt"/>
          <line num="25" count="16" type="stmt"/>
          <line num="26" count="16" type="stmt"/>
          <line num="27" count="16" type="stmt"/>
          <line num="28" count="16" type="stmt"/>
          <line num="29" count="16" type="stmt"/>
          <line num="30" count="16" type="stmt"/>
          <line num="31" count="16" type="stmt"/>
          <line num="32" count="16" type="stmt"/>
          <line num="33" count="16" type="stmt"/>
        </file>
      </package>
      <package name="src.util">
        <metrics statements="19" coveredstatements="9" conditionals="14" coveredconditionals="0" methods="7" coveredmethods="3"/>
        <file name="OpcodeUtils.ts" path="/home/dave/Documents/projects/web/chip8Emulator/src/util/OpcodeUtils.ts">
          <metrics statements="19" coveredstatements="9" conditionals="14" coveredconditionals="0" methods="7" coveredmethods="3"/>
          <line num="4" count="16" type="stmt"/>
          <line num="5" count="4348" type="stmt"/>
          <line num="16" count="16" type="stmt"/>
          <line num="17" count="21772" type="stmt"/>
          <line num="21" count="16" type="cond" truecount="0" falsecount="1"/>
          <line num="22" count="0" type="stmt"/>
          <line num="25" count="16" type="stmt"/>
          <line num="26" count="4799" type="stmt"/>
          <line num="29" count="16" type="stmt"/>
          <line num="30" count="0" type="stmt"/>
          <line num="32" count="0" type="cond" truecount="0" falsecount="2"/>
          <line num="33" count="0" type="stmt"/>
          <line num="34" count="0" type="stmt"/>
          <line num="35" count="0" type="cond" truecount="0" falsecount="2"/>
          <line num="37" count="0" type="stmt"/>
          <line num="40" count="0" type="stmt"/>
          <line num="43" count="16" type="stmt"/>
          <line num="44" count="0" type="stmt"/>
          <line num="45" count="0" type="cond" truecount="0" falsecount="9"/>
        </file>
      </package>
    </metrics>
  </project>
</coverage>
