{"/Users/dcampion/Documents/lets-do-javascript/low-level/src/Opcode.ts": {"path":"/Users/dcampion/Documents/lets-do-javascript/low-level/src/Opcode.ts","statementMap":{"0":{"start":{"line":2,"column":0},"end":{"line":2,"column":62}},"1":{"start":{"line":4,"column":0},"end":{"line":4,"column":29}},"2":{"start":{"line":18,"column":8},"end":{"line":18,"column":32}},"3":{"start":{"line":19,"column":8},"end":{"line":19,"column":41}},"4":{"start":{"line":20,"column":8},"end":{"line":20,"column":83}},"5":{"start":{"line":21,"column":8},"end":{"line":21,"column":35}},"6":{"start":{"line":25,"column":28},"end":{"line":25,"column":95}},"7":{"start":{"line":26,"column":21},"end":{"line":26,"column":110}},"8":{"start":{"line":26,"column":44},"end":{"line":26,"column":60}},"9":{"start":{"line":28,"column":8},"end":{"line":28,"column":39}},"10":{"start":{"line":32,"column":8},"end":{"line":117,"column":9}},"11":{"start":{"line":34,"column":16},"end":{"line":39,"column":17}},"12":{"start":{"line":36,"column":24},"end":{"line":36,"column":47}},"13":{"start":{"line":38,"column":24},"end":{"line":38,"column":47}},"14":{"start":{"line":40,"column":16},"end":{"line":40,"column":22}},"15":{"start":{"line":42,"column":16},"end":{"line":42,"column":39}},"16":{"start":{"line":44,"column":16},"end":{"line":44,"column":39}},"17":{"start":{"line":46,"column":16},"end":{"line":46,"column":40}},"18":{"start":{"line":48,"column":16},"end":{"line":48,"column":40}},"19":{"start":{"line":50,"column":16},"end":{"line":50,"column":40}},"20":{"start":{"line":52,"column":16},"end":{"line":52,"column":39}},"21":{"start":{"line":54,"column":16},"end":{"line":54,"column":39}},"22":{"start":{"line":56,"column":16},"end":{"line":75,"column":17}},"23":{"start":{"line":58,"column":24},"end":{"line":58,"column":47}},"24":{"start":{"line":60,"column":24},"end":{"line":60,"column":46}},"25":{"start":{"line":62,"column":24},"end":{"line":62,"column":47}},"26":{"start":{"line":64,"column":24},"end":{"line":64,"column":47}},"27":{"start":{"line":66,"column":24},"end":{"line":66,"column":47}},"28":{"start":{"line":68,"column":24},"end":{"line":68,"column":47}},"29":{"start":{"line":70,"column":24},"end":{"line":70,"column":47}},"30":{"start":{"line":72,"column":24},"end":{"line":72,"column":47}},"31":{"start":{"line":74,"column":24},"end":{"line":74,"column":47}},"32":{"start":{"line":76,"column":16},"end":{"line":76,"column":22}},"33":{"start":{"line":78,"column":16},"end":{"line":78,"column":40}},"34":{"start":{"line":80,"column":16},"end":{"line":80,"column":39}},"35":{"start":{"line":82,"column":16},"end":{"line":82,"column":39}},"36":{"start":{"line":84,"column":16},"end":{"line":84,"column":40}},"37":{"start":{"line":86,"column":16},"end":{"line":86,"column":40}},"38":{"start":{"line":88,"column":16},"end":{"line":93,"column":17}},"39":{"start":{"line":90,"column":24},"end":{"line":90,"column":48}},"40":{"start":{"line":92,"column":24},"end":{"line":92,"column":48}},"41":{"start":{"line":94,"column":16},"end":{"line":94,"column":22}},"42":{"start":{"line":96,"column":16},"end":{"line":115,"column":17}},"43":{"start":{"line":98,"column":24},"end":{"line":98,"column":48}},"44":{"start":{"line":100,"column":24},"end":{"line":100,"column":47}},"45":{"start":{"line":102,"column":24},"end":{"line":102,"column":48}},"46":{"start":{"line":104,"column":24},"end":{"line":104,"column":48}},"47":{"start":{"line":106,"column":24},"end":{"line":106,"column":47}},"48":{"start":{"line":108,"column":24},"end":{"line":108,"column":48}},"49":{"start":{"line":110,"column":24},"end":{"line":110,"column":47}},"50":{"start":{"line":112,"column":24},"end":{"line":112,"column":47}},"51":{"start":{"line":114,"column":24},"end":{"line":114,"column":47}},"52":{"start":{"line":116,"column":16},"end":{"line":116,"column":22}},"53":{"start":{"line":119,"column":8},"end":{"line":119,"column":82}},"54":{"start":{"line":123,"column":8},"end":{"line":169,"column":9}},"55":{"start":{"line":126,"column":16},"end":{"line":126,"column":26}},"56":{"start":{"line":129,"column":16},"end":{"line":129,"column":46}},"57":{"start":{"line":132,"column":16},"end":{"line":132,"column":47}},"58":{"start":{"line":143,"column":16},"end":{"line":151,"column":17}},"59":{"start":{"line":146,"column":20},"end":{"line":146,"column":46}},"60":{"start":{"line":147,"column":23},"end":{"line":151,"column":17}},"61":{"start":{"line":150,"column":20},"end":{"line":150,"column":44}},"62":{"start":{"line":152,"column":16},"end":{"line":152,"column":22}},"63":{"start":{"line":166,"column":16},"end":{"line":166,"column":40}},"64":{"start":{"line":168,"column":16},"end":{"line":168,"column":42}},"65":{"start":{"line":171,"column":8},"end":{"line":171,"column":75}},"66":{"start":{"line":175,"column":8},"end":{"line":179,"column":10}},"67":{"start":{"line":183,"column":8},"end":{"line":184,"column":95}},"68":{"start":{"line":184,"column":12},"end":{"line":184,"column":95}},"69":{"start":{"line":186,"column":8},"end":{"line":188,"column":10}},"70":{"start":{"line":192,"column":8},"end":{"line":195,"column":10}},"71":{"start":{"line":199,"column":8},"end":{"line":202,"column":10}},"72":{"start":{"line":206,"column":8},"end":{"line":208,"column":10}},"73":{"start":{"line":14,"column":11},"end":{"line":14,"column":43}},"74":{"start":{"line":15,"column":11},"end":{"line":15,"column":42}},"75":{"start":{"line":7,"column":0},"end":{"line":210,"column":1}}},"fnMap":{"0":{"name":"(anonymous_0)","decl":{"start":{"line":17,"column":4},"end":{"line":17,"column":15}},"loc":{"start":{"line":17,"column":30},"end":{"line":22,"column":5}}},"1":{"name":"(anonymous_1)","decl":{"start":{"line":24,"column":4},"end":{"line":24,"column":11}},"loc":{"start":{"line":24,"column":12},"end":{"line":29,"column":5}}},"2":{"name":"(anonymous_2)","decl":{"start":{"line":26,"column":35},"end":{"line":26,"column":39}},"loc":{"start":{"line":26,"column":44},"end":{"line":26,"column":60}}},"3":{"name":"(anonymous_3)","decl":{"start":{"line":31,"column":12},"end":{"line":31,"column":25}},"loc":{"start":{"line":31,"column":26},"end":{"line":120,"column":5}}},"4":{"name":"(anonymous_4)","decl":{"start":{"line":122,"column":12},"end":{"line":122,"column":18}},"loc":{"start":{"line":122,"column":19},"end":{"line":172,"column":5}}},"5":{"name":"(anonymous_5)","decl":{"start":{"line":174,"column":12},"end":{"line":174,"column":22}},"loc":{"start":{"line":174,"column":23},"end":{"line":180,"column":5}}},"6":{"name":"(anonymous_6)","decl":{"start":{"line":182,"column":12},"end":{"line":182,"column":22}},"loc":{"start":{"line":182,"column":41},"end":{"line":189,"column":5}}},"7":{"name":"(anonymous_7)","decl":{"start":{"line":191,"column":12},"end":{"line":191,"column":22}},"loc":{"start":{"line":191,"column":23},"end":{"line":196,"column":5}}},"8":{"name":"(anonymous_8)","decl":{"start":{"line":198,"column":12},"end":{"line":198,"column":21}},"loc":{"start":{"line":198,"column":22},"end":{"line":203,"column":5}}},"9":{"name":"(anonymous_9)","decl":{"start":{"line":205,"column":12},"end":{"line":205,"column":20}},"loc":{"start":{"line":205,"column":21},"end":{"line":209,"column":5}}}},"branchMap":{"0":{"loc":{"start":{"line":33,"column":12},"end":{"line":40,"column":22}},"type":"switch","locations":[{"start":{"line":33,"column":12},"end":{"line":40,"column":22}},{"start":{"line":41,"column":12},"end":{"line":42,"column":39}},{"start":{"line":43,"column":12},"end":{"line":44,"column":39}},{"start":{"line":45,"column":12},"end":{"line":46,"column":40}},{"start":{"line":47,"column":12},"end":{"line":48,"column":40}},{"start":{"line":49,"column":12},"end":{"line":50,"column":40}},{"start":{"line":51,"column":12},"end":{"line":52,"column":39}},{"start":{"line":53,"column":12},"end":{"line":54,"column":39}},{"start":{"line":55,"column":12},"end":{"line":76,"column":22}},{"start":{"line":77,"column":12},"end":{"line":78,"column":40}},{"start":{"line":79,"column":12},"end":{"line":80,"column":39}},{"start":{"line":81,"column":12},"end":{"line":82,"column":39}},{"start":{"line":83,"column":12},"end":{"line":84,"column":40}},{"start":{"line":85,"column":12},"end":{"line":86,"column":40}},{"start":{"line":87,"column":12},"end":{"line":94,"column":22}},{"start":{"line":95,"column":12},"end":{"line":116,"column":22}}]},"1":{"loc":{"start":{"line":35,"column":20},"end":{"line":36,"column":47}},"type":"switch","locations":[{"start":{"line":35,"column":20},"end":{"line":36,"column":47}},{"start":{"line":37,"column":20},"end":{"line":38,"column":47}}]},"2":{"loc":{"start":{"line":57,"column":20},"end":{"line":58,"column":47}},"type":"switch","locations":[{"start":{"line":57,"column":20},"end":{"line":58,"column":47}},{"start":{"line":59,"column":20},"end":{"line":60,"column":46}},{"start":{"line":61,"column":20},"end":{"line":62,"column":47}},{"start":{"line":63,"column":20},"end":{"line":64,"column":47}},{"start":{"line":65,"column":20},"end":{"line":66,"column":47}},{"start":{"line":67,"column":20},"end":{"line":68,"column":47}},{"start":{"line":69,"column":20},"end":{"line":70,"column":47}},{"start":{"line":71,"column":20},"end":{"line":72,"column":47}},{"start":{"line":73,"column":20},"end":{"line":74,"column":47}}]},"3":{"loc":{"start":{"line":89,"column":20},"end":{"line":90,"column":48}},"type":"switch","locations":[{"start":{"line":89,"column":20},"end":{"line":90,"column":48}},{"start":{"line":91,"column":20},"end":{"line":92,"column":48}}]},"4":{"loc":{"start":{"line":97,"column":20},"end":{"line":98,"column":48}},"type":"switch","locations":[{"start":{"line":97,"column":20},"end":{"line":98,"column":48}},{"start":{"line":99,"column":20},"end":{"line":100,"column":47}},{"start":{"line":101,"column":20},"end":{"line":102,"column":48}},{"start":{"line":103,"column":20},"end":{"line":104,"column":48}},{"start":{"line":105,"column":20},"end":{"line":106,"column":47}},{"start":{"line":107,"column":20},"end":{"line":108,"column":48}},{"start":{"line":109,"column":20},"end":{"line":110,"column":47}},{"start":{"line":111,"column":20},"end":{"line":112,"column":47}},{"start":{"line":113,"column":20},"end":{"line":114,"column":47}}]},"5":{"loc":{"start":{"line":124,"column":12},"end":{"line":124,"column":33}},"type":"switch","locations":[{"start":{"line":124,"column":12},"end":{"line":124,"column":33}},{"start":{"line":125,"column":12},"end":{"line":126,"column":26}},{"start":{"line":127,"column":12},"end":{"line":127,"column":33}},{"start":{"line":128,"column":12},"end":{"line":129,"column":46}},{"start":{"line":130,"column":12},"end":{"line":130,"column":33}},{"start":{"line":131,"column":12},"end":{"line":132,"column":47}},{"start":{"line":133,"column":12},"end":{"line":133,"column":34}},{"start":{"line":134,"column":12},"end":{"line":134,"column":34}},{"start":{"line":135,"column":12},"end":{"line":135,"column":33}},{"start":{"line":136,"column":12},"end":{"line":136,"column":34}},{"start":{"line":137,"column":12},"end":{"line":137,"column":32}},{"start":{"line":138,"column":12},"end":{"line":138,"column":33}},{"start":{"line":139,"column":12},"end":{"line":139,"column":33}},{"start":{"line":140,"column":12},"end":{"line":140,"column":33}},{"start":{"line":141,"column":12},"end":{"line":141,"column":33}},{"start":{"line":142,"column":12},"end":{"line":152,"column":22}},{"start":{"line":153,"column":12},"end":{"line":153,"column":33}},{"start":{"line":154,"column":12},"end":{"line":154,"column":33}},{"start":{"line":155,"column":12},"end":{"line":155,"column":34}},{"start":{"line":156,"column":12},"end":{"line":156,"column":34}},{"start":{"line":157,"column":12},"end":{"line":157,"column":34}},{"start":{"line":158,"column":12},"end":{"line":158,"column":33}},{"start":{"line":159,"column":12},"end":{"line":159,"column":34}},{"start":{"line":160,"column":12},"end":{"line":160,"column":34}},{"start":{"line":161,"column":12},"end":{"line":161,"column":33}},{"start":{"line":162,"column":12},"end":{"line":162,"column":34}},{"start":{"line":163,"column":12},"end":{"line":163,"column":33}},{"start":{"line":164,"column":12},"end":{"line":164,"column":33}},{"start":{"line":165,"column":12},"end":{"line":166,"column":40}},{"start":{"line":167,"column":12},"end":{"line":168,"column":42}}]},"6":{"loc":{"start":{"line":143,"column":16},"end":{"line":151,"column":17}},"type":"if","locations":[{"start":{"line":143,"column":16},"end":{"line":151,"column":17}},{"start":{"line":143,"column":16},"end":{"line":151,"column":17}}]},"7":{"loc":{"start":{"line":147,"column":23},"end":{"line":151,"column":17}},"type":"if","locations":[{"start":{"line":147,"column":23},"end":{"line":151,"column":17}},{"start":{"line":147,"column":23},"end":{"line":151,"column":17}}]},"8":{"loc":{"start":{"line":183,"column":8},"end":{"line":184,"column":95}},"type":"if","locations":[{"start":{"line":183,"column":8},"end":{"line":184,"column":95}},{"start":{"line":183,"column":8},"end":{"line":184,"column":95}}]}},"s":{"0":1,"1":1,"2":38,"3":38,"4":38,"5":37,"6":2,"7":2,"8":3,"9":2,"10":38,"11":5,"12":2,"13":2,"14":1,"15":1,"16":1,"17":1,"18":1,"19":1,"20":1,"21":1,"22":9,"23":1,"24":1,"25":1,"26":1,"27":1,"28":1,"29":1,"30":1,"31":1,"32":0,"33":1,"34":1,"35":1,"36":1,"37":2,"38":2,"39":1,"40":1,"41":0,"42":9,"43":1,"44":1,"45":1,"46":1,"47":1,"48":1,"49":1,"50":1,"51":1,"52":0,"53":1,"54":37,"55":4,"56":2,"57":2,"58":14,"59":5,"60":9,"61":9,"62":0,"63":13,"64":2,"65":0,"66":2,"67":4,"68":2,"69":4,"70":5,"71":9,"72":13,"73":1,"74":1,"75":1},"f":{"0":38,"1":2,"2":3,"3":38,"4":37,"5":2,"6":4,"7":5,"8":9,"9":13},"b":{"0":[5,1,1,1,1,1,1,1,9,1,1,1,1,2,2,9],"1":[2,2],"2":[1,1,1,1,1,1,1,1,1],"3":[1,1],"4":[1,1,1,1,1,1,1,1,1],"5":[2,4,1,2,1,2,2,4,6,7,8,9,10,12,13,14,1,2,3,4,5,6,7,8,9,10,11,12,13,2],"6":[5,9],"7":[9,0],"8":[2,2]}}
,"/Users/dcampion/Documents/lets-do-javascript/low-level/src/Token.ts": {"path":"/Users/dcampion/Documents/lets-do-javascript/low-level/src/Token.ts","statementMap":{"0":{"start":{"line":2,"column":0},"end":{"line":2,"column":46}},"1":{"start":{"line":9,"column":8},"end":{"line":9,"column":25}},"2":{"start":{"line":10,"column":8},"end":{"line":10,"column":27}},"3":{"start":{"line":14,"column":8},"end":{"line":14,"column":39}},"4":{"start":{"line":18,"column":8},"end":{"line":18,"column":40}},"5":{"start":{"line":22,"column":8},"end":{"line":22,"column":36}},"6":{"start":{"line":26,"column":8},"end":{"line":37,"column":9}},"7":{"start":{"line":28,"column":16},"end":{"line":28,"column":61}},"8":{"start":{"line":30,"column":16},"end":{"line":30,"column":61}},"9":{"start":{"line":32,"column":16},"end":{"line":32,"column":40}},"10":{"start":{"line":36,"column":16},"end":{"line":36,"column":39}},"11":{"start":{"line":41,"column":8},"end":{"line":41,"column":51}},"12":{"start":{"line":4,"column":0},"end":{"line":43,"column":1}}},"fnMap":{"0":{"name":"(anonymous_0)","decl":{"start":{"line":8,"column":4},"end":{"line":8,"column":15}},"loc":{"start":{"line":8,"column":43},"end":{"line":11,"column":5}}},"1":{"name":"(anonymous_1)","decl":{"start":{"line":13,"column":4},"end":{"line":13,"column":5}},"loc":{"start":{"line":13,"column":27},"end":{"line":15,"column":5}}},"2":{"name":"(anonymous_2)","decl":{"start":{"line":17,"column":4},"end":{"line":17,"column":7}},"loc":{"start":{"line":17,"column":21},"end":{"line":19,"column":5}}},"3":{"name":"(anonymous_3)","decl":{"start":{"line":21,"column":4},"end":{"line":21,"column":9}},"loc":{"start":{"line":21,"column":21},"end":{"line":23,"column":5}}},"4":{"name":"(anonymous_4)","decl":{"start":{"line":25,"column":4},"end":{"line":25,"column":11}},"loc":{"start":{"line":25,"column":12},"end":{"line":38,"column":5}}},"5":{"name":"(anonymous_5)","decl":{"start":{"line":40,"column":4},"end":{"line":40,"column":8}},"loc":{"start":{"line":40,"column":9},"end":{"line":42,"column":5}}}},"branchMap":{"0":{"loc":{"start":{"line":27,"column":12},"end":{"line":28,"column":61}},"type":"switch","locations":[{"start":{"line":27,"column":12},"end":{"line":28,"column":61}},{"start":{"line":29,"column":12},"end":{"line":30,"column":61}},{"start":{"line":31,"column":12},"end":{"line":32,"column":40}},{"start":{"line":33,"column":12},"end":{"line":33,"column":39}},{"start":{"line":34,"column":12},"end":{"line":34,"column":32}},{"start":{"line":35,"column":12},"end":{"line":36,"column":39}}]}},"s":{"0":2,"1":105,"2":105,"3":2,"4":3,"5":6,"6":9,"7":1,"8":4,"9":1,"10":3,"11":2,"12":2},"f":{"0":105,"1":2,"2":3,"3":6,"4":9,"5":2},"b":{"0":[1,4,1,3,3,3]}}
,"/Users/dcampion/Documents/lets-do-javascript/low-level/src/util/OpcodeUtils.ts": {"path":"/Users/dcampion/Documents/lets-do-javascript/low-level/src/util/OpcodeUtils.ts","statementMap":{"0":{"start":{"line":4,"column":13},"end":{"line":13,"column":2}},"1":{"start":{"line":5,"column":4},"end":{"line":12,"column":5}},"2":{"start":{"line":16,"column":13},"end":{"line":18,"column":2}},"3":{"start":{"line":17,"column":4},"end":{"line":17,"column":40}},"4":{"start":{"line":21,"column":13},"end":{"line":23,"column":2}},"5":{"start":{"line":22,"column":4},"end":{"line":22,"column":25}},"6":{"start":{"line":25,"column":13},"end":{"line":27,"column":2}},"7":{"start":{"line":26,"column":4},"end":{"line":26,"column":50}}},"fnMap":{"0":{"name":"(anonymous_0)","decl":{"start":{"line":4,"column":27},"end":{"line":4,"column":28}},"loc":{"start":{"line":4,"column":59},"end":{"line":13,"column":1}}},"1":{"name":"(anonymous_1)","decl":{"start":{"line":16,"column":27},"end":{"line":16,"column":28}},"loc":{"start":{"line":16,"column":49},"end":{"line":18,"column":1}}},"2":{"name":"(anonymous_2)","decl":{"start":{"line":21,"column":27},"end":{"line":21,"column":28}},"loc":{"start":{"line":21,"column":49},"end":{"line":23,"column":1}}},"3":{"name":"(anonymous_3)","decl":{"start":{"line":25,"column":30},"end":{"line":25,"column":31}},"loc":{"start":{"line":25,"column":52},"end":{"line":27,"column":1}}}},"branchMap":{},"s":{"0":2,"1":38,"2":2,"3":7,"4":2,"5":0,"6":2,"7":2},"f":{"0":38,"1":7,"2":0,"3":2},"b":{}}
}
