{"/Users/dcampion/Documents/lets-do-javascript/low-level/src/DataCode.ts": {"path":"/Users/dcampion/Documents/lets-do-javascript/low-level/src/DataCode.ts","statementMap":{"0":{"start":{"line":1,"column":0},"end":{"line":1,"column":29}},"1":{"start":{"line":11,"column":8},"end":{"line":11,"column":78}},"2":{"start":{"line":12,"column":8},"end":{"line":12,"column":61}},"3":{"start":{"line":13,"column":8},"end":{"line":13,"column":57}},"4":{"start":{"line":17,"column":8},"end":{"line":17,"column":102}},"5":{"start":{"line":5,"column":0},"end":{"line":19,"column":1}}},"fnMap":{"0":{"name":"(anonymous_0)","decl":{"start":{"line":10,"column":4},"end":{"line":10,"column":15}},"loc":{"start":{"line":10,"column":46},"end":{"line":14,"column":5}}},"1":{"name":"(anonymous_1)","decl":{"start":{"line":16,"column":4},"end":{"line":16,"column":11}},"loc":{"start":{"line":16,"column":12},"end":{"line":18,"column":5}}}},"branchMap":{},"s":{"0":1,"1":28,"2":28,"3":28,"4":28,"5":1},"f":{"0":28,"1":28},"b":{}}
,"/Users/dcampion/Documents/lets-do-javascript/low-level/src/Disassembler.ts": {"path":"/Users/dcampion/Documents/lets-do-javascript/low-level/src/Disassembler.ts","statementMap":{"0":{"start":{"line":1,"column":0},"end":{"line":1,"column":78}},"1":{"start":{"line":2,"column":0},"end":{"line":2,"column":31}},"2":{"start":{"line":5,"column":0},"end":{"line":5,"column":54}},"3":{"start":{"line":6,"column":0},"end":{"line":6,"column":62}},"4":{"start":{"line":7,"column":0},"end":{"line":7,"column":35}},"5":{"start":{"line":20,"column":8},"end":{"line":20,"column":41}},"6":{"start":{"line":21,"column":8},"end":{"line":21,"column":38}},"7":{"start":{"line":22,"column":8},"end":{"line":22,"column":44}},"8":{"start":{"line":23,"column":8},"end":{"line":23,"column":32}},"9":{"start":{"line":24,"column":8},"end":{"line":24,"column":26}},"10":{"start":{"line":25,"column":8},"end":{"line":25,"column":39}},"11":{"start":{"line":27,"column":8},"end":{"line":27,"column":27}},"12":{"start":{"line":31,"column":8},"end":{"line":32,"column":47}},"13":{"start":{"line":32,"column":12},"end":{"line":32,"column":47}},"14":{"start":{"line":34,"column":8},"end":{"line":34,"column":46}},"15":{"start":{"line":38,"column":8},"end":{"line":38,"column":39}},"16":{"start":{"line":42,"column":8},"end":{"line":45,"column":14}},"17":{"start":{"line":43,"column":31},"end":{"line":43,"column":62}},"18":{"start":{"line":44,"column":12},"end":{"line":44,"column":75}},"19":{"start":{"line":49,"column":8},"end":{"line":65,"column":9}},"20":{"start":{"line":50,"column":27},"end":{"line":50,"column":67}},"21":{"start":{"line":51,"column":32},"end":{"line":51,"column":39}},"22":{"start":{"line":53,"column":12},"end":{"line":53,"column":57}},"23":{"start":{"line":55,"column":12},"end":{"line":57,"column":13}},"24":{"start":{"line":56,"column":16},"end":{"line":56,"column":22}},"25":{"start":{"line":59,"column":12},"end":{"line":59,"column":59}},"26":{"start":{"line":61,"column":12},"end":{"line":62,"column":137}},"27":{"start":{"line":62,"column":16},"end":{"line":62,"column":137}},"28":{"start":{"line":63,"column":12},"end":{"line":64,"column":115}},"29":{"start":{"line":64,"column":16},"end":{"line":64,"column":115}},"30":{"start":{"line":69,"column":26},"end":{"line":69,"column":44}},"31":{"start":{"line":71,"column":8},"end":{"line":90,"column":9}},"32":{"start":{"line":73,"column":16},"end":{"line":73,"column":54}},"33":{"start":{"line":74,"column":16},"end":{"line":74,"column":67}},"34":{"start":{"line":75,"column":16},"end":{"line":75,"column":22}},"35":{"start":{"line":77,"column":16},"end":{"line":77,"column":45}},"36":{"start":{"line":78,"column":16},"end":{"line":78,"column":54}},"37":{"start":{"line":79,"column":16},"end":{"line":79,"column":67}},"38":{"start":{"line":80,"column":16},"end":{"line":80,"column":22}},"39":{"start":{"line":85,"column":16},"end":{"line":85,"column":45}},"40":{"start":{"line":86,"column":16},"end":{"line":86,"column":33}},"41":{"start":{"line":87,"column":16},"end":{"line":87,"column":22}},"42":{"start":{"line":92,"column":8},"end":{"line":92,"column":27}},"43":{"start":{"line":96,"column":37},"end":{"line":96,"column":39}},"44":{"start":{"line":97,"column":34},"end":{"line":97,"column":36}},"45":{"start":{"line":98,"column":30},"end":{"line":98,"column":44}},"46":{"start":{"line":100,"column":8},"end":{"line":111,"column":9}},"47":{"start":{"line":101,"column":12},"end":{"line":102,"column":67}},"48":{"start":{"line":102,"column":16},"end":{"line":102,"column":67}},"49":{"start":{"line":103,"column":12},"end":{"line":108,"column":13}},"50":{"start":{"line":104,"column":16},"end":{"line":104,"column":79}},"51":{"start":{"line":106,"column":33},"end":{"line":106,"column":93}},"52":{"start":{"line":107,"column":16},"end":{"line":107,"column":47}},"53":{"start":{"line":110,"column":12},"end":{"line":110,"column":70}},"54":{"start":{"line":113,"column":8},"end":{"line":113,"column":37}},"55":{"start":{"line":117,"column":29},"end":{"line":117,"column":53}},"56":{"start":{"line":118,"column":21},"end":{"line":118,"column":51}},"57":{"start":{"line":119,"column":20},"end":{"line":119,"column":54}},"58":{"start":{"line":120,"column":26},"end":{"line":120,"column":36}},"59":{"start":{"line":121,"column":23},"end":{"line":121,"column":51}},"60":{"start":{"line":123,"column":8},"end":{"line":126,"column":9}},"61":{"start":{"line":124,"column":12},"end":{"line":124,"column":62}},"62":{"start":{"line":125,"column":12},"end":{"line":125,"column":76}},"63":{"start":{"line":128,"column":8},"end":{"line":128,"column":21}},"64":{"start":{"line":11,"column":11},"end":{"line":11,"column":43}},"65":{"start":{"line":10,"column":0},"end":{"line":130,"column":1}}},"fnMap":{"0":{"name":"(anonymous_0)","decl":{"start":{"line":19,"column":4},"end":{"line":19,"column":15}},"loc":{"start":{"line":19,"column":54},"end":{"line":28,"column":5}}},"1":{"name":"(anonymous_1)","decl":{"start":{"line":30,"column":4},"end":{"line":30,"column":14}},"loc":{"start":{"line":30,"column":15},"end":{"line":35,"column":5}}},"2":{"name":"(anonymous_2)","decl":{"start":{"line":37,"column":4},"end":{"line":37,"column":11}},"loc":{"start":{"line":37,"column":12},"end":{"line":39,"column":5}}},"3":{"name":"(anonymous_3)","decl":{"start":{"line":41,"column":4},"end":{"line":41,"column":14}},"loc":{"start":{"line":41,"column":15},"end":{"line":46,"column":5}}},"4":{"name":"(anonymous_4)","decl":{"start":{"line":42,"column":34},"end":{"line":42,"column":35}},"loc":{"start":{"line":42,"column":81},"end":{"line":45,"column":9}}},"5":{"name":"(anonymous_5)","decl":{"start":{"line":48,"column":12},"end":{"line":48,"column":21}},"loc":{"start":{"line":48,"column":38},"end":{"line":66,"column":5}}},"6":{"name":"(anonymous_6)","decl":{"start":{"line":68,"column":12},"end":{"line":68,"column":25}},"loc":{"start":{"line":68,"column":72},"end":{"line":93,"column":5}}},"7":{"name":"(anonymous_7)","decl":{"start":{"line":95,"column":12},"end":{"line":95,"column":26}},"loc":{"start":{"line":95,"column":27},"end":{"line":114,"column":5}}},"8":{"name":"(anonymous_8)","decl":{"start":{"line":116,"column":12},"end":{"line":116,"column":37}},"loc":{"start":{"line":116,"column":54},"end":{"line":129,"column":5}}}},"branchMap":{"0":{"loc":{"start":{"line":19,"column":50},"end":{"line":19,"column":54}},"type":"default-arg","locations":[{"start":{"line":19,"column":50},"end":{"line":19,"column":54}}]},"1":{"loc":{"start":{"line":43,"column":31},"end":{"line":43,"column":42}},"type":"binary-expr","locations":[{"start":{"line":43,"column":31},"end":{"line":43,"column":42}},{"start":{"line":43,"column":46},"end":{"line":43,"column":62}}]},"2":{"loc":{"start":{"line":44,"column":63},"end":{"line":44,"column":67}},"type":"cond-expr","locations":[{"start":{"line":44,"column":63},"end":{"line":44,"column":67}},{"start":{"line":44,"column":70},"end":{"line":44,"column":72}}]},"3":{"loc":{"start":{"line":49,"column":15},"end":{"line":49,"column":64}},"type":"binary-expr","locations":[{"start":{"line":49,"column":15},"end":{"line":49,"column":64}},{"start":{"line":49,"column":68},"end":{"line":49,"column":105}}]},"4":{"loc":{"start":{"line":55,"column":12},"end":{"line":57,"column":13}},"type":"if","locations":[{"start":{"line":55,"column":12},"end":{"line":57,"column":13}},{"start":{"line":55,"column":12},"end":{"line":57,"column":13}}]},"5":{"loc":{"start":{"line":61,"column":12},"end":{"line":62,"column":137}},"type":"if","locations":[{"start":{"line":61,"column":12},"end":{"line":62,"column":137}},{"start":{"line":61,"column":12},"end":{"line":62,"column":137}}]},"6":{"loc":{"start":{"line":63,"column":12},"end":{"line":64,"column":115}},"type":"if","locations":[{"start":{"line":63,"column":12},"end":{"line":64,"column":115}},{"start":{"line":63,"column":12},"end":{"line":64,"column":115}}]},"7":{"loc":{"start":{"line":72,"column":12},"end":{"line":75,"column":22}},"type":"switch","locations":[{"start":{"line":72,"column":12},"end":{"line":75,"column":22}},{"start":{"line":76,"column":12},"end":{"line":80,"column":22}},{"start":{"line":81,"column":12},"end":{"line":81,"column":34}},{"start":{"line":82,"column":12},"end":{"line":82,"column":34}},{"start":{"line":83,"column":12},"end":{"line":83,"column":34}},{"start":{"line":84,"column":12},"end":{"line":87,"column":22}},{"start":{"line":88,"column":12},"end":{"line":88,"column":33}}]},"8":{"loc":{"start":{"line":101,"column":12},"end":{"line":102,"column":67}},"type":"if","locations":[{"start":{"line":101,"column":12},"end":{"line":102,"column":67}},{"start":{"line":101,"column":12},"end":{"line":102,"column":67}}]},"9":{"loc":{"start":{"line":103,"column":12},"end":{"line":108,"column":13}},"type":"if","locations":[{"start":{"line":103,"column":12},"end":{"line":108,"column":13}},{"start":{"line":103,"column":12},"end":{"line":108,"column":13}}]},"10":{"loc":{"start":{"line":110,"column":64},"end":{"line":110,"column":65}},"type":"cond-expr","locations":[{"start":{"line":110,"column":64},"end":{"line":110,"column":65}},{"start":{"line":110,"column":68},"end":{"line":110,"column":69}}]},"11":{"loc":{"start":{"line":119,"column":20},"end":{"line":119,"column":49}},"type":"binary-expr","locations":[{"start":{"line":119,"column":20},"end":{"line":119,"column":49}},{"start":{"line":119,"column":53},"end":{"line":119,"column":54}}]},"12":{"loc":{"start":{"line":123,"column":8},"end":{"line":126,"column":9}},"type":"if","locations":[{"start":{"line":123,"column":8},"end":{"line":126,"column":9}},{"start":{"line":123,"column":8},"end":{"line":126,"column":9}}]}},"s":{"0":1,"1":1,"2":1,"3":1,"4":1,"5":9,"6":9,"7":9,"8":9,"9":9,"10":9,"11":9,"12":9,"13":15,"14":7,"15":1,"16":1,"17":22,"18":22,"19":15,"20":76,"21":76,"22":76,"23":76,"24":2,"25":74,"26":74,"27":1,"28":73,"29":1,"30":74,"31":74,"32":4,"33":4,"34":4,"35":2,"36":2,"37":2,"38":2,"39":53,"40":53,"41":53,"42":74,"43":7,"44":7,"45":7,"46":7,"47":53,"48":4,"49":53,"50":25,"51":28,"52":28,"53":53,"54":7,"55":76,"56":76,"57":76,"58":76,"59":76,"60":76,"61":55,"62":55,"63":76,"64":1,"65":1},"f":{"0":9,"1":9,"2":1,"3":1,"4":22,"5":15,"6":74,"7":7,"8":76},"b":{"0":[4],"1":[22,21],"2":[1,21],"3":[87,80],"4":[2,74],"5":[1,73],"6":[1,72],"7":[4,2,50,51,52,53,0],"8":[4,49],"9":[25,28],"10":[25,28],"11":[76,52],"12":[55,21]}}
,"/Users/dcampion/Documents/lets-do-javascript/low-level/src/Opcode.ts": {"path":"/Users/dcampion/Documents/lets-do-javascript/low-level/src/Opcode.ts","statementMap":{"0":{"start":{"line":2,"column":0},"end":{"line":2,"column":62}},"1":{"start":{"line":4,"column":0},"end":{"line":4,"column":29}},"2":{"start":{"line":20,"column":8},"end":{"line":20,"column":29}},"3":{"start":{"line":21,"column":8},"end":{"line":21,"column":32}},"4":{"start":{"line":22,"column":8},"end":{"line":22,"column":41}},"5":{"start":{"line":23,"column":8},"end":{"line":23,"column":34}},"6":{"start":{"line":25,"column":8},"end":{"line":25,"column":88}},"7":{"start":{"line":26,"column":8},"end":{"line":26,"column":35}},"8":{"start":{"line":30,"column":28},"end":{"line":30,"column":95}},"9":{"start":{"line":31,"column":25},"end":{"line":31,"column":109}},"10":{"start":{"line":31,"column":79},"end":{"line":31,"column":104}},"11":{"start":{"line":32,"column":21},"end":{"line":32,"column":110}},"12":{"start":{"line":32,"column":44},"end":{"line":32,"column":60}},"13":{"start":{"line":34,"column":8},"end":{"line":36,"column":9}},"14":{"start":{"line":35,"column":12},"end":{"line":35,"column":109}},"15":{"start":{"line":38,"column":8},"end":{"line":38,"column":50}},"16":{"start":{"line":42,"column":8},"end":{"line":127,"column":9}},"17":{"start":{"line":44,"column":16},"end":{"line":49,"column":17}},"18":{"start":{"line":46,"column":24},"end":{"line":46,"column":47}},"19":{"start":{"line":48,"column":24},"end":{"line":48,"column":47}},"20":{"start":{"line":50,"column":16},"end":{"line":50,"column":22}},"21":{"start":{"line":52,"column":16},"end":{"line":52,"column":39}},"22":{"start":{"line":54,"column":16},"end":{"line":54,"column":39}},"23":{"start":{"line":56,"column":16},"end":{"line":56,"column":40}},"24":{"start":{"line":58,"column":16},"end":{"line":58,"column":40}},"25":{"start":{"line":60,"column":16},"end":{"line":60,"column":40}},"26":{"start":{"line":62,"column":16},"end":{"line":62,"column":39}},"27":{"start":{"line":64,"column":16},"end":{"line":64,"column":39}},"28":{"start":{"line":66,"column":16},"end":{"line":85,"column":17}},"29":{"start":{"line":68,"column":24},"end":{"line":68,"column":47}},"30":{"start":{"line":70,"column":24},"end":{"line":70,"column":46}},"31":{"start":{"line":72,"column":24},"end":{"line":72,"column":47}},"32":{"start":{"line":74,"column":24},"end":{"line":74,"column":47}},"33":{"start":{"line":76,"column":24},"end":{"line":76,"column":47}},"34":{"start":{"line":78,"column":24},"end":{"line":78,"column":47}},"35":{"start":{"line":80,"column":24},"end":{"line":80,"column":47}},"36":{"start":{"line":82,"column":24},"end":{"line":82,"column":47}},"37":{"start":{"line":84,"column":24},"end":{"line":84,"column":47}},"38":{"start":{"line":86,"column":16},"end":{"line":86,"column":22}},"39":{"start":{"line":88,"column":16},"end":{"line":88,"column":40}},"40":{"start":{"line":90,"column":16},"end":{"line":90,"column":39}},"41":{"start":{"line":92,"column":16},"end":{"line":92,"column":39}},"42":{"start":{"line":94,"column":16},"end":{"line":94,"column":40}},"43":{"start":{"line":96,"column":16},"end":{"line":96,"column":40}},"44":{"start":{"line":98,"column":16},"end":{"line":103,"column":17}},"45":{"start":{"line":100,"column":24},"end":{"line":100,"column":48}},"46":{"start":{"line":102,"column":24},"end":{"line":102,"column":48}},"47":{"start":{"line":104,"column":16},"end":{"line":104,"column":22}},"48":{"start":{"line":106,"column":16},"end":{"line":125,"column":17}},"49":{"start":{"line":108,"column":24},"end":{"line":108,"column":48}},"50":{"start":{"line":110,"column":24},"end":{"line":110,"column":47}},"51":{"start":{"line":112,"column":24},"end":{"line":112,"column":48}},"52":{"start":{"line":114,"column":24},"end":{"line":114,"column":48}},"53":{"start":{"line":116,"column":24},"end":{"line":116,"column":47}},"54":{"start":{"line":118,"column":24},"end":{"line":118,"column":48}},"55":{"start":{"line":120,"column":24},"end":{"line":120,"column":47}},"56":{"start":{"line":122,"column":24},"end":{"line":122,"column":47}},"57":{"start":{"line":124,"column":24},"end":{"line":124,"column":47}},"58":{"start":{"line":126,"column":16},"end":{"line":126,"column":22}},"59":{"start":{"line":129,"column":8},"end":{"line":133,"column":9}},"60":{"start":{"line":130,"column":12},"end":{"line":130,"column":86}},"61":{"start":{"line":132,"column":12},"end":{"line":132,"column":36}},"62":{"start":{"line":137,"column":8},"end":{"line":186,"column":9}},"63":{"start":{"line":140,"column":16},"end":{"line":140,"column":26}},"64":{"start":{"line":143,"column":16},"end":{"line":143,"column":46}},"65":{"start":{"line":146,"column":16},"end":{"line":146,"column":47}},"66":{"start":{"line":157,"column":16},"end":{"line":165,"column":17}},"67":{"start":{"line":160,"column":20},"end":{"line":160,"column":46}},"68":{"start":{"line":161,"column":23},"end":{"line":165,"column":17}},"69":{"start":{"line":164,"column":20},"end":{"line":164,"column":44}},"70":{"start":{"line":166,"column":16},"end":{"line":166,"column":22}},"71":{"start":{"line":178,"column":16},"end":{"line":178,"column":43}},"72":{"start":{"line":181,"column":16},"end":{"line":181,"column":43}},"73":{"start":{"line":183,"column":16},"end":{"line":183,"column":42}},"74":{"start":{"line":185,"column":16},"end":{"line":185,"column":57}},"75":{"start":{"line":188,"column":8},"end":{"line":188,"column":75}},"76":{"start":{"line":192,"column":8},"end":{"line":196,"column":10}},"77":{"start":{"line":200,"column":8},"end":{"line":201,"column":95}},"78":{"start":{"line":201,"column":12},"end":{"line":201,"column":95}},"79":{"start":{"line":203,"column":8},"end":{"line":205,"column":10}},"80":{"start":{"line":209,"column":8},"end":{"line":212,"column":10}},"81":{"start":{"line":216,"column":8},"end":{"line":219,"column":10}},"82":{"start":{"line":223,"column":8},"end":{"line":225,"column":10}},"83":{"start":{"line":229,"column":8},"end":{"line":231,"column":10}},"84":{"start":{"line":16,"column":11},"end":{"line":16,"column":43}},"85":{"start":{"line":17,"column":11},"end":{"line":17,"column":42}},"86":{"start":{"line":7,"column":0},"end":{"line":234,"column":1}}},"fnMap":{"0":{"name":"(anonymous_0)","decl":{"start":{"line":19,"column":4},"end":{"line":19,"column":15}},"loc":{"start":{"line":19,"column":54},"end":{"line":27,"column":5}}},"1":{"name":"(anonymous_1)","decl":{"start":{"line":29,"column":4},"end":{"line":29,"column":11}},"loc":{"start":{"line":29,"column":12},"end":{"line":39,"column":5}}},"2":{"name":"(anonymous_2)","decl":{"start":{"line":31,"column":58},"end":{"line":31,"column":59}},"loc":{"start":{"line":31,"column":79},"end":{"line":31,"column":104}}},"3":{"name":"(anonymous_3)","decl":{"start":{"line":32,"column":35},"end":{"line":32,"column":39}},"loc":{"start":{"line":32,"column":44},"end":{"line":32,"column":60}}},"4":{"name":"(anonymous_4)","decl":{"start":{"line":41,"column":12},"end":{"line":41,"column":30}},"loc":{"start":{"line":41,"column":31},"end":{"line":134,"column":5}}},"5":{"name":"(anonymous_5)","decl":{"start":{"line":136,"column":12},"end":{"line":136,"column":18}},"loc":{"start":{"line":136,"column":19},"end":{"line":189,"column":5}}},"6":{"name":"(anonymous_6)","decl":{"start":{"line":191,"column":12},"end":{"line":191,"column":22}},"loc":{"start":{"line":191,"column":23},"end":{"line":197,"column":5}}},"7":{"name":"(anonymous_7)","decl":{"start":{"line":199,"column":12},"end":{"line":199,"column":22}},"loc":{"start":{"line":199,"column":40},"end":{"line":206,"column":5}}},"8":{"name":"(anonymous_8)","decl":{"start":{"line":208,"column":12},"end":{"line":208,"column":22}},"loc":{"start":{"line":208,"column":23},"end":{"line":213,"column":5}}},"9":{"name":"(anonymous_9)","decl":{"start":{"line":215,"column":12},"end":{"line":215,"column":21}},"loc":{"start":{"line":215,"column":22},"end":{"line":220,"column":5}}},"10":{"name":"(anonymous_10)","decl":{"start":{"line":222,"column":12},"end":{"line":222,"column":23}},"loc":{"start":{"line":222,"column":24},"end":{"line":226,"column":5}}},"11":{"name":"(anonymous_11)","decl":{"start":{"line":228,"column":12},"end":{"line":228,"column":23}},"loc":{"start":{"line":228,"column":24},"end":{"line":232,"column":5}}}},"branchMap":{"0":{"loc":{"start":{"line":19,"column":50},"end":{"line":19,"column":54}},"type":"default-arg","locations":[{"start":{"line":19,"column":50},"end":{"line":19,"column":54}}]},"1":{"loc":{"start":{"line":34,"column":8},"end":{"line":36,"column":9}},"type":"if","locations":[{"start":{"line":34,"column":8},"end":{"line":36,"column":9}},{"start":{"line":34,"column":8},"end":{"line":36,"column":9}}]},"2":{"loc":{"start":{"line":43,"column":12},"end":{"line":50,"column":22}},"type":"switch","locations":[{"start":{"line":43,"column":12},"end":{"line":50,"column":22}},{"start":{"line":51,"column":12},"end":{"line":52,"column":39}},{"start":{"line":53,"column":12},"end":{"line":54,"column":39}},{"start":{"line":55,"column":12},"end":{"line":56,"column":40}},{"start":{"line":57,"column":12},"end":{"line":58,"column":40}},{"start":{"line":59,"column":12},"end":{"line":60,"column":40}},{"start":{"line":61,"column":12},"end":{"line":62,"column":39}},{"start":{"line":63,"column":12},"end":{"line":64,"column":39}},{"start":{"line":65,"column":12},"end":{"line":86,"column":22}},{"start":{"line":87,"column":12},"end":{"line":88,"column":40}},{"start":{"line":89,"column":12},"end":{"line":90,"column":39}},{"start":{"line":91,"column":12},"end":{"line":92,"column":39}},{"start":{"line":93,"column":12},"end":{"line":94,"column":40}},{"start":{"line":95,"column":12},"end":{"line":96,"column":40}},{"start":{"line":97,"column":12},"end":{"line":104,"column":22}},{"start":{"line":105,"column":12},"end":{"line":126,"column":22}}]},"3":{"loc":{"start":{"line":45,"column":20},"end":{"line":46,"column":47}},"type":"switch","locations":[{"start":{"line":45,"column":20},"end":{"line":46,"column":47}},{"start":{"line":47,"column":20},"end":{"line":48,"column":47}}]},"4":{"loc":{"start":{"line":67,"column":20},"end":{"line":68,"column":47}},"type":"switch","locations":[{"start":{"line":67,"column":20},"end":{"line":68,"column":47}},{"start":{"line":69,"column":20},"end":{"line":70,"column":46}},{"start":{"line":71,"column":20},"end":{"line":72,"column":47}},{"start":{"line":73,"column":20},"end":{"line":74,"column":47}},{"start":{"line":75,"column":20},"end":{"line":76,"column":47}},{"start":{"line":77,"column":20},"end":{"line":78,"column":47}},{"start":{"line":79,"column":20},"end":{"line":80,"column":47}},{"start":{"line":81,"column":20},"end":{"line":82,"column":47}},{"start":{"line":83,"column":20},"end":{"line":84,"column":47}}]},"5":{"loc":{"start":{"line":99,"column":20},"end":{"line":100,"column":48}},"type":"switch","locations":[{"start":{"line":99,"column":20},"end":{"line":100,"column":48}},{"start":{"line":101,"column":20},"end":{"line":102,"column":48}}]},"6":{"loc":{"start":{"line":107,"column":20},"end":{"line":108,"column":48}},"type":"switch","locations":[{"start":{"line":107,"column":20},"end":{"line":108,"column":48}},{"start":{"line":109,"column":20},"end":{"line":110,"column":47}},{"start":{"line":111,"column":20},"end":{"line":112,"column":48}},{"start":{"line":113,"column":20},"end":{"line":114,"column":48}},{"start":{"line":115,"column":20},"end":{"line":116,"column":47}},{"start":{"line":117,"column":20},"end":{"line":118,"column":48}},{"start":{"line":119,"column":20},"end":{"line":120,"column":47}},{"start":{"line":121,"column":20},"end":{"line":122,"column":47}},{"start":{"line":123,"column":20},"end":{"line":124,"column":47}}]},"7":{"loc":{"start":{"line":129,"column":8},"end":{"line":133,"column":9}},"type":"if","locations":[{"start":{"line":129,"column":8},"end":{"line":133,"column":9}},{"start":{"line":129,"column":8},"end":{"line":133,"column":9}}]},"8":{"loc":{"start":{"line":138,"column":12},"end":{"line":138,"column":33}},"type":"switch","locations":[{"start":{"line":138,"column":12},"end":{"line":138,"column":33}},{"start":{"line":139,"column":12},"end":{"line":140,"column":26}},{"start":{"line":141,"column":12},"end":{"line":141,"column":33}},{"start":{"line":142,"column":12},"end":{"line":143,"column":46}},{"start":{"line":144,"column":12},"end":{"line":144,"column":33}},{"start":{"line":145,"column":12},"end":{"line":146,"column":47}},{"start":{"line":147,"column":12},"end":{"line":147,"column":34}},{"start":{"line":148,"column":12},"end":{"line":148,"column":34}},{"start":{"line":149,"column":12},"end":{"line":149,"column":33}},{"start":{"line":150,"column":12},"end":{"line":150,"column":34}},{"start":{"line":151,"column":12},"end":{"line":151,"column":32}},{"start":{"line":152,"column":12},"end":{"line":152,"column":33}},{"start":{"line":153,"column":12},"end":{"line":153,"column":33}},{"start":{"line":154,"column":12},"end":{"line":154,"column":33}},{"start":{"line":155,"column":12},"end":{"line":155,"column":33}},{"start":{"line":156,"column":12},"end":{"line":166,"column":22}},{"start":{"line":167,"column":12},"end":{"line":167,"column":33}},{"start":{"line":168,"column":12},"end":{"line":168,"column":33}},{"start":{"line":169,"column":12},"end":{"line":169,"column":34}},{"start":{"line":170,"column":12},"end":{"line":170,"column":34}},{"start":{"line":171,"column":12},"end":{"line":171,"column":34}},{"start":{"line":172,"column":12},"end":{"line":172,"column":33}},{"start":{"line":173,"column":12},"end":{"line":173,"column":34}},{"start":{"line":174,"column":12},"end":{"line":174,"column":34}},{"start":{"line":175,"column":12},"end":{"line":175,"column":33}},{"start":{"line":176,"column":12},"end":{"line":176,"column":34}},{"start":{"line":177,"column":12},"end":{"line":178,"column":43}},{"start":{"line":179,"column":12},"end":{"line":179,"column":33}},{"start":{"line":180,"column":12},"end":{"line":181,"column":43}},{"start":{"line":182,"column":12},"end":{"line":183,"column":42}},{"start":{"line":184,"column":12},"end":{"line":185,"column":57}}]},"9":{"loc":{"start":{"line":157,"column":16},"end":{"line":165,"column":17}},"type":"if","locations":[{"start":{"line":157,"column":16},"end":{"line":165,"column":17}},{"start":{"line":157,"column":16},"end":{"line":165,"column":17}}]},"10":{"loc":{"start":{"line":161,"column":23},"end":{"line":165,"column":17}},"type":"if","locations":[{"start":{"line":161,"column":23},"end":{"line":165,"column":17}},{"start":{"line":161,"column":23},"end":{"line":165,"column":17}}]},"11":{"loc":{"start":{"line":200,"column":8},"end":{"line":201,"column":95}},"type":"if","locations":[{"start":{"line":200,"column":8},"end":{"line":201,"column":95}},{"start":{"line":200,"column":8},"end":{"line":201,"column":95}}]}},"s":{"0":11,"1":11,"2":329,"3":329,"4":329,"5":329,"6":329,"7":328,"8":50,"9":50,"10":10,"11":50,"12":70,"13":50,"14":9,"15":41,"16":329,"17":157,"18":8,"19":6,"20":143,"21":8,"22":6,"23":54,"24":5,"25":3,"26":2,"27":2,"28":44,"29":13,"30":2,"31":2,"32":2,"33":10,"34":4,"35":3,"36":4,"37":4,"38":0,"39":3,"40":2,"41":2,"42":2,"43":11,"44":10,"45":5,"46":5,"47":0,"48":18,"49":4,"50":1,"51":1,"52":1,"53":2,"54":2,"55":1,"56":2,"57":4,"58":0,"59":143,"60":1,"61":142,"62":328,"63":14,"64":14,"65":4,"66":108,"67":65,"68":43,"69":43,"70":0,"71":29,"72":6,"73":11,"74":142,"75":0,"76":11,"77":18,"78":14,"79":18,"80":65,"81":43,"82":29,"83":6,"84":11,"85":11,"86":11},"f":{"0":329,"1":50,"2":10,"3":70,"4":329,"5":328,"6":11,"7":18,"8":65,"9":43,"10":29,"11":6},"b":{"0":[111],"1":[9,41],"2":[157,8,6,54,5,3,2,2,44,3,2,2,2,11,10,18],"3":[8,6],"4":[13,2,2,2,10,4,3,4,4],"5":[5,5],"6":[4,1,1,1,2,2,1,2,4],"7":[1,142],"8":[8,14,8,14,2,4,57,65,80,82,84,86,88,100,104,108,3,7,12,17,21,22,23,24,26,28,29,2,6,11,142],"9":[65,43],"10":[43,0],"11":[14,4]}}
,"/Users/dcampion/Documents/lets-do-javascript/low-level/src/Token.ts": {"path":"/Users/dcampion/Documents/lets-do-javascript/low-level/src/Token.ts","statementMap":{"0":{"start":{"line":2,"column":0},"end":{"line":2,"column":46}},"1":{"start":{"line":9,"column":8},"end":{"line":9,"column":25}},"2":{"start":{"line":10,"column":8},"end":{"line":10,"column":27}},"3":{"start":{"line":14,"column":8},"end":{"line":14,"column":39}},"4":{"start":{"line":18,"column":8},"end":{"line":18,"column":40}},"5":{"start":{"line":22,"column":8},"end":{"line":22,"column":36}},"6":{"start":{"line":26,"column":8},"end":{"line":38,"column":9}},"7":{"start":{"line":28,"column":16},"end":{"line":28,"column":61}},"8":{"start":{"line":30,"column":16},"end":{"line":30,"column":61}},"9":{"start":{"line":32,"column":16},"end":{"line":32,"column":40}},"10":{"start":{"line":34,"column":16},"end":{"line":34,"column":26}},"11":{"start":{"line":37,"column":16},"end":{"line":37,"column":39}},"12":{"start":{"line":42,"column":8},"end":{"line":42,"column":51}},"13":{"start":{"line":4,"column":0},"end":{"line":44,"column":1}}},"fnMap":{"0":{"name":"(anonymous_0)","decl":{"start":{"line":8,"column":4},"end":{"line":8,"column":15}},"loc":{"start":{"line":8,"column":43},"end":{"line":11,"column":5}}},"1":{"name":"(anonymous_1)","decl":{"start":{"line":13,"column":4},"end":{"line":13,"column":5}},"loc":{"start":{"line":13,"column":27},"end":{"line":15,"column":5}}},"2":{"name":"(anonymous_2)","decl":{"start":{"line":17,"column":4},"end":{"line":17,"column":7}},"loc":{"start":{"line":17,"column":21},"end":{"line":19,"column":5}}},"3":{"name":"(anonymous_3)","decl":{"start":{"line":21,"column":4},"end":{"line":21,"column":9}},"loc":{"start":{"line":21,"column":21},"end":{"line":23,"column":5}}},"4":{"name":"(anonymous_4)","decl":{"start":{"line":25,"column":4},"end":{"line":25,"column":11}},"loc":{"start":{"line":25,"column":12},"end":{"line":39,"column":5}}},"5":{"name":"(anonymous_5)","decl":{"start":{"line":41,"column":4},"end":{"line":41,"column":8}},"loc":{"start":{"line":41,"column":9},"end":{"line":43,"column":5}}}},"branchMap":{"0":{"loc":{"start":{"line":27,"column":12},"end":{"line":28,"column":61}},"type":"switch","locations":[{"start":{"line":27,"column":12},"end":{"line":28,"column":61}},{"start":{"line":29,"column":12},"end":{"line":30,"column":61}},{"start":{"line":31,"column":12},"end":{"line":32,"column":40}},{"start":{"line":33,"column":12},"end":{"line":34,"column":26}},{"start":{"line":35,"column":12},"end":{"line":35,"column":39}},{"start":{"line":36,"column":12},"end":{"line":37,"column":39}}]}},"s":{"0":12,"1":886,"2":886,"3":2,"4":3,"5":82,"6":221,"7":53,"8":75,"9":14,"10":0,"11":79,"12":2,"13":12},"f":{"0":886,"1":2,"2":3,"3":82,"4":221,"5":2},"b":{"0":[53,75,14,0,79,79]}}
,"/Users/dcampion/Documents/lets-do-javascript/low-level/src/emulator/Chip8.ts": {"path":"/Users/dcampion/Documents/lets-do-javascript/low-level/src/emulator/Chip8.ts","statementMap":{"0":{"start":{"line":1,"column":0},"end":{"line":1,"column":112}},"1":{"start":{"line":2,"column":0},"end":{"line":2,"column":25}},"2":{"start":{"line":3,"column":0},"end":{"line":3,"column":25}},"3":{"start":{"line":4,"column":0},"end":{"line":4,"column":32}},"4":{"start":{"line":7,"column":0},"end":{"line":7,"column":76}},"5":{"start":{"line":8,"column":0},"end":{"line":8,"column":33}},"6":{"start":{"line":9,"column":0},"end":{"line":9,"column":29}},"7":{"start":{"line":10,"column":0},"end":{"line":10,"column":33}},"8":{"start":{"line":12,"column":21},"end":{"line":12,"column":50}},"9":{"start":{"line":13,"column":22},"end":{"line":13,"column":52}},"10":{"start":{"line":14,"column":24},"end":{"line":14,"column":56}},"11":{"start":{"line":20,"column":4},"end":{"line":20,"column":31}},"12":{"start":{"line":29,"column":4},"end":{"line":32,"column":6}},"13":{"start":{"line":33,"column":4},"end":{"line":36,"column":6}},"14":{"start":{"line":37,"column":4},"end":{"line":37,"column":27}},"15":{"start":{"line":41,"column":8},"end":{"line":41,"column":29}},"16":{"start":{"line":42,"column":8},"end":{"line":42,"column":29}},"17":{"start":{"line":43,"column":8},"end":{"line":43,"column":33}},"18":{"start":{"line":44,"column":8},"end":{"line":44,"column":42}},"19":{"start":{"line":46,"column":8},"end":{"line":46,"column":26}},"20":{"start":{"line":47,"column":8},"end":{"line":47,"column":27}},"21":{"start":{"line":51,"column":8},"end":{"line":51,"column":30}},"22":{"start":{"line":53,"column":8},"end":{"line":53,"column":45}},"23":{"start":{"line":54,"column":8},"end":{"line":54,"column":31}},"24":{"start":{"line":55,"column":8},"end":{"line":55,"column":30}},"25":{"start":{"line":57,"column":8},"end":{"line":57,"column":30}},"26":{"start":{"line":58,"column":8},"end":{"line":58,"column":30}},"27":{"start":{"line":60,"column":8},"end":{"line":60,"column":33}},"28":{"start":{"line":61,"column":8},"end":{"line":61,"column":32}},"29":{"start":{"line":63,"column":8},"end":{"line":63,"column":51}},"30":{"start":{"line":64,"column":8},"end":{"line":64,"column":52}},"31":{"start":{"line":65,"column":8},"end":{"line":65,"column":57}},"32":{"start":{"line":67,"column":8},"end":{"line":67,"column":55}},"33":{"start":{"line":71,"column":8},"end":{"line":71,"column":26}},"34":{"start":{"line":73,"column":8},"end":{"line":74,"column":74}},"35":{"start":{"line":74,"column":12},"end":{"line":74,"column":74}},"36":{"start":{"line":76,"column":8},"end":{"line":78,"column":9}},"37":{"start":{"line":77,"column":12},"end":{"line":77,"column":57}},"38":{"start":{"line":82,"column":8},"end":{"line":82,"column":36}},"39":{"start":{"line":83,"column":8},"end":{"line":83,"column":36}},"40":{"start":{"line":84,"column":8},"end":{"line":84,"column":59}},"41":{"start":{"line":85,"column":8},"end":{"line":85,"column":59}},"42":{"start":{"line":86,"column":8},"end":{"line":86,"column":54}},"43":{"start":{"line":90,"column":8},"end":{"line":90,"column":46}},"44":{"start":{"line":91,"column":8},"end":{"line":91,"column":29}},"45":{"start":{"line":93,"column":8},"end":{"line":94,"column":82}},"46":{"start":{"line":94,"column":12},"end":{"line":94,"column":82}},"47":{"start":{"line":96,"column":8},"end":{"line":97,"column":82}},"48":{"start":{"line":97,"column":12},"end":{"line":97,"column":82}},"49":{"start":{"line":101,"column":8},"end":{"line":101,"column":33}},"50":{"start":{"line":105,"column":8},"end":{"line":107,"column":11}},"51":{"start":{"line":106,"column":12},"end":{"line":106,"column":53}},"52":{"start":{"line":111,"column":21},"end":{"line":111,"column":58}},"53":{"start":{"line":112,"column":20},"end":{"line":112,"column":60}},"54":{"start":{"line":114,"column":8},"end":{"line":114,"column":26}},"55":{"start":{"line":118,"column":8},"end":{"line":118,"column":55}},"56":{"start":{"line":122,"column":8},"end":{"line":122,"column":59}},"57":{"start":{"line":16,"column":0},"end":{"line":124,"column":1}}},"fnMap":{"0":{"name":"(anonymous_0)","decl":{"start":{"line":40,"column":4},"end":{"line":null,"column":-1}},"loc":{"start":{"line":40,"column":4},"end":{"line":48,"column":5}}},"1":{"name":"(anonymous_1)","decl":{"start":{"line":50,"column":4},"end":{"line":50,"column":13}},"loc":{"start":{"line":50,"column":14},"end":{"line":68,"column":5}}},"2":{"name":"(anonymous_2)","decl":{"start":{"line":70,"column":4},"end":{"line":70,"column":7}},"loc":{"start":{"line":70,"column":28},"end":{"line":79,"column":5}}},"3":{"name":"(anonymous_3)","decl":{"start":{"line":81,"column":4},"end":{"line":81,"column":9}},"loc":{"start":{"line":81,"column":10},"end":{"line":87,"column":5}}},"4":{"name":"(anonymous_4)","decl":{"start":{"line":89,"column":4},"end":{"line":89,"column":11}},"loc":{"start":{"line":89,"column":12},"end":{"line":98,"column":5}}},"5":{"name":"(anonymous_5)","decl":{"start":{"line":100,"column":14},"end":{"line":100,"column":20}},"loc":{"start":{"line":100,"column":21},"end":{"line":102,"column":5}}},"6":{"name":"(anonymous_6)","decl":{"start":{"line":104,"column":12},"end":{"line":104,"column":22}},"loc":{"start":{"line":104,"column":23},"end":{"line":108,"column":5}}},"7":{"name":"(anonymous_7)","decl":{"start":{"line":105,"column":24},"end":{"line":105,"column":25}},"loc":{"start":{"line":105,"column":40},"end":{"line":107,"column":9}}},"8":{"name":"(anonymous_8)","decl":{"start":{"line":110,"column":12},"end":{"line":110,"column":22}},"loc":{"start":{"line":110,"column":23},"end":{"line":115,"column":5}}},"9":{"name":"(anonymous_9)","decl":{"start":{"line":117,"column":12},"end":{"line":117,"column":23}},"loc":{"start":{"line":117,"column":39},"end":{"line":119,"column":5}}},"10":{"name":"(anonymous_10)","decl":{"start":{"line":121,"column":12},"end":{"line":121,"column":24}},"loc":{"start":{"line":121,"column":25},"end":{"line":123,"column":5}}}},"branchMap":{"0":{"loc":{"start":{"line":73,"column":8},"end":{"line":74,"column":74}},"type":"if","locations":[{"start":{"line":73,"column":8},"end":{"line":74,"column":74}},{"start":{"line":73,"column":8},"end":{"line":74,"column":74}}]},"1":{"loc":{"start":{"line":84,"column":53},"end":{"line":84,"column":54}},"type":"cond-expr","locations":[{"start":{"line":84,"column":53},"end":{"line":84,"column":54}},{"start":{"line":84,"column":57},"end":{"line":84,"column":58}}]},"2":{"loc":{"start":{"line":85,"column":53},"end":{"line":85,"column":54}},"type":"cond-expr","locations":[{"start":{"line":85,"column":53},"end":{"line":85,"column":54}},{"start":{"line":85,"column":57},"end":{"line":85,"column":58}}]},"3":{"loc":{"start":{"line":93,"column":8},"end":{"line":94,"column":82}},"type":"if","locations":[{"start":{"line":93,"column":8},"end":{"line":94,"column":82}},{"start":{"line":93,"column":8},"end":{"line":94,"column":82}}]},"4":{"loc":{"start":{"line":96,"column":8},"end":{"line":97,"column":82}},"type":"if","locations":[{"start":{"line":96,"column":8},"end":{"line":97,"column":82}},{"start":{"line":96,"column":8},"end":{"line":97,"column":82}}]},"5":{"loc":{"start":{"line":96,"column":12},"end":{"line":96,"column":48}},"type":"binary-expr","locations":[{"start":{"line":96,"column":12},"end":{"line":96,"column":48}},{"start":{"line":96,"column":52},"end":{"line":96,"column":78}}]}},"s":{"0":9,"1":9,"2":9,"3":9,"4":9,"5":9,"6":9,"7":9,"8":9,"9":9,"10":9,"11":9,"12":9,"13":9,"14":9,"15":9,"16":9,"17":9,"18":9,"19":9,"20":9,"21":101,"22":101,"23":101,"24":101,"25":101,"26":101,"27":101,"28":101,"29":101,"30":101,"31":101,"32":101,"33":3,"34":3,"35":1,"36":2,"37":7,"38":10,"39":10,"40":10,"41":10,"42":10,"43":3,"44":3,"45":3,"46":1,"47":2,"48":1,"49":89,"50":9,"51":720,"52":3,"53":3,"54":3,"55":3,"56":3,"57":9},"f":{"0":9,"1":101,"2":3,"3":10,"4":3,"5":89,"6":9,"7":720,"8":3,"9":3,"10":3},"b":{"0":[1,2],"1":[3,7],"2":[6,4],"3":[1,2],"4":[1,1],"5":[2,1]}}
,"/Users/dcampion/Documents/lets-do-javascript/low-level/src/emulator/GPU.ts": {"path":"/Users/dcampion/Documents/lets-do-javascript/low-level/src/emulator/GPU.ts","statementMap":{"0":{"start":{"line":14,"column":8},"end":{"line":14,"column":61}},"1":{"start":{"line":15,"column":8},"end":{"line":16,"column":31}},"2":{"start":{"line":16,"column":12},"end":{"line":16,"column":31}},"3":{"start":{"line":21,"column":8},"end":{"line":22,"column":24}},"4":{"start":{"line":22,"column":12},"end":{"line":22,"column":24}},"5":{"start":{"line":26,"column":8},"end":{"line":28,"column":9}},"6":{"start":{"line":27,"column":12},"end":{"line":27,"column":31}},"7":{"start":{"line":32,"column":8},"end":{"line":32,"column":85}},"8":{"start":{"line":33,"column":8},"end":{"line":41,"column":10}},"9":{"start":{"line":34,"column":22},"end":{"line":34,"column":53}},"10":{"start":{"line":35,"column":22},"end":{"line":35,"column":59}},"11":{"start":{"line":37,"column":12},"end":{"line":40,"column":13}},"12":{"start":{"line":38,"column":16},"end":{"line":38,"column":52}},"13":{"start":{"line":39,"column":16},"end":{"line":39,"column":67}},"14":{"start":{"line":45,"column":40},"end":{"line":45,"column":78}},"15":{"start":{"line":46,"column":8},"end":{"line":50,"column":9}},"16":{"start":{"line":47,"column":12},"end":{"line":47,"column":73}},"17":{"start":{"line":48,"column":12},"end":{"line":48,"column":38}},"18":{"start":{"line":49,"column":12},"end":{"line":49,"column":46}},"19":{"start":{"line":53,"column":24},"end":{"line":53,"column":48}},"20":{"start":{"line":55,"column":8},"end":{"line":55,"column":47}},"21":{"start":{"line":56,"column":8},"end":{"line":56,"column":45}},"22":{"start":{"line":58,"column":8},"end":{"line":58,"column":29}},"23":{"start":{"line":59,"column":8},"end":{"line":59,"column":31}},"24":{"start":{"line":5,"column":11},"end":{"line":5,"column":23}},"25":{"start":{"line":6,"column":11},"end":{"line":6,"column":22}},"26":{"start":{"line":7,"column":11},"end":{"line":7,"column":21}},"27":{"start":{"line":4,"column":0},"end":{"line":61,"column":1}}},"fnMap":{"0":{"name":"(anonymous_0)","decl":{"start":{"line":13,"column":4},"end":{"line":null,"column":-1}},"loc":{"start":{"line":13,"column":4},"end":{"line":18,"column":5}}},"1":{"name":"(anonymous_1)","decl":{"start":{"line":20,"column":4},"end":{"line":20,"column":9}},"loc":{"start":{"line":20,"column":29},"end":{"line":23,"column":5}}},"2":{"name":"(anonymous_2)","decl":{"start":{"line":25,"column":4},"end":{"line":25,"column":14}},"loc":{"start":{"line":25,"column":15},"end":{"line":29,"column":5}}},"3":{"name":"(anonymous_3)","decl":{"start":{"line":31,"column":12},"end":{"line":31,"column":15}},"loc":{"start":{"line":31,"column":16},"end":{"line":42,"column":5}}},"4":{"name":"(anonymous_4)","decl":{"start":{"line":33,"column":28},"end":{"line":33,"column":29}},"loc":{"start":{"line":33,"column":44},"end":{"line":41,"column":9}}},"5":{"name":"(anonymous_5)","decl":{"start":{"line":44,"column":12},"end":{"line":44,"column":22}},"loc":{"start":{"line":44,"column":23},"end":{"line":60,"column":5}}}},"branchMap":{"0":{"loc":{"start":{"line":15,"column":8},"end":{"line":16,"column":31}},"type":"if","locations":[{"start":{"line":15,"column":8},"end":{"line":16,"column":31}},{"start":{"line":15,"column":8},"end":{"line":16,"column":31}}]},"1":{"loc":{"start":{"line":21,"column":8},"end":{"line":22,"column":24}},"type":"if","locations":[{"start":{"line":21,"column":8},"end":{"line":22,"column":24}},{"start":{"line":21,"column":8},"end":{"line":22,"column":24}}]},"2":{"loc":{"start":{"line":21,"column":12},"end":{"line":21,"column":22}},"type":"binary-expr","locations":[{"start":{"line":21,"column":12},"end":{"line":21,"column":22}},{"start":{"line":21,"column":26},"end":{"line":21,"column":38}}]},"3":{"loc":{"start":{"line":37,"column":12},"end":{"line":40,"column":13}},"type":"if","locations":[{"start":{"line":37,"column":12},"end":{"line":40,"column":13}},{"start":{"line":37,"column":12},"end":{"line":40,"column":13}}]},"4":{"loc":{"start":{"line":46,"column":8},"end":{"line":50,"column":9}},"type":"if","locations":[{"start":{"line":46,"column":8},"end":{"line":50,"column":9}},{"start":{"line":46,"column":8},"end":{"line":50,"column":9}}]}},"s":{"0":18,"1":18,"2":4,"3":12,"4":1,"5":1,"6":2048,"7":1,"8":1,"9":2048,"10":2048,"11":2048,"12":3,"13":3,"14":4,"15":4,"16":1,"17":1,"18":1,"19":4,"20":4,"21":4,"22":4,"23":4,"24":11,"25":11,"26":11,"27":11},"f":{"0":18,"1":12,"2":1,"3":1,"4":2048,"5":4},"b":{"0":[4,14],"1":[1,11],"2":[12,2],"3":[3,2045],"4":[1,3]}}
,"/Users/dcampion/Documents/lets-do-javascript/low-level/src/emulator/Input.ts": {"path":"/Users/dcampion/Documents/lets-do-javascript/low-level/src/emulator/Input.ts","statementMap":{"0":{"start":{"line":6,"column":4},"end":{"line":6,"column":60}},"1":{"start":{"line":8,"column":4},"end":{"line":8,"column":41}},"2":{"start":{"line":10,"column":12},"end":{"line":15,"column":6}},"3":{"start":{"line":18,"column":8},"end":{"line":19,"column":19}},"4":{"start":{"line":19,"column":12},"end":{"line":19,"column":19}},"5":{"start":{"line":21,"column":8},"end":{"line":21,"column":72}},"6":{"start":{"line":22,"column":8},"end":{"line":22,"column":68}},"7":{"start":{"line":26,"column":8},"end":{"line":31,"column":9}},"8":{"start":{"line":29,"column":12},"end":{"line":29,"column":53}},"9":{"start":{"line":30,"column":12},"end":{"line":30,"column":44}},"10":{"start":{"line":35,"column":8},"end":{"line":35,"column":33}},"11":{"start":{"line":39,"column":23},"end":{"line":39,"column":48}},"12":{"start":{"line":40,"column":8},"end":{"line":41,"column":19}},"13":{"start":{"line":41,"column":12},"end":{"line":41,"column":19}},"14":{"start":{"line":43,"column":8},"end":{"line":43,"column":37}},"15":{"start":{"line":44,"column":8},"end":{"line":44,"column":39}},"16":{"start":{"line":48,"column":23},"end":{"line":48,"column":48}},"17":{"start":{"line":49,"column":8},"end":{"line":50,"column":19}},"18":{"start":{"line":50,"column":12},"end":{"line":50,"column":19}},"19":{"start":{"line":52,"column":8},"end":{"line":52,"column":40}},"20":{"start":{"line":5,"column":0},"end":{"line":54,"column":1}}},"fnMap":{"0":{"name":"(anonymous_0)","decl":{"start":{"line":17,"column":4},"end":{"line":null,"column":-1}},"loc":{"start":{"line":17,"column":4},"end":{"line":23,"column":5}}},"1":{"name":"(anonymous_1)","decl":{"start":{"line":25,"column":4},"end":{"line":25,"column":9}},"loc":{"start":{"line":25,"column":29},"end":{"line":32,"column":5}}},"2":{"name":"(anonymous_2)","decl":{"start":{"line":34,"column":4},"end":{"line":34,"column":17}},"loc":{"start":{"line":34,"column":36},"end":{"line":36,"column":5}}},"3":{"name":"(anonymous_3)","decl":{"start":{"line":38,"column":12},"end":{"line":38,"column":20}},"loc":{"start":{"line":38,"column":38},"end":{"line":45,"column":5}}},"4":{"name":"(anonymous_4)","decl":{"start":{"line":47,"column":12},"end":{"line":47,"column":18}},"loc":{"start":{"line":47,"column":36},"end":{"line":53,"column":5}}}},"branchMap":{"0":{"loc":{"start":{"line":18,"column":8},"end":{"line":19,"column":19}},"type":"if","locations":[{"start":{"line":18,"column":8},"end":{"line":19,"column":19}},{"start":{"line":18,"column":8},"end":{"line":19,"column":19}}]},"1":{"loc":{"start":{"line":26,"column":8},"end":{"line":31,"column":9}},"type":"if","locations":[{"start":{"line":26,"column":8},"end":{"line":31,"column":9}},{"start":{"line":26,"column":8},"end":{"line":31,"column":9}}]},"2":{"loc":{"start":{"line":26,"column":12},"end":{"line":26,"column":31}},"type":"binary-expr","locations":[{"start":{"line":26,"column":12},"end":{"line":26,"column":31}},{"start":{"line":27,"column":15},"end":{"line":27,"column":34}},{"start":{"line":28,"column":15},"end":{"line":28,"column":51}}]},"3":{"loc":{"start":{"line":40,"column":8},"end":{"line":41,"column":19}},"type":"if","locations":[{"start":{"line":40,"column":8},"end":{"line":41,"column":19}},{"start":{"line":40,"column":8},"end":{"line":41,"column":19}}]},"4":{"loc":{"start":{"line":49,"column":8},"end":{"line":50,"column":19}},"type":"if","locations":[{"start":{"line":49,"column":8},"end":{"line":50,"column":19}},{"start":{"line":49,"column":8},"end":{"line":50,"column":19}}]}},"s":{"0":14,"1":14,"2":14,"3":14,"4":11,"5":3,"6":3,"7":3,"8":1,"9":1,"10":3,"11":5,"12":5,"13":1,"14":4,"15":4,"16":4,"17":4,"18":1,"19":3,"20":10},"f":{"0":14,"1":3,"2":3,"3":5,"4":4},"b":{"0":[11,3],"1":[1,2],"2":[3,3,2],"3":[1,4],"4":[1,3]}}
,"/Users/dcampion/Documents/lets-do-javascript/low-level/src/emulator/SPU.ts": {"path":"/Users/dcampion/Documents/lets-do-javascript/low-level/src/emulator/SPU.ts","statementMap":{"0":{"start":{"line":13,"column":12},"end":{"line":13,"column":34}},"1":{"start":{"line":16,"column":8},"end":{"line":17,"column":19}},"2":{"start":{"line":17,"column":12},"end":{"line":17,"column":19}},"3":{"start":{"line":19,"column":8},"end":{"line":19,"column":42}},"4":{"start":{"line":20,"column":8},"end":{"line":20,"column":42}},"5":{"start":{"line":21,"column":8},"end":{"line":21,"column":52}},"6":{"start":{"line":22,"column":8},"end":{"line":22,"column":54}},"7":{"start":{"line":23,"column":8},"end":{"line":23,"column":43}},"8":{"start":{"line":27,"column":8},"end":{"line":28,"column":19}},"9":{"start":{"line":28,"column":12},"end":{"line":28,"column":19}},"10":{"start":{"line":30,"column":8},"end":{"line":33,"column":9}},"11":{"start":{"line":31,"column":12},"end":{"line":32,"column":15}},"12":{"start":{"line":34,"column":8},"end":{"line":35,"column":25}},"13":{"start":{"line":35,"column":12},"end":{"line":35,"column":25}},"14":{"start":{"line":38,"column":8},"end":{"line":39,"column":24}},"15":{"start":{"line":39,"column":12},"end":{"line":39,"column":24}},"16":{"start":{"line":43,"column":21},"end":{"line":43,"column":46}},"17":{"start":{"line":44,"column":8},"end":{"line":44,"column":28}},"18":{"start":{"line":46,"column":8},"end":{"line":46,"column":20}},"19":{"start":{"line":50,"column":27},"end":{"line":50,"column":58}},"20":{"start":{"line":52,"column":8},"end":{"line":52,"column":33}},"21":{"start":{"line":53,"column":8},"end":{"line":53,"column":78}},"22":{"start":{"line":54,"column":8},"end":{"line":54,"column":28}},"23":{"start":{"line":55,"column":8},"end":{"line":55,"column":38}},"24":{"start":{"line":57,"column":8},"end":{"line":57,"column":26}},"25":{"start":{"line":61,"column":8},"end":{"line":61,"column":101}},"26":{"start":{"line":62,"column":8},"end":{"line":62,"column":25}},"27":{"start":{"line":66,"column":8},"end":{"line":66,"column":87}},"28":{"start":{"line":67,"column":8},"end":{"line":67,"column":26}},"29":{"start":{"line":5,"column":11},"end":{"line":5,"column":20}},"30":{"start":{"line":6,"column":11},"end":{"line":6,"column":29}},"31":{"start":{"line":7,"column":11},"end":{"line":7,"column":33}},"32":{"start":{"line":4,"column":0},"end":{"line":69,"column":1}}},"fnMap":{"0":{"name":"(anonymous_0)","decl":{"start":{"line":15,"column":4},"end":{"line":null,"column":-1}},"loc":{"start":{"line":15,"column":4},"end":{"line":24,"column":5}}},"1":{"name":"(anonymous_1)","decl":{"start":{"line":26,"column":4},"end":{"line":26,"column":9}},"loc":{"start":{"line":26,"column":29},"end":{"line":40,"column":5}}},"2":{"name":"(anonymous_2)","decl":{"start":{"line":31,"column":39},"end":{"line":31,"column":41}},"loc":{"start":{"line":31,"column":44},"end":{"line":32,"column":13}}},"3":{"name":"(anonymous_3)","decl":{"start":{"line":42,"column":12},"end":{"line":42,"column":25}},"loc":{"start":{"line":42,"column":26},"end":{"line":47,"column":5}}},"4":{"name":"(anonymous_4)","decl":{"start":{"line":49,"column":12},"end":{"line":49,"column":31}},"loc":{"start":{"line":49,"column":32},"end":{"line":58,"column":5}}},"5":{"name":"(anonymous_5)","decl":{"start":{"line":60,"column":12},"end":{"line":60,"column":16}},"loc":{"start":{"line":60,"column":17},"end":{"line":63,"column":5}}},"6":{"name":"(anonymous_6)","decl":{"start":{"line":65,"column":12},"end":{"line":65,"column":15}},"loc":{"start":{"line":65,"column":16},"end":{"line":68,"column":5}}}},"branchMap":{"0":{"loc":{"start":{"line":16,"column":8},"end":{"line":17,"column":19}},"type":"if","locations":[{"start":{"line":16,"column":8},"end":{"line":17,"column":19}},{"start":{"line":16,"column":8},"end":{"line":17,"column":19}}]},"1":{"loc":{"start":{"line":27,"column":8},"end":{"line":28,"column":19}},"type":"if","locations":[{"start":{"line":27,"column":8},"end":{"line":28,"column":19}},{"start":{"line":27,"column":8},"end":{"line":28,"column":19}}]},"2":{"loc":{"start":{"line":30,"column":8},"end":{"line":33,"column":9}},"type":"if","locations":[{"start":{"line":30,"column":8},"end":{"line":33,"column":9}},{"start":{"line":30,"column":8},"end":{"line":33,"column":9}}]},"3":{"loc":{"start":{"line":34,"column":8},"end":{"line":35,"column":25}},"type":"if","locations":[{"start":{"line":34,"column":8},"end":{"line":35,"column":25}},{"start":{"line":34,"column":8},"end":{"line":35,"column":25}}]},"4":{"loc":{"start":{"line":34,"column":12},"end":{"line":34,"column":23}},"type":"binary-expr","locations":[{"start":{"line":34,"column":12},"end":{"line":34,"column":23}},{"start":{"line":34,"column":27},"end":{"line":34,"column":37}}]},"5":{"loc":{"start":{"line":38,"column":8},"end":{"line":39,"column":24}},"type":"if","locations":[{"start":{"line":38,"column":8},"end":{"line":39,"column":24}},{"start":{"line":38,"column":8},"end":{"line":39,"column":24}}]}},"s":{"0":15,"1":15,"2":11,"3":4,"4":4,"5":4,"6":4,"7":4,"8":15,"9":11,"10":4,"11":1,"12":4,"13":3,"14":4,"15":1,"16":4,"17":4,"18":4,"19":4,"20":4,"21":4,"22":4,"23":4,"24":4,"25":3,"26":3,"27":1,"28":1,"29":10,"30":10,"31":10,"32":10},"f":{"0":15,"1":15,"2":1,"3":4,"4":4,"5":3,"6":1},"b":{"0":[11,4],"1":[11,4],"2":[1,3],"3":[3,1],"4":[4,3],"5":[1,3]}}
,"/Users/dcampion/Documents/lets-do-javascript/low-level/src/emulator/fontSet.ts": {"path":"/Users/dcampion/Documents/lets-do-javascript/low-level/src/emulator/fontSet.ts","statementMap":{"0":{"start":{"line":1,"column":13},"end":{"line":30,"column":3}}},"fnMap":{},"branchMap":{},"s":{"0":9},"f":{},"b":{}}
,"/Users/dcampion/Documents/lets-do-javascript/low-level/src/emulator/opcodes/display.ts": {"path":"/Users/dcampion/Documents/lets-do-javascript/low-level/src/emulator/opcodes/display.ts","statementMap":{"0":{"start":{"line":2,"column":0},"end":{"line":2,"column":26}},"1":{"start":{"line":12,"column":13},"end":{"line":15,"column":2}},"2":{"start":{"line":13,"column":4},"end":{"line":13,"column":27}},"3":{"start":{"line":14,"column":4},"end":{"line":14,"column":18}},"4":{"start":{"line":25,"column":13},"end":{"line":49,"column":2}},"5":{"start":{"line":26,"column":32},"end":{"line":26,"column":56}},"6":{"start":{"line":28,"column":4},"end":{"line":45,"column":5}},"7":{"start":{"line":29,"column":23},"end":{"line":29,"column":60}},"8":{"start":{"line":30,"column":27},"end":{"line":30,"column":37}},"9":{"start":{"line":32,"column":8},"end":{"line":44,"column":9}},"10":{"start":{"line":33,"column":25},"end":{"line":33,"column":42}},"11":{"start":{"line":34,"column":34},"end":{"line":34,"column":56}},"12":{"start":{"line":36,"column":12},"end":{"line":43,"column":13}},"13":{"start":{"line":37,"column":32},"end":{"line":37,"column":55}},"14":{"start":{"line":38,"column":32},"end":{"line":38,"column":55}},"15":{"start":{"line":39,"column":34},"end":{"line":39,"column":63}},"16":{"start":{"line":41,"column":16},"end":{"line":41,"column":65}},"17":{"start":{"line":42,"column":16},"end":{"line":42,"column":48}},"18":{"start":{"line":47,"column":4},"end":{"line":47,"column":27}},"19":{"start":{"line":48,"column":4},"end":{"line":48,"column":19}}},"fnMap":{"0":{"name":"(anonymous_0)","decl":{"start":{"line":12,"column":36},"end":{"line":null,"column":-1}},"loc":{"start":{"line":12,"column":36},"end":{"line":15,"column":1}}},"1":{"name":"(anonymous_1)","decl":{"start":{"line":25,"column":29},"end":{"line":null,"column":-1}},"loc":{"start":{"line":25,"column":29},"end":{"line":49,"column":1}}}},"branchMap":{"0":{"loc":{"start":{"line":36,"column":12},"end":{"line":43,"column":13}},"type":"if","locations":[{"start":{"line":36,"column":12},"end":{"line":43,"column":13}},{"start":{"line":36,"column":12},"end":{"line":43,"column":13}}]}},"s":{"0":9,"1":9,"2":1,"3":1,"4":9,"5":6,"6":6,"7":16,"8":16,"9":16,"10":128,"11":128,"12":128,"13":47,"14":47,"15":47,"16":47,"17":47,"18":6,"19":6},"f":{"0":1,"1":6},"b":{"0":[47,81]}}
,"/Users/dcampion/Documents/lets-do-javascript/low-level/src/emulator/opcodes/flow.ts": {"path":"/Users/dcampion/Documents/lets-do-javascript/low-level/src/emulator/opcodes/flow.ts","statementMap":{"0":{"start":{"line":11,"column":13},"end":{"line":13,"column":2}},"1":{"start":{"line":12,"column":4},"end":{"line":12,"column":55}},"2":{"start":{"line":15,"column":13},"end":{"line":18,"column":2}},"3":{"start":{"line":16,"column":4},"end":{"line":16,"column":58}},"4":{"start":{"line":17,"column":4},"end":{"line":17,"column":55}},"5":{"start":{"line":20,"column":13},"end":{"line":22,"column":2}},"6":{"start":{"line":21,"column":4},"end":{"line":21,"column":77}},"7":{"start":{"line":24,"column":13},"end":{"line":27,"column":2}},"8":{"start":{"line":25,"column":4},"end":{"line":25,"column":58}},"9":{"start":{"line":26,"column":4},"end":{"line":26,"column":19}},"10":{"start":{"line":29,"column":13},"end":{"line":37,"column":2}},"11":{"start":{"line":30,"column":17},"end":{"line":30,"column":59}},"12":{"start":{"line":32,"column":4},"end":{"line":33,"column":23}},"13":{"start":{"line":33,"column":8},"end":{"line":33,"column":23}},"14":{"start":{"line":36,"column":4},"end":{"line":36,"column":19}},"15":{"start":{"line":39,"column":13},"end":{"line":47,"column":2}},"16":{"start":{"line":40,"column":17},"end":{"line":40,"column":59}},"17":{"start":{"line":42,"column":4},"end":{"line":43,"column":23}},"18":{"start":{"line":43,"column":8},"end":{"line":43,"column":23}},"19":{"start":{"line":46,"column":4},"end":{"line":46,"column":19}},"20":{"start":{"line":49,"column":13},"end":{"line":57,"column":2}},"21":{"start":{"line":50,"column":17},"end":{"line":50,"column":59}},"22":{"start":{"line":51,"column":17},"end":{"line":51,"column":59}},"23":{"start":{"line":53,"column":4},"end":{"line":54,"column":23}},"24":{"start":{"line":54,"column":8},"end":{"line":54,"column":23}},"25":{"start":{"line":56,"column":4},"end":{"line":56,"column":19}},"26":{"start":{"line":59,"column":13},"end":{"line":67,"column":2}},"27":{"start":{"line":60,"column":17},"end":{"line":60,"column":59}},"28":{"start":{"line":61,"column":17},"end":{"line":61,"column":59}},"29":{"start":{"line":63,"column":4},"end":{"line":64,"column":23}},"30":{"start":{"line":64,"column":8},"end":{"line":64,"column":23}},"31":{"start":{"line":66,"column":4},"end":{"line":66,"column":19}}},"fnMap":{"0":{"name":"(anonymous_0)","decl":{"start":{"line":11,"column":38},"end":{"line":null,"column":-1}},"loc":{"start":{"line":11,"column":38},"end":{"line":13,"column":1}}},"1":{"name":"(anonymous_1)","decl":{"start":{"line":15,"column":41},"end":{"line":null,"column":-1}},"loc":{"start":{"line":15,"column":41},"end":{"line":18,"column":1}}},"2":{"name":"(anonymous_2)","decl":{"start":{"line":20,"column":50},"end":{"line":null,"column":-1}},"loc":{"start":{"line":20,"column":50},"end":{"line":22,"column":1}}},"3":{"name":"(anonymous_3)","decl":{"start":{"line":24,"column":45},"end":{"line":null,"column":-1}},"loc":{"start":{"line":24,"column":45},"end":{"line":27,"column":1}}},"4":{"name":"(anonymous_4)","decl":{"start":{"line":29,"column":32},"end":{"line":null,"column":-1}},"loc":{"start":{"line":29,"column":32},"end":{"line":37,"column":1}}},"5":{"name":"(anonymous_5)","decl":{"start":{"line":39,"column":32},"end":{"line":null,"column":-1}},"loc":{"start":{"line":39,"column":32},"end":{"line":47,"column":1}}},"6":{"name":"(anonymous_6)","decl":{"start":{"line":49,"column":31},"end":{"line":null,"column":-1}},"loc":{"start":{"line":49,"column":31},"end":{"line":57,"column":1}}},"7":{"name":"(anonymous_7)","decl":{"start":{"line":59,"column":31},"end":{"line":null,"column":-1}},"loc":{"start":{"line":59,"column":31},"end":{"line":67,"column":1}}}},"branchMap":{"0":{"loc":{"start":{"line":32,"column":4},"end":{"line":33,"column":23}},"type":"if","locations":[{"start":{"line":32,"column":4},"end":{"line":33,"column":23}},{"start":{"line":32,"column":4},"end":{"line":33,"column":23}}]},"1":{"loc":{"start":{"line":42,"column":4},"end":{"line":43,"column":23}},"type":"if","locations":[{"start":{"line":42,"column":4},"end":{"line":43,"column":23}},{"start":{"line":42,"column":4},"end":{"line":43,"column":23}}]},"2":{"loc":{"start":{"line":53,"column":4},"end":{"line":54,"column":23}},"type":"if","locations":[{"start":{"line":53,"column":4},"end":{"line":54,"column":23}},{"start":{"line":53,"column":4},"end":{"line":54,"column":23}}]},"3":{"loc":{"start":{"line":63,"column":4},"end":{"line":64,"column":23}},"type":"if","locations":[{"start":{"line":63,"column":4},"end":{"line":64,"column":23}},{"start":{"line":63,"column":4},"end":{"line":64,"column":23}}]}},"s":{"0":9,"1":1,"2":9,"3":2,"4":2,"5":9,"6":2,"7":9,"8":2,"9":2,"10":9,"11":2,"12":2,"13":1,"14":2,"15":9,"16":2,"17":2,"18":1,"19":2,"20":9,"21":2,"22":2,"23":2,"24":1,"25":2,"26":9,"27":2,"28":2,"29":2,"30":1,"31":2},"f":{"0":1,"1":2,"2":2,"3":2,"4":2,"5":2,"6":2,"7":2},"b":{"0":[1,1],"1":[1,1],"2":[1,1],"3":[1,1]}}
,"/Users/dcampion/Documents/lets-do-javascript/low-level/src/emulator/opcodes/index.ts": {"path":"/Users/dcampion/Documents/lets-do-javascript/low-level/src/emulator/opcodes/index.ts","statementMap":{"0":{"start":{"line":2,"column":0},"end":{"line":2,"column":43}},"1":{"start":{"line":3,"column":0},"end":{"line":3,"column":137}},"2":{"start":{"line":4,"column":0},"end":{"line":4,"column":136}},"3":{"start":{"line":5,"column":0},"end":{"line":5,"column":54}},"4":{"start":{"line":6,"column":0},"end":{"line":6,"column":27}},"5":{"start":{"line":7,"column":0},"end":{"line":7,"column":37}},"6":{"start":{"line":8,"column":0},"end":{"line":8,"column":46}},"7":{"start":{"line":13,"column":13},"end":{"line":84,"column":2}},"8":{"start":{"line":15,"column":4},"end":{"line":83,"column":5}},"9":{"start":{"line":17,"column":12},"end":{"line":21,"column":13}},"10":{"start":{"line":18,"column":16},"end":{"line":18,"column":60}},"11":{"start":{"line":20,"column":16},"end":{"line":20,"column":30}},"12":{"start":{"line":24,"column":22},"end":{"line":24,"column":44}},"13":{"start":{"line":26,"column":22},"end":{"line":26,"column":53}},"14":{"start":{"line":27,"column":22},"end":{"line":27,"column":46}},"15":{"start":{"line":28,"column":22},"end":{"line":28,"column":49}},"16":{"start":{"line":30,"column":22},"end":{"line":30,"column":40}},"17":{"start":{"line":31,"column":22},"end":{"line":31,"column":40}},"18":{"start":{"line":32,"column":22},"end":{"line":32,"column":39}},"19":{"start":{"line":34,"column":22},"end":{"line":34,"column":44}},"20":{"start":{"line":35,"column":22},"end":{"line":35,"column":44}},"21":{"start":{"line":38,"column":12},"end":{"line":42,"column":13}},"22":{"start":{"line":39,"column":16},"end":{"line":39,"column":70}},"23":{"start":{"line":41,"column":16},"end":{"line":41,"column":45}},"24":{"start":{"line":44,"column":22},"end":{"line":44,"column":35}},"25":{"start":{"line":45,"column":22},"end":{"line":45,"column":36}},"26":{"start":{"line":46,"column":22},"end":{"line":46,"column":36}},"27":{"start":{"line":47,"column":22},"end":{"line":47,"column":36}},"28":{"start":{"line":48,"column":22},"end":{"line":48,"column":41}},"29":{"start":{"line":49,"column":22},"end":{"line":49,"column":43}},"30":{"start":{"line":50,"column":22},"end":{"line":50,"column":49}},"31":{"start":{"line":51,"column":22},"end":{"line":51,"column":42}},"32":{"start":{"line":53,"column":22},"end":{"line":53,"column":39}},"33":{"start":{"line":55,"column":22},"end":{"line":55,"column":36}},"34":{"start":{"line":57,"column":22},"end":{"line":57,"column":58}},"35":{"start":{"line":59,"column":22},"end":{"line":59,"column":37}},"36":{"start":{"line":61,"column":22},"end":{"line":61,"column":37}},"37":{"start":{"line":63,"column":22},"end":{"line":63,"column":75}},"38":{"start":{"line":64,"column":22},"end":{"line":64,"column":37}},"39":{"start":{"line":65,"column":22},"end":{"line":65,"column":37}},"40":{"start":{"line":67,"column":22},"end":{"line":67,"column":75}},"41":{"start":{"line":68,"column":22},"end":{"line":68,"column":39}},"42":{"start":{"line":70,"column":22},"end":{"line":70,"column":36}},"43":{"start":{"line":72,"column":22},"end":{"line":72,"column":39}},"44":{"start":{"line":73,"column":22},"end":{"line":73,"column":39}},"45":{"start":{"line":75,"column":22},"end":{"line":75,"column":36}},"46":{"start":{"line":77,"column":22},"end":{"line":77,"column":37}},"47":{"start":{"line":79,"column":22},"end":{"line":79,"column":36}},"48":{"start":{"line":81,"column":22},"end":{"line":81,"column":36}},"49":{"start":{"line":82,"column":22},"end":{"line":82,"column":36}}},"fnMap":{"0":{"name":"(anonymous_0)","decl":{"start":{"line":13,"column":23},"end":{"line":null,"column":-1}},"loc":{"start":{"line":13,"column":23},"end":{"line":84,"column":1}}},"1":{"name":"(anonymous_1)","decl":{"start":{"line":16,"column":16},"end":{"line":16,"column":18}},"loc":{"start":{"line":16,"column":21},"end":{"line":22,"column":9}}},"2":{"name":"(anonymous_2)","decl":{"start":{"line":24,"column":16},"end":{"line":24,"column":18}},"loc":{"start":{"line":24,"column":22},"end":{"line":24,"column":44}}},"3":{"name":"(anonymous_3)","decl":{"start":{"line":26,"column":16},"end":{"line":26,"column":18}},"loc":{"start":{"line":26,"column":22},"end":{"line":26,"column":53}}},"4":{"name":"(anonymous_4)","decl":{"start":{"line":27,"column":16},"end":{"line":27,"column":18}},"loc":{"start":{"line":27,"column":22},"end":{"line":27,"column":46}}},"5":{"name":"(anonymous_5)","decl":{"start":{"line":28,"column":16},"end":{"line":28,"column":18}},"loc":{"start":{"line":28,"column":22},"end":{"line":28,"column":49}}},"6":{"name":"(anonymous_6)","decl":{"start":{"line":30,"column":16},"end":{"line":30,"column":18}},"loc":{"start":{"line":30,"column":22},"end":{"line":30,"column":40}}},"7":{"name":"(anonymous_7)","decl":{"start":{"line":31,"column":16},"end":{"line":31,"column":18}},"loc":{"start":{"line":31,"column":22},"end":{"line":31,"column":40}}},"8":{"name":"(anonymous_8)","decl":{"start":{"line":32,"column":16},"end":{"line":32,"column":18}},"loc":{"start":{"line":32,"column":22},"end":{"line":32,"column":39}}},"9":{"name":"(anonymous_9)","decl":{"start":{"line":34,"column":16},"end":{"line":34,"column":18}},"loc":{"start":{"line":34,"column":22},"end":{"line":34,"column":44}}},"10":{"name":"(anonymous_10)","decl":{"start":{"line":35,"column":16},"end":{"line":35,"column":18}},"loc":{"start":{"line":35,"column":22},"end":{"line":35,"column":44}}},"11":{"name":"(anonymous_11)","decl":{"start":{"line":37,"column":16},"end":{"line":37,"column":18}},"loc":{"start":{"line":37,"column":21},"end":{"line":43,"column":9}}},"12":{"name":"(anonymous_12)","decl":{"start":{"line":44,"column":16},"end":{"line":44,"column":18}},"loc":{"start":{"line":44,"column":22},"end":{"line":44,"column":35}}},"13":{"name":"(anonymous_13)","decl":{"start":{"line":45,"column":16},"end":{"line":45,"column":18}},"loc":{"start":{"line":45,"column":22},"end":{"line":45,"column":36}}},"14":{"name":"(anonymous_14)","decl":{"start":{"line":46,"column":16},"end":{"line":46,"column":18}},"loc":{"start":{"line":46,"column":22},"end":{"line":46,"column":36}}},"15":{"name":"(anonymous_15)","decl":{"start":{"line":47,"column":16},"end":{"line":47,"column":18}},"loc":{"start":{"line":47,"column":22},"end":{"line":47,"column":36}}},"16":{"name":"(anonymous_16)","decl":{"start":{"line":48,"column":16},"end":{"line":48,"column":18}},"loc":{"start":{"line":48,"column":22},"end":{"line":48,"column":41}}},"17":{"name":"(anonymous_17)","decl":{"start":{"line":49,"column":16},"end":{"line":49,"column":18}},"loc":{"start":{"line":49,"column":22},"end":{"line":49,"column":43}}},"18":{"name":"(anonymous_18)","decl":{"start":{"line":50,"column":16},"end":{"line":50,"column":18}},"loc":{"start":{"line":50,"column":22},"end":{"line":50,"column":49}}},"19":{"name":"(anonymous_19)","decl":{"start":{"line":51,"column":16},"end":{"line":51,"column":18}},"loc":{"start":{"line":51,"column":22},"end":{"line":51,"column":42}}},"20":{"name":"(anonymous_20)","decl":{"start":{"line":53,"column":16},"end":{"line":53,"column":18}},"loc":{"start":{"line":53,"column":22},"end":{"line":53,"column":39}}},"21":{"name":"(anonymous_21)","decl":{"start":{"line":55,"column":16},"end":{"line":55,"column":18}},"loc":{"start":{"line":55,"column":22},"end":{"line":55,"column":36}}},"22":{"name":"(anonymous_22)","decl":{"start":{"line":57,"column":16},"end":{"line":57,"column":18}},"loc":{"start":{"line":57,"column":22},"end":{"line":57,"column":58}}},"23":{"name":"(anonymous_23)","decl":{"start":{"line":59,"column":16},"end":{"line":59,"column":18}},"loc":{"start":{"line":59,"column":22},"end":{"line":59,"column":37}}},"24":{"name":"(anonymous_24)","decl":{"start":{"line":61,"column":16},"end":{"line":61,"column":18}},"loc":{"start":{"line":61,"column":22},"end":{"line":61,"column":37}}},"25":{"name":"(anonymous_25)","decl":{"start":{"line":63,"column":16},"end":{"line":63,"column":18}},"loc":{"start":{"line":63,"column":22},"end":{"line":63,"column":75}}},"26":{"name":"(anonymous_26)","decl":{"start":{"line":64,"column":16},"end":{"line":64,"column":18}},"loc":{"start":{"line":64,"column":22},"end":{"line":64,"column":37}}},"27":{"name":"(anonymous_27)","decl":{"start":{"line":65,"column":16},"end":{"line":65,"column":18}},"loc":{"start":{"line":65,"column":22},"end":{"line":65,"column":37}}},"28":{"name":"(anonymous_28)","decl":{"start":{"line":67,"column":16},"end":{"line":67,"column":18}},"loc":{"start":{"line":67,"column":22},"end":{"line":67,"column":75}}},"29":{"name":"(anonymous_29)","decl":{"start":{"line":68,"column":16},"end":{"line":68,"column":18}},"loc":{"start":{"line":68,"column":22},"end":{"line":68,"column":39}}},"30":{"name":"(anonymous_30)","decl":{"start":{"line":70,"column":16},"end":{"line":70,"column":18}},"loc":{"start":{"line":70,"column":22},"end":{"line":70,"column":36}}},"31":{"name":"(anonymous_31)","decl":{"start":{"line":72,"column":16},"end":{"line":72,"column":18}},"loc":{"start":{"line":72,"column":22},"end":{"line":72,"column":39}}},"32":{"name":"(anonymous_32)","decl":{"start":{"line":73,"column":16},"end":{"line":73,"column":18}},"loc":{"start":{"line":73,"column":22},"end":{"line":73,"column":39}}},"33":{"name":"(anonymous_33)","decl":{"start":{"line":75,"column":16},"end":{"line":75,"column":18}},"loc":{"start":{"line":75,"column":22},"end":{"line":75,"column":36}}},"34":{"name":"(anonymous_34)","decl":{"start":{"line":77,"column":16},"end":{"line":77,"column":18}},"loc":{"start":{"line":77,"column":22},"end":{"line":77,"column":37}}},"35":{"name":"(anonymous_35)","decl":{"start":{"line":79,"column":16},"end":{"line":79,"column":18}},"loc":{"start":{"line":79,"column":22},"end":{"line":79,"column":36}}},"36":{"name":"(anonymous_36)","decl":{"start":{"line":81,"column":16},"end":{"line":81,"column":18}},"loc":{"start":{"line":81,"column":22},"end":{"line":81,"column":36}}},"37":{"name":"(anonymous_37)","decl":{"start":{"line":82,"column":16},"end":{"line":82,"column":18}},"loc":{"start":{"line":82,"column":22},"end":{"line":82,"column":36}}}},"branchMap":{"0":{"loc":{"start":{"line":17,"column":12},"end":{"line":21,"column":13}},"type":"if","locations":[{"start":{"line":17,"column":12},"end":{"line":21,"column":13}},{"start":{"line":17,"column":12},"end":{"line":21,"column":13}}]},"1":{"loc":{"start":{"line":38,"column":12},"end":{"line":42,"column":13}},"type":"if","locations":[{"start":{"line":38,"column":12},"end":{"line":42,"column":13}},{"start":{"line":38,"column":12},"end":{"line":42,"column":13}}]}},"s":{"0":9,"1":9,"2":9,"3":9,"4":9,"5":9,"6":9,"7":9,"8":9,"9":7,"10":4,"11":3,"12":1,"13":5,"14":1,"15":1,"16":1,"17":1,"18":1,"19":1,"20":1,"21":2,"22":1,"23":1,"24":1,"25":1,"26":1,"27":1,"28":1,"29":1,"30":1,"31":1,"32":1,"33":1,"34":1,"35":1,"36":2,"37":1,"38":1,"39":1,"40":1,"41":1,"42":1,"43":1,"44":1,"45":1,"46":1,"47":1,"48":1,"49":1},"f":{"0":9,"1":7,"2":1,"3":5,"4":1,"5":1,"6":1,"7":1,"8":1,"9":1,"10":1,"11":2,"12":1,"13":1,"14":1,"15":1,"16":1,"17":1,"18":1,"19":1,"20":1,"21":1,"22":1,"23":1,"24":2,"25":1,"26":1,"27":1,"28":1,"29":1,"30":1,"31":1,"32":1,"33":1,"34":1,"35":1,"36":1,"37":1},"b":{"0":[4,3],"1":[1,1]}}
,"/Users/dcampion/Documents/lets-do-javascript/low-level/src/emulator/opcodes/key.ts": {"path":"/Users/dcampion/Documents/lets-do-javascript/low-level/src/emulator/opcodes/key.ts","statementMap":{"0":{"start":{"line":11,"column":13},"end":{"line":18,"column":2}},"1":{"start":{"line":12,"column":22},"end":{"line":12,"column":64}},"2":{"start":{"line":14,"column":4},"end":{"line":15,"column":23}},"3":{"start":{"line":15,"column":8},"end":{"line":15,"column":23}},"4":{"start":{"line":17,"column":4},"end":{"line":17,"column":19}},"5":{"start":{"line":23,"column":13},"end":{"line":30,"column":2}},"6":{"start":{"line":24,"column":22},"end":{"line":24,"column":64}},"7":{"start":{"line":26,"column":4},"end":{"line":27,"column":23}},"8":{"start":{"line":27,"column":8},"end":{"line":27,"column":23}},"9":{"start":{"line":29,"column":4},"end":{"line":29,"column":19}},"10":{"start":{"line":32,"column":13},"end":{"line":40,"column":2}},"11":{"start":{"line":33,"column":4},"end":{"line":33,"column":27}},"12":{"start":{"line":34,"column":4},"end":{"line":37,"column":7}},"13":{"start":{"line":35,"column":8},"end":{"line":35,"column":30}},"14":{"start":{"line":36,"column":8},"end":{"line":36,"column":57}},"15":{"start":{"line":39,"column":4},"end":{"line":39,"column":19}}},"fnMap":{"0":{"name":"(anonymous_0)","decl":{"start":{"line":11,"column":29},"end":{"line":null,"column":-1}},"loc":{"start":{"line":11,"column":29},"end":{"line":18,"column":1}}},"1":{"name":"(anonymous_1)","decl":{"start":{"line":23,"column":29},"end":{"line":null,"column":-1}},"loc":{"start":{"line":23,"column":29},"end":{"line":30,"column":1}}},"2":{"name":"(anonymous_2)","decl":{"start":{"line":32,"column":28},"end":{"line":null,"column":-1}},"loc":{"start":{"line":32,"column":28},"end":{"line":40,"column":1}}},"3":{"name":"(anonymous_3)","decl":{"start":{"line":34,"column":30},"end":{"line":34,"column":31}},"loc":{"start":{"line":34,"column":46},"end":{"line":37,"column":5}}}},"branchMap":{"0":{"loc":{"start":{"line":14,"column":4},"end":{"line":15,"column":23}},"type":"if","locations":[{"start":{"line":14,"column":4},"end":{"line":15,"column":23}},{"start":{"line":14,"column":4},"end":{"line":15,"column":23}}]},"1":{"loc":{"start":{"line":26,"column":4},"end":{"line":27,"column":23}},"type":"if","locations":[{"start":{"line":26,"column":4},"end":{"line":27,"column":23}},{"start":{"line":26,"column":4},"end":{"line":27,"column":23}}]}},"s":{"0":9,"1":2,"2":2,"3":1,"4":2,"5":9,"6":2,"7":2,"8":1,"9":2,"10":9,"11":3,"12":3,"13":1,"14":1,"15":3},"f":{"0":2,"1":2,"2":3,"3":1},"b":{"0":[1,1],"1":[1,1]}}
,"/Users/dcampion/Documents/lets-do-javascript/low-level/src/emulator/opcodes/math.ts": {"path":"/Users/dcampion/Documents/lets-do-javascript/low-level/src/emulator/opcodes/math.ts","statementMap":{"0":{"start":{"line":13,"column":13},"end":{"line":20,"column":2}},"1":{"start":{"line":14,"column":22},"end":{"line":14,"column":64}},"2":{"start":{"line":15,"column":22},"end":{"line":15,"column":64}},"3":{"start":{"line":17,"column":4},"end":{"line":17,"column":71}},"4":{"start":{"line":19,"column":4},"end":{"line":19,"column":19}},"5":{"start":{"line":27,"column":13},"end":{"line":33,"column":2}},"6":{"start":{"line":28,"column":22},"end":{"line":28,"column":64}},"7":{"start":{"line":29,"column":22},"end":{"line":29,"column":64}},"8":{"start":{"line":31,"column":4},"end":{"line":31,"column":71}},"9":{"start":{"line":32,"column":4},"end":{"line":32,"column":19}},"10":{"start":{"line":40,"column":13},"end":{"line":47,"column":2}},"11":{"start":{"line":41,"column":22},"end":{"line":41,"column":64}},"12":{"start":{"line":42,"column":22},"end":{"line":42,"column":64}},"13":{"start":{"line":44,"column":4},"end":{"line":44,"column":71}},"14":{"start":{"line":46,"column":4},"end":{"line":46,"column":19}},"15":{"start":{"line":55,"column":13},"end":{"line":63,"column":2}},"16":{"start":{"line":56,"column":22},"end":{"line":56,"column":64}},"17":{"start":{"line":57,"column":22},"end":{"line":57,"column":64}},"18":{"start":{"line":59,"column":4},"end":{"line":59,"column":65}},"19":{"start":{"line":60,"column":4},"end":{"line":60,"column":71}},"20":{"start":{"line":62,"column":4},"end":{"line":62,"column":19}},"21":{"start":{"line":71,"column":13},"end":{"line":79,"column":2}},"22":{"start":{"line":72,"column":22},"end":{"line":72,"column":64}},"23":{"start":{"line":73,"column":22},"end":{"line":73,"column":64}},"24":{"start":{"line":75,"column":4},"end":{"line":75,"column":56}},"25":{"start":{"line":76,"column":4},"end":{"line":76,"column":71}},"26":{"start":{"line":78,"column":4},"end":{"line":78,"column":19}},"27":{"start":{"line":87,"column":13},"end":{"line":94,"column":2}},"28":{"start":{"line":88,"column":22},"end":{"line":88,"column":64}},"29":{"start":{"line":90,"column":4},"end":{"line":90,"column":42}},"30":{"start":{"line":91,"column":4},"end":{"line":91,"column":64}},"31":{"start":{"line":93,"column":4},"end":{"line":93,"column":19}},"32":{"start":{"line":101,"column":13},"end":{"line":109,"column":2}},"33":{"start":{"line":102,"column":22},"end":{"line":102,"column":64}},"34":{"start":{"line":103,"column":22},"end":{"line":103,"column":64}},"35":{"start":{"line":105,"column":4},"end":{"line":105,"column":56}},"36":{"start":{"line":106,"column":4},"end":{"line":106,"column":71}},"37":{"start":{"line":108,"column":4},"end":{"line":108,"column":19}},"38":{"start":{"line":117,"column":13},"end":{"line":124,"column":2}},"39":{"start":{"line":118,"column":22},"end":{"line":118,"column":64}},"40":{"start":{"line":120,"column":4},"end":{"line":120,"column":63}},"41":{"start":{"line":121,"column":4},"end":{"line":121,"column":64}},"42":{"start":{"line":123,"column":4},"end":{"line":123,"column":19}},"43":{"start":{"line":129,"column":13},"end":{"line":133,"column":2}},"44":{"start":{"line":130,"column":4},"end":{"line":130,"column":77}},"45":{"start":{"line":132,"column":4},"end":{"line":132,"column":19}},"46":{"start":{"line":138,"column":13},"end":{"line":142,"column":2}},"47":{"start":{"line":139,"column":4},"end":{"line":139,"column":78}},"48":{"start":{"line":141,"column":4},"end":{"line":141,"column":19}},"49":{"start":{"line":147,"column":13},"end":{"line":151,"column":2}},"50":{"start":{"line":148,"column":4},"end":{"line":148,"column":92}},"51":{"start":{"line":150,"column":4},"end":{"line":150,"column":19}}},"fnMap":{"0":{"name":"(anonymous_0)","decl":{"start":{"line":13,"column":27},"end":{"line":null,"column":-1}},"loc":{"start":{"line":13,"column":27},"end":{"line":20,"column":1}}},"1":{"name":"(anonymous_1)","decl":{"start":{"line":27,"column":28},"end":{"line":null,"column":-1}},"loc":{"start":{"line":27,"column":28},"end":{"line":33,"column":1}}},"2":{"name":"(anonymous_2)","decl":{"start":{"line":40,"column":28},"end":{"line":null,"column":-1}},"loc":{"start":{"line":40,"column":28},"end":{"line":47,"column":1}}},"3":{"name":"(anonymous_3)","decl":{"start":{"line":55,"column":28},"end":{"line":null,"column":-1}},"loc":{"start":{"line":55,"column":28},"end":{"line":63,"column":1}}},"4":{"name":"(anonymous_4)","decl":{"start":{"line":71,"column":33},"end":{"line":null,"column":-1}},"loc":{"start":{"line":71,"column":33},"end":{"line":79,"column":1}}},"5":{"name":"(anonymous_5)","decl":{"start":{"line":87,"column":35},"end":{"line":null,"column":-1}},"loc":{"start":{"line":87,"column":35},"end":{"line":94,"column":1}}},"6":{"name":"(anonymous_6)","decl":{"start":{"line":101,"column":41},"end":{"line":null,"column":-1}},"loc":{"start":{"line":101,"column":41},"end":{"line":109,"column":1}}},"7":{"name":"(anonymous_7)","decl":{"start":{"line":117,"column":34},"end":{"line":null,"column":-1}},"loc":{"start":{"line":117,"column":34},"end":{"line":124,"column":1}}},"8":{"name":"(anonymous_8)","decl":{"start":{"line":129,"column":36},"end":{"line":null,"column":-1}},"loc":{"start":{"line":129,"column":36},"end":{"line":133,"column":1}}},"9":{"name":"(anonymous_9)","decl":{"start":{"line":138,"column":36},"end":{"line":null,"column":-1}},"loc":{"start":{"line":138,"column":36},"end":{"line":142,"column":1}}},"10":{"name":"(anonymous_10)","decl":{"start":{"line":147,"column":42},"end":{"line":null,"column":-1}},"loc":{"start":{"line":147,"column":42},"end":{"line":151,"column":1}}}},"branchMap":{"0":{"loc":{"start":{"line":105,"column":50},"end":{"line":105,"column":51}},"type":"cond-expr","locations":[{"start":{"line":105,"column":50},"end":{"line":105,"column":51}},{"start":{"line":105,"column":54},"end":{"line":105,"column":55}}]},"1":{"loc":{"start":{"line":120,"column":53},"end":{"line":120,"column":56}},"type":"cond-expr","locations":[{"start":{"line":120,"column":53},"end":{"line":120,"column":56}},{"start":{"line":120,"column":59},"end":{"line":120,"column":62}}]}},"s":{"0":9,"1":2,"2":2,"3":2,"4":2,"5":9,"6":2,"7":2,"8":2,"9":2,"10":9,"11":2,"12":2,"13":2,"14":2,"15":9,"16":4,"17":4,"18":4,"19":4,"20":4,"21":9,"22":4,"23":4,"24":4,"25":4,"26":4,"27":9,"28":5,"29":5,"30":5,"31":5,"32":9,"33":4,"34":4,"35":4,"36":4,"37":4,"38":9,"39":5,"40":5,"41":5,"42":5,"43":9,"44":2,"45":2,"46":9,"47":2,"48":2,"49":9,"50":2,"51":2},"f":{"0":2,"1":2,"2":2,"3":4,"4":4,"5":5,"6":4,"7":5,"8":2,"9":2,"10":2},"b":{"0":[1,3],"1":[2,3]}}
,"/Users/dcampion/Documents/lets-do-javascript/low-level/src/emulator/opcodes/memory.ts": {"path":"/Users/dcampion/Documents/lets-do-javascript/low-level/src/emulator/opcodes/memory.ts","statementMap":{"0":{"start":{"line":11,"column":13},"end":{"line":15,"column":2}},"1":{"start":{"line":12,"column":4},"end":{"line":12,"column":54}},"2":{"start":{"line":14,"column":4},"end":{"line":14,"column":19}},"3":{"start":{"line":17,"column":13},"end":{"line":21,"column":2}},"4":{"start":{"line":18,"column":4},"end":{"line":18,"column":69}},"5":{"start":{"line":20,"column":4},"end":{"line":20,"column":18}},"6":{"start":{"line":26,"column":13},"end":{"line":33,"column":2}},"7":{"start":{"line":27,"column":22},"end":{"line":27,"column":64}},"8":{"start":{"line":30,"column":4},"end":{"line":30,"column":39}},"9":{"start":{"line":32,"column":4},"end":{"line":32,"column":19}},"10":{"start":{"line":38,"column":13},"end":{"line":43,"column":2}},"11":{"start":{"line":39,"column":4},"end":{"line":40,"column":64}},"12":{"start":{"line":40,"column":8},"end":{"line":40,"column":64}},"13":{"start":{"line":42,"column":4},"end":{"line":42,"column":19}},"14":{"start":{"line":48,"column":13},"end":{"line":53,"column":2}},"15":{"start":{"line":49,"column":4},"end":{"line":50,"column":64}},"16":{"start":{"line":50,"column":8},"end":{"line":50,"column":64}},"17":{"start":{"line":52,"column":4},"end":{"line":52,"column":19}},"18":{"start":{"line":58,"column":13},"end":{"line":66,"column":2}},"19":{"start":{"line":59,"column":22},"end":{"line":59,"column":64}},"20":{"start":{"line":61,"column":4},"end":{"line":61,"column":60}},"21":{"start":{"line":62,"column":4},"end":{"line":62,"column":71}},"22":{"start":{"line":63,"column":4},"end":{"line":63,"column":63}},"23":{"start":{"line":65,"column":4},"end":{"line":65,"column":19}}},"fnMap":{"0":{"name":"(anonymous_0)","decl":{"start":{"line":11,"column":28},"end":{"line":null,"column":-1}},"loc":{"start":{"line":11,"column":28},"end":{"line":15,"column":1}}},"1":{"name":"(anonymous_1)","decl":{"start":{"line":17,"column":28},"end":{"line":null,"column":-1}},"loc":{"start":{"line":17,"column":28},"end":{"line":21,"column":1}}},"2":{"name":"(anonymous_2)","decl":{"start":{"line":26,"column":29},"end":{"line":null,"column":-1}},"loc":{"start":{"line":26,"column":29},"end":{"line":33,"column":1}}},"3":{"name":"(anonymous_3)","decl":{"start":{"line":38,"column":28},"end":{"line":null,"column":-1}},"loc":{"start":{"line":38,"column":28},"end":{"line":43,"column":1}}},"4":{"name":"(anonymous_4)","decl":{"start":{"line":48,"column":28},"end":{"line":null,"column":-1}},"loc":{"start":{"line":48,"column":28},"end":{"line":53,"column":1}}},"5":{"name":"(anonymous_5)","decl":{"start":{"line":58,"column":28},"end":{"line":null,"column":-1}},"loc":{"start":{"line":58,"column":28},"end":{"line":66,"column":1}}}},"branchMap":{},"s":{"0":9,"1":2,"2":2,"3":9,"4":2,"5":2,"6":9,"7":2,"8":2,"9":2,"10":9,"11":3,"12":21,"13":3,"14":9,"15":3,"16":28,"17":3,"18":9,"19":2,"20":2,"21":2,"22":2,"23":2},"f":{"0":2,"1":2,"2":2,"3":3,"4":3,"5":2},"b":{}}
,"/Users/dcampion/Documents/lets-do-javascript/low-level/src/emulator/opcodes/rand.ts": {"path":"/Users/dcampion/Documents/lets-do-javascript/low-level/src/emulator/opcodes/rand.ts","statementMap":{"0":{"start":{"line":4,"column":13},"end":{"line":9,"column":2}},"1":{"start":{"line":5,"column":25},"end":{"line":5,"column":45}},"2":{"start":{"line":6,"column":4},"end":{"line":6,"column":98}},"3":{"start":{"line":8,"column":4},"end":{"line":8,"column":19}}},"fnMap":{"0":{"name":"(anonymous_0)","decl":{"start":{"line":4,"column":29},"end":{"line":null,"column":-1}},"loc":{"start":{"line":4,"column":29},"end":{"line":9,"column":1}}}},"branchMap":{},"s":{"0":9,"1":2,"2":2,"3":2},"f":{"0":2},"b":{}}
,"/Users/dcampion/Documents/lets-do-javascript/low-level/src/emulator/opcodes/timer.ts": {"path":"/Users/dcampion/Documents/lets-do-javascript/low-level/src/emulator/opcodes/timer.ts","statementMap":{"0":{"start":{"line":11,"column":13},"end":{"line":15,"column":2}},"1":{"start":{"line":12,"column":4},"end":{"line":12,"column":67}},"2":{"start":{"line":14,"column":4},"end":{"line":14,"column":19}},"3":{"start":{"line":20,"column":13},"end":{"line":24,"column":2}},"4":{"start":{"line":21,"column":4},"end":{"line":21,"column":67}},"5":{"start":{"line":23,"column":4},"end":{"line":23,"column":19}},"6":{"start":{"line":29,"column":13},"end":{"line":33,"column":2}},"7":{"start":{"line":30,"column":4},"end":{"line":30,"column":67}},"8":{"start":{"line":32,"column":4},"end":{"line":32,"column":19}}},"fnMap":{"0":{"name":"(anonymous_0)","decl":{"start":{"line":11,"column":31},"end":{"line":null,"column":-1}},"loc":{"start":{"line":11,"column":31},"end":{"line":15,"column":1}}},"1":{"name":"(anonymous_1)","decl":{"start":{"line":20,"column":31},"end":{"line":null,"column":-1}},"loc":{"start":{"line":20,"column":31},"end":{"line":24,"column":1}}},"2":{"name":"(anonymous_2)","decl":{"start":{"line":29,"column":31},"end":{"line":null,"column":-1}},"loc":{"start":{"line":29,"column":31},"end":{"line":33,"column":1}}}},"branchMap":{},"s":{"0":9,"1":2,"2":2,"3":9,"4":2,"5":2,"6":9,"7":2,"8":2},"f":{"0":2,"1":2,"2":2},"b":{}}
,"/Users/dcampion/Documents/lets-do-javascript/low-level/src/errors/Chip8Errors.ts": {"path":"/Users/dcampion/Documents/lets-do-javascript/low-level/src/errors/Chip8Errors.ts","statementMap":{"0":{"start":{"line":1,"column":0},"end":{"line":1,"column":63}},"1":{"start":{"line":6,"column":8},"end":{"line":6,"column":20}},"2":{"start":{"line":7,"column":8},"end":{"line":7,"column":31}},"3":{"start":{"line":11,"column":8},"end":{"line":11,"column":60}},"4":{"start":{"line":20,"column":8},"end":{"line":20,"column":23}},"5":{"start":{"line":21,"column":8},"end":{"line":21,"column":31}},"6":{"start":{"line":22,"column":8},"end":{"line":22,"column":29}},"7":{"start":{"line":26,"column":8},"end":{"line":26,"column":135}},"8":{"start":{"line":15,"column":0},"end":{"line":28,"column":1}},"9":{"start":{"line":35,"column":8},"end":{"line":35,"column":29}},"10":{"start":{"line":36,"column":8},"end":{"line":36,"column":45}},"11":{"start":{"line":37,"column":8},"end":{"line":37,"column":29}},"12":{"start":{"line":41,"column":8},"end":{"line":41,"column":127}},"13":{"start":{"line":30,"column":0},"end":{"line":43,"column":1}},"14":{"start":{"line":50,"column":8},"end":{"line":50,"column":29}},"15":{"start":{"line":51,"column":8},"end":{"line":51,"column":45}},"16":{"start":{"line":52,"column":8},"end":{"line":52,"column":29}},"17":{"start":{"line":56,"column":8},"end":{"line":56,"column":122}},"18":{"start":{"line":45,"column":0},"end":{"line":58,"column":1}}},"fnMap":{"0":{"name":"(anonymous_0)","decl":{"start":{"line":5,"column":4},"end":{"line":5,"column":15}},"loc":{"start":{"line":5,"column":45},"end":{"line":8,"column":5}}},"1":{"name":"(anonymous_1)","decl":{"start":{"line":10,"column":4},"end":{"line":10,"column":11}},"loc":{"start":{"line":10,"column":12},"end":{"line":12,"column":5}}},"2":{"name":"(anonymous_2)","decl":{"start":{"line":19,"column":4},"end":{"line":19,"column":15}},"loc":{"start":{"line":19,"column":64},"end":{"line":23,"column":5}}},"3":{"name":"(anonymous_3)","decl":{"start":{"line":25,"column":4},"end":{"line":25,"column":11}},"loc":{"start":{"line":25,"column":12},"end":{"line":27,"column":5}}},"4":{"name":"(anonymous_4)","decl":{"start":{"line":34,"column":4},"end":{"line":34,"column":15}},"loc":{"start":{"line":34,"column":72},"end":{"line":38,"column":5}}},"5":{"name":"(anonymous_5)","decl":{"start":{"line":40,"column":4},"end":{"line":40,"column":11}},"loc":{"start":{"line":40,"column":12},"end":{"line":42,"column":5}}},"6":{"name":"(anonymous_6)","decl":{"start":{"line":49,"column":4},"end":{"line":49,"column":15}},"loc":{"start":{"line":49,"column":72},"end":{"line":53,"column":5}}},"7":{"name":"(anonymous_7)","decl":{"start":{"line":55,"column":4},"end":{"line":55,"column":11}},"loc":{"start":{"line":55,"column":12},"end":{"line":57,"column":5}}}},"branchMap":{"0":{"loc":{"start":{"line":35,"column":14},"end":{"line":35,"column":21}},"type":"binary-expr","locations":[{"start":{"line":35,"column":14},"end":{"line":35,"column":21}},{"start":{"line":35,"column":25},"end":{"line":35,"column":27}}]},"1":{"loc":{"start":{"line":50,"column":14},"end":{"line":50,"column":21}},"type":"binary-expr","locations":[{"start":{"line":50,"column":14},"end":{"line":50,"column":21}},{"start":{"line":50,"column":25},"end":{"line":50,"column":27}}]}},"s":{"0":10,"1":4,"2":4,"3":0,"4":2,"5":2,"6":2,"7":0,"8":10,"9":1,"10":1,"11":1,"12":0,"13":10,"14":1,"15":1,"16":1,"17":0,"18":10},"f":{"0":4,"1":0,"2":2,"3":0,"4":1,"5":0,"6":1,"7":0},"b":{"0":[1,1],"1":[1,1]}}
,"/Users/dcampion/Documents/lets-do-javascript/low-level/src/types/Chip8Specs.ts": {"path":"/Users/dcampion/Documents/lets-do-javascript/low-level/src/types/Chip8Specs.ts","statementMap":{"0":{"start":{"line":1,"column":13},"end":{"line":1,"column":36}},"1":{"start":{"line":2,"column":13},"end":{"line":2,"column":36}},"2":{"start":{"line":3,"column":13},"end":{"line":3,"column":33}},"3":{"start":{"line":4,"column":13},"end":{"line":4,"column":36}},"4":{"start":{"line":5,"column":13},"end":{"line":5,"column":32}}},"fnMap":{},"branchMap":{},"s":{"0":10,"1":10,"2":10,"3":10,"4":10},"f":{},"b":{}}
,"/Users/dcampion/Documents/lets-do-javascript/low-level/src/util/OpcodeUtils.js": {"path":"/Users/dcampion/Documents/lets-do-javascript/low-level/src/util/OpcodeUtils.js","statementMap":{"0":{"start":{"line":2,"column":0},"end":{"line":2,"column":26}},"1":{"start":{"line":3,"column":0},"end":{"line":12,"column":2}},"2":{"start":{"line":4,"column":4},"end":{"line":11,"column":6}},"3":{"start":{"line":14,"column":0},"end":{"line":16,"column":2}},"4":{"start":{"line":15,"column":4},"end":{"line":15,"column":40}},"5":{"start":{"line":18,"column":0},"end":{"line":21,"column":2}},"6":{"start":{"line":19,"column":4},"end":{"line":19,"column":36}},"7":{"start":{"line":19,"column":26},"end":{"line":19,"column":34}},"8":{"start":{"line":20,"column":4},"end":{"line":20,"column":44}},"9":{"start":{"line":22,"column":0},"end":{"line":24,"column":2}},"10":{"start":{"line":23,"column":4},"end":{"line":23,"column":58}},"11":{"start":{"line":25,"column":0},"end":{"line":35,"column":2}},"12":{"start":{"line":26,"column":22},"end":{"line":26,"column":24}},"13":{"start":{"line":28,"column":23},"end":{"line":28,"column":82}},"14":{"start":{"line":29,"column":4},"end":{"line":33,"column":5}},"15":{"start":{"line":30,"column":19},"end":{"line":30,"column":33}},"16":{"start":{"line":31,"column":18},"end":{"line":31,"column":36}},"17":{"start":{"line":32,"column":8},"end":{"line":32,"column":37}},"18":{"start":{"line":34,"column":4},"end":{"line":34,"column":40}}},"fnMap":{"0":{"name":"(anonymous_0)","decl":{"start":{"line":3,"column":22},"end":{"line":3,"column":23}},"loc":{"start":{"line":3,"column":40},"end":{"line":12,"column":1}},"line":3},"1":{"name":"(anonymous_1)","decl":{"start":{"line":14,"column":22},"end":{"line":14,"column":23}},"loc":{"start":{"line":14,"column":35},"end":{"line":16,"column":1}},"line":14},"2":{"name":"(anonymous_2)","decl":{"start":{"line":18,"column":22},"end":{"line":18,"column":23}},"loc":{"start":{"line":18,"column":40},"end":{"line":21,"column":1}},"line":18},"3":{"name":"(anonymous_3)","decl":{"start":{"line":22,"column":25},"end":{"line":22,"column":26}},"loc":{"start":{"line":22,"column":38},"end":{"line":24,"column":1}},"line":22},"4":{"name":"(anonymous_4)","decl":{"start":{"line":25,"column":31},"end":{"line":25,"column":32}},"loc":{"start":{"line":25,"column":49},"end":{"line":35,"column":1}},"line":25}},"branchMap":{"0":{"loc":{"start":{"line":19,"column":4},"end":{"line":19,"column":36}},"type":"if","locations":[{"start":{"line":19,"column":4},"end":{"line":19,"column":36}},{"start":{"line":19,"column":4},"end":{"line":19,"column":36}}],"line":19},"1":{"loc":{"start":{"line":28,"column":23},"end":{"line":28,"column":82}},"type":"cond-expr","locations":[{"start":{"line":28,"column":49},"end":{"line":28,"column":62}},{"start":{"line":28,"column":65},"end":{"line":28,"column":82}}],"line":28},"2":{"loc":{"start":{"line":31,"column":18},"end":{"line":31,"column":36}},"type":"binary-expr","locations":[{"start":{"line":31,"column":18},"end":{"line":31,"column":31}},{"start":{"line":31,"column":35},"end":{"line":31,"column":36}}],"line":31}},"s":{"0":12,"1":12,"2":329,"3":12,"4":275,"5":12,"6":0,"7":0,"8":0,"9":12,"10":69,"11":12,"12":0,"13":0,"14":0,"15":0,"16":0,"17":0,"18":0},"f":{"0":329,"1":275,"2":0,"3":69,"4":0},"b":{"0":[0,0],"1":[0,0],"2":[0,0]},"_coverageSchema":"332fd63041d2c1bcb487cc26dd0d5f7d97098a6c","hash":"fd288a59fbaf5e9ba60f00b8f9a4c68a909f28a5"}
}
