TN:
SF:/home/dave/Documents/projects/web/chip8Emulator/src/DataCode.ts
FN:10,(anonymous_0)
FN:16,(anonymous_1)
FNF:2
FNH:2
FNDA:28,(anonymous_0)
FNDA:28,(anonymous_1)
DA:1,1
DA:3,1
DA:5,1
DA:11,28
DA:12,28
DA:13,28
DA:17,28
LF:7
LH:7
BRF:0
BRH:0
end_of_record
TN:
SF:/home/dave/Documents/projects/web/chip8Emulator/src/Disassembler.ts
FN:19,(anonymous_0)
FN:30,(anonymous_1)
FN:37,(anonymous_2)
FN:41,(anonymous_3)
FN:42,(anonymous_4)
FN:48,(anonymous_5)
FN:68,(anonymous_6)
FN:95,(anonymous_7)
FN:116,(anonymous_8)
FNF:9
FNH:9
FNDA:9,(anonymous_0)
FNDA:9,(anonymous_1)
FNDA:1,(anonymous_2)
FNDA:1,(anonymous_3)
FNDA:22,(anonymous_4)
FNDA:15,(anonymous_5)
FNDA:74,(anonymous_6)
FNDA:7,(anonymous_7)
FNDA:76,(anonymous_8)
DA:1,1
DA:2,1
DA:4,1
DA:5,1
DA:6,1
DA:7,1
DA:10,1
DA:11,1
DA:20,9
DA:21,9
DA:22,9
DA:23,9
DA:24,9
DA:25,9
DA:27,9
DA:31,9
DA:32,15
DA:34,7
DA:38,1
DA:42,1
DA:43,22
DA:44,22
DA:49,15
DA:50,76
DA:51,76
DA:53,76
DA:55,76
DA:56,2
DA:59,74
DA:61,74
DA:62,1
DA:63,73
DA:64,1
DA:69,74
DA:71,74
DA:73,4
DA:74,4
DA:75,4
DA:77,2
DA:78,2
DA:79,2
DA:80,2
DA:85,53
DA:86,53
DA:87,53
DA:92,74
DA:96,7
DA:97,7
DA:98,7
DA:100,7
DA:101,53
DA:102,4
DA:103,53
DA:104,25
DA:106,28
DA:107,28
DA:110,53
DA:113,7
DA:117,76
DA:118,76
DA:119,76
DA:120,76
DA:121,76
DA:123,76
DA:124,55
DA:125,55
DA:128,76
LF:67
LH:67
BRDA:19,0,0,4
BRDA:43,1,0,22
BRDA:43,1,1,21
BRDA:44,2,0,1
BRDA:44,2,1,21
BRDA:49,3,0,87
BRDA:49,3,1,80
BRDA:55,4,0,2
BRDA:55,4,1,74
BRDA:61,5,0,1
BRDA:61,5,1,73
BRDA:63,6,0,1
BRDA:63,6,1,72
BRDA:72,7,0,4
BRDA:72,7,1,2
BRDA:72,7,2,50
BRDA:72,7,3,51
BRDA:72,7,4,52
BRDA:72,7,5,53
BRDA:72,7,6,0
BRDA:101,8,0,4
BRDA:101,8,1,49
BRDA:103,9,0,25
BRDA:103,9,1,28
BRDA:110,10,0,25
BRDA:110,10,1,28
BRDA:119,11,0,76
BRDA:119,11,1,52
BRDA:123,12,0,55
BRDA:123,12,1,21
BRF:30
BRH:29
end_of_record
TN:
SF:/home/dave/Documents/projects/web/chip8Emulator/src/Lexer.ts
FN:24,(anonymous_0)
FN:29,(anonymous_1)
FN:44,(anonymous_2)
FN:57,(anonymous_3)
FN:71,(anonymous_4)
FN:80,(anonymous_5)
FN:85,(anonymous_6)
FN:97,(anonymous_7)
FN:130,(anonymous_8)
FN:147,(anonymous_9)
FN:165,(anonymous_10)
FN:182,(anonymous_11)
FNF:12
FNH:12
FNDA:15,(anonymous_0)
FNDA:15,(anonymous_1)
FNDA:2063,(anonymous_2)
FNDA:745,(anonymous_3)
FNDA:3,(anonymous_4)
FNDA:112,(anonymous_5)
FNDA:4,(anonymous_6)
FNDA:42,(anonymous_7)
FNDA:13,(anonymous_8)
FNDA:48,(anonymous_9)
FNDA:7,(anonymous_10)
FNDA:108,(anonymous_11)
DA:1,1
DA:3,1
DA:4,1
DA:5,1
DA:7,1
DA:14,1
DA:15,15
DA:18,15
DA:19,15
DA:20,15
DA:21,15
DA:25,15
DA:26,15
DA:30,15
DA:32,15
DA:33,108
DA:34,105
DA:37,12
DA:45,2063
DA:46,91
DA:48,1972
DA:58,745
DA:59,745
DA:60,745
DA:62,745
DA:63,23
DA:64,23
DA:72,3
DA:73,3
DA:74,3
DA:75,3
DA:77,3
DA:81,112
DA:82,292
DA:87,4
DA:88,86
DA:91,4
DA:98,42
DA:100,42
DA:101,60
DA:102,60
DA:106,42
DA:107,16
DA:109,11
DA:110,11
DA:112,5
DA:115,16
DA:121,42
DA:122,15
DA:123,15
DA:126,42
DA:131,13
DA:134,13
DA:136,13
DA:137,14
DA:138,14
DA:141,13
DA:148,48
DA:150,48
DA:151,162
DA:152,162
DA:156,48
DA:157,1
DA:159,47
DA:166,7
DA:169,7
DA:171,7
DA:172,80
DA:173,80
DA:176,7
DA:177,1
DA:179,6
DA:183,108
DA:185,108
DA:186,4
DA:188,108
DA:189,108
DA:192,108
DA:193,42
DA:194,42
DA:195,27
DA:198,81
DA:199,48
DA:201,33
DA:202,7
DA:205,26
DA:206,13
DA:209,13
DA:210,12
DA:213,1
LF:90
LH:90
BRDA:26,0,0,15
BRDA:26,0,1,1
BRDA:45,1,0,91
BRDA:45,1,1,1972
BRDA:60,2,0,745
BRDA:60,2,1,11
BRDA:62,3,0,23
BRDA:62,3,1,722
BRDA:72,4,0,0
BRDA:72,4,1,3
BRDA:73,5,0,1
BRDA:73,5,1,2
BRDA:87,6,0,90
BRDA:87,6,1,87
BRDA:106,7,0,16
BRDA:106,7,1,26
BRDA:108,8,0,11
BRDA:108,8,1,5
BRDA:121,9,0,15
BRDA:121,9,1,27
BRDA:156,10,0,1
BRDA:156,10,1,47
BRDA:171,11,0,87
BRDA:171,11,1,82
BRDA:176,12,0,1
BRDA:176,12,1,6
BRDA:185,13,0,4
BRDA:185,13,1,104
BRDA:192,14,0,42
BRDA:192,14,1,66
BRDA:194,15,0,27
BRDA:194,15,1,15
BRDA:198,16,0,48
BRDA:198,16,1,33
BRDA:201,17,0,7
BRDA:201,17,1,26
BRDA:205,18,0,13
BRDA:205,18,1,13
BRDA:209,19,0,12
BRDA:209,19,1,1
BRF:40
BRH:39
end_of_record
TN:
SF:/home/dave/Documents/projects/web/chip8Emulator/src/LexerSymbol.ts
FNF:0
FNH:0
DA:2,1
DA:3,1
DA:5,1
DA:6,1
DA:7,1
DA:8,1
DA:9,1
DA:10,1
DA:11,1
DA:12,1
LF:10
LH:10
BRF:0
BRH:0
end_of_record
TN:
SF:/home/dave/Documents/projects/web/chip8Emulator/src/Opcode.ts
FN:19,(anonymous_0)
FN:29,(anonymous_1)
FN:31,(anonymous_2)
FN:32,(anonymous_3)
FN:41,(anonymous_4)
FN:136,(anonymous_5)
FN:191,(anonymous_6)
FN:199,(anonymous_7)
FN:208,(anonymous_8)
FN:215,(anonymous_9)
FN:222,(anonymous_10)
FN:228,(anonymous_11)
FNF:12
FNH:12
FNDA:329,(anonymous_0)
FNDA:50,(anonymous_1)
FNDA:10,(anonymous_2)
FNDA:70,(anonymous_3)
FNDA:329,(anonymous_4)
FNDA:328,(anonymous_5)
FNDA:11,(anonymous_6)
FNDA:18,(anonymous_7)
FNDA:65,(anonymous_8)
FNDA:43,(anonymous_9)
FNDA:29,(anonymous_10)
FNDA:6,(anonymous_11)
DA:2,11
DA:3,11
DA:4,11
DA:7,11
DA:16,11
DA:17,11
DA:20,329
DA:21,329
DA:22,329
DA:23,329
DA:25,329
DA:26,328
DA:30,50
DA:31,50
DA:32,70
DA:34,50
DA:35,9
DA:38,41
DA:42,329
DA:44,157
DA:46,8
DA:48,6
DA:50,143
DA:52,8
DA:54,6
DA:56,54
DA:58,5
DA:60,3
DA:62,2
DA:64,2
DA:66,44
DA:68,13
DA:70,2
DA:72,2
DA:74,2
DA:76,10
DA:78,4
DA:80,3
DA:82,4
DA:84,4
DA:86,0
DA:88,3
DA:90,2
DA:92,2
DA:94,2
DA:96,11
DA:98,10
DA:100,5
DA:102,5
DA:104,0
DA:106,18
DA:108,4
DA:110,1
DA:112,1
DA:114,1
DA:116,2
DA:118,2
DA:120,1
DA:122,2
DA:124,4
DA:126,0
DA:129,143
DA:130,1
DA:132,142
DA:137,328
DA:140,14
DA:143,14
DA:146,4
DA:157,108
DA:160,65
DA:161,43
DA:164,43
DA:166,0
DA:178,29
DA:181,6
DA:183,11
DA:185,142
DA:188,0
DA:192,11
DA:200,18
DA:201,14
DA:203,18
DA:209,65
DA:216,43
DA:223,29
DA:229,6
LF:86
LH:81
BRDA:19,0,0,111
BRDA:34,1,0,9
BRDA:34,1,1,41
BRDA:43,2,0,157
BRDA:43,2,1,8
BRDA:43,2,2,6
BRDA:43,2,3,54
BRDA:43,2,4,5
BRDA:43,2,5,3
BRDA:43,2,6,2
BRDA:43,2,7,2
BRDA:43,2,8,44
BRDA:43,2,9,3
BRDA:43,2,10,2
BRDA:43,2,11,2
BRDA:43,2,12,2
BRDA:43,2,13,11
BRDA:43,2,14,10
BRDA:43,2,15,18
BRDA:45,3,0,8
BRDA:45,3,1,6
BRDA:67,4,0,13
BRDA:67,4,1,2
BRDA:67,4,2,2
BRDA:67,4,3,2
BRDA:67,4,4,10
BRDA:67,4,5,4
BRDA:67,4,6,3
BRDA:67,4,7,4
BRDA:67,4,8,4
BRDA:99,5,0,5
BRDA:99,5,1,5
BRDA:107,6,0,4
BRDA:107,6,1,1
BRDA:107,6,2,1
BRDA:107,6,3,1
BRDA:107,6,4,2
BRDA:107,6,5,2
BRDA:107,6,6,1
BRDA:107,6,7,2
BRDA:107,6,8,4
BRDA:129,7,0,1
BRDA:129,7,1,142
BRDA:138,8,0,8
BRDA:138,8,1,14
BRDA:138,8,2,8
BRDA:138,8,3,14
BRDA:138,8,4,2
BRDA:138,8,5,4
BRDA:138,8,6,57
BRDA:138,8,7,65
BRDA:138,8,8,80
BRDA:138,8,9,82
BRDA:138,8,10,84
BRDA:138,8,11,86
BRDA:138,8,12,88
BRDA:138,8,13,100
BRDA:138,8,14,104
BRDA:138,8,15,108
BRDA:138,8,16,3
BRDA:138,8,17,7
BRDA:138,8,18,12
BRDA:138,8,19,17
BRDA:138,8,20,21
BRDA:138,8,21,22
BRDA:138,8,22,23
BRDA:138,8,23,24
BRDA:138,8,24,26
BRDA:138,8,25,28
BRDA:138,8,26,29
BRDA:138,8,27,2
BRDA:138,8,28,6
BRDA:138,8,29,11
BRDA:138,8,30,142
BRDA:157,9,0,65
BRDA:157,9,1,43
BRDA:161,10,0,43
BRDA:161,10,1,0
BRDA:200,11,0,14
BRDA:200,11,1,4
BRF:80
BRH:79
end_of_record
TN:
SF:/home/dave/Documents/projects/web/chip8Emulator/src/Token.ts
FN:10,(anonymous_0)
FN:17,(anonymous_1)
FN:21,(anonymous_2)
FN:25,(anonymous_3)
FN:29,(anonymous_4)
FN:45,(anonymous_5)
FNF:6
FNH:6
FNDA:1006,(anonymous_0)
FNDA:2,(anonymous_1)
FNDA:3,(anonymous_2)
FNDA:82,(anonymous_3)
FNDA:221,(anonymous_4)
FNDA:2,(anonymous_5)
DA:2,13
DA:4,13
DA:11,1006
DA:12,1006
DA:13,1006
DA:14,1006
DA:18,2
DA:22,3
DA:26,82
DA:30,221
DA:32,53
DA:34,75
DA:36,14
DA:38,0
DA:41,79
DA:46,2
LF:16
LH:15
BRDA:31,0,0,53
BRDA:31,0,1,75
BRDA:31,0,2,14
BRDA:31,0,3,0
BRDA:31,0,4,79
BRDA:31,0,5,79
BRF:6
BRH:5
end_of_record
TN:
SF:/home/dave/Documents/projects/web/chip8Emulator/src/emulator/Chip8.ts
FN:40,(anonymous_0)
FN:50,(anonymous_1)
FN:71,(anonymous_2)
FN:82,(anonymous_3)
FN:90,(anonymous_4)
FN:101,(anonymous_5)
FN:105,(anonymous_6)
FN:106,(anonymous_7)
FN:111,(anonymous_8)
FN:118,(anonymous_9)
FN:122,(anonymous_10)
FNF:11
FNH:11
FNDA:9,(anonymous_0)
FNDA:101,(anonymous_1)
FNDA:3,(anonymous_2)
FNDA:10,(anonymous_3)
FNDA:3,(anonymous_4)
FNDA:89,(anonymous_5)
FNDA:9,(anonymous_6)
FNDA:720,(anonymous_7)
FNDA:3,(anonymous_8)
FNDA:3,(anonymous_9)
FNDA:3,(anonymous_10)
DA:1,9
DA:2,9
DA:3,9
DA:4,9
DA:7,9
DA:8,9
DA:9,9
DA:10,9
DA:12,9
DA:13,9
DA:14,9
DA:16,9
DA:20,9
DA:29,9
DA:33,9
DA:37,9
DA:41,9
DA:42,9
DA:43,9
DA:44,9
DA:46,9
DA:47,9
DA:51,101
DA:53,101
DA:54,101
DA:55,101
DA:57,101
DA:58,101
DA:60,101
DA:61,101
DA:63,101
DA:64,101
DA:65,101
DA:66,101
DA:68,101
DA:72,3
DA:74,3
DA:75,1
DA:77,2
DA:78,7
DA:83,10
DA:84,10
DA:85,10
DA:86,10
DA:87,10
DA:91,3
DA:92,3
DA:94,3
DA:95,1
DA:97,2
DA:98,1
DA:102,89
DA:106,9
DA:107,720
DA:112,3
DA:113,3
DA:115,3
DA:119,3
DA:123,3
LF:59
LH:59
BRDA:74,0,0,1
BRDA:74,0,1,2
BRDA:85,1,0,3
BRDA:85,1,1,7
BRDA:86,2,0,6
BRDA:86,2,1,4
BRDA:94,3,0,1
BRDA:94,3,1,2
BRDA:97,4,0,1
BRDA:97,4,1,1
BRDA:97,5,0,2
BRDA:97,5,1,1
BRF:12
BRH:12
end_of_record
TN:
SF:/home/dave/Documents/projects/web/chip8Emulator/src/emulator/GPU.ts
FN:13,(anonymous_0)
FN:21,(anonymous_1)
FN:26,(anonymous_2)
FN:32,(anonymous_3)
FN:37,(anonymous_4)
FN:39,(anonymous_5)
FN:51,(anonymous_6)
FNF:7
FNH:6
FNDA:16,(anonymous_0)
FNDA:12,(anonymous_1)
FNDA:102,(anonymous_2)
FNDA:0,(anonymous_3)
FNDA:1,(anonymous_4)
FNDA:2048,(anonymous_5)
FNDA:2,(anonymous_6)
DA:4,11
DA:5,11
DA:6,11
DA:7,11
DA:14,16
DA:15,16
DA:16,16
DA:17,2
DA:22,12
DA:23,1
DA:27,102
DA:28,208896
DA:33,0
DA:34,0
DA:38,1
DA:39,1
DA:40,2048
DA:41,2048
DA:42,2048
DA:44,2048
DA:45,3
DA:46,3
DA:52,2
DA:53,0
DA:55,2
DA:57,2
DA:58,2
DA:60,2
LF:28
LH:25
BRDA:13,0,0,14
BRDA:16,1,0,2
BRDA:16,1,1,14
BRDA:22,2,0,1
BRDA:22,2,1,11
BRDA:22,3,0,12
BRDA:22,3,1,2
BRDA:44,4,0,3
BRDA:44,4,1,2045
BRDA:52,5,0,0
BRDA:52,5,1,2
BRF:11
BRH:10
end_of_record
TN:
SF:/home/dave/Documents/projects/web/chip8Emulator/src/emulator/Input.ts
FN:17,(anonymous_0)
FN:25,(anonymous_1)
FN:34,(anonymous_2)
FN:38,(anonymous_3)
FN:47,(anonymous_4)
FNF:5
FNH:5
FNDA:14,(anonymous_0)
FNDA:3,(anonymous_1)
FNDA:3,(anonymous_2)
FNDA:5,(anonymous_3)
FNDA:4,(anonymous_4)
DA:5,10
DA:6,14
DA:8,14
DA:10,14
DA:18,14
DA:19,11
DA:21,3
DA:22,3
DA:26,3
DA:29,1
DA:30,1
DA:35,3
DA:39,5
DA:40,5
DA:41,1
DA:43,4
DA:44,4
DA:48,4
DA:49,4
DA:50,1
DA:52,3
LF:21
LH:21
BRDA:18,0,0,11
BRDA:18,0,1,3
BRDA:26,1,0,1
BRDA:26,1,1,2
BRDA:26,2,0,3
BRDA:26,2,1,3
BRDA:26,2,2,2
BRDA:40,3,0,1
BRDA:40,3,1,4
BRDA:49,4,0,1
BRDA:49,4,1,3
BRF:11
BRH:11
end_of_record
TN:
SF:/home/dave/Documents/projects/web/chip8Emulator/src/emulator/SPU.ts
FN:15,(anonymous_0)
FN:26,(anonymous_1)
FN:31,(anonymous_2)
FN:42,(anonymous_3)
FN:49,(anonymous_4)
FN:60,(anonymous_5)
FN:65,(anonymous_6)
FNF:7
FNH:7
FNDA:15,(anonymous_0)
FNDA:15,(anonymous_1)
FNDA:1,(anonymous_2)
FNDA:4,(anonymous_3)
FNDA:4,(anonymous_4)
FNDA:3,(anonymous_5)
FNDA:1,(anonymous_6)
DA:4,10
DA:5,10
DA:6,10
DA:7,10
DA:13,15
DA:16,15
DA:17,11
DA:19,4
DA:20,4
DA:21,4
DA:22,4
DA:23,4
DA:27,15
DA:28,11
DA:30,4
DA:31,1
DA:34,4
DA:35,3
DA:38,4
DA:39,1
DA:43,4
DA:44,4
DA:46,4
DA:50,4
DA:52,4
DA:53,4
DA:54,4
DA:55,4
DA:57,4
DA:61,3
DA:62,3
DA:66,1
DA:67,1
LF:33
LH:33
BRDA:16,0,0,11
BRDA:16,0,1,4
BRDA:27,1,0,11
BRDA:27,1,1,4
BRDA:30,2,0,1
BRDA:30,2,1,3
BRDA:34,3,0,3
BRDA:34,3,1,1
BRDA:34,4,0,4
BRDA:34,4,1,3
BRDA:38,5,0,1
BRDA:38,5,1,3
BRF:12
BRH:12
end_of_record
TN:
SF:/home/dave/Documents/projects/web/chip8Emulator/src/emulator/fontSet.ts
FNF:0
FNH:0
DA:1,9
LF:1
LH:1
BRF:0
BRH:0
end_of_record
TN:
SF:/home/dave/Documents/projects/web/chip8Emulator/src/emulator/opcodes/display.ts
FN:12,(anonymous_0)
FN:25,(anonymous_1)
FNF:2
FNH:2
FNDA:1,(anonymous_0)
FNDA:6,(anonymous_1)
DA:2,9
DA:12,9
DA:13,1
DA:14,1
DA:25,9
DA:26,6
DA:28,6
DA:29,16
DA:30,16
DA:32,16
DA:33,128
DA:34,128
DA:36,128
DA:37,47
DA:38,47
DA:39,47
DA:41,47
DA:42,47
DA:47,6
DA:48,6
LF:20
LH:20
BRDA:36,0,0,47
BRDA:36,0,1,81
BRF:2
BRH:2
end_of_record
TN:
SF:/home/dave/Documents/projects/web/chip8Emulator/src/emulator/opcodes/flow.ts
FN:11,(anonymous_0)
FN:15,(anonymous_1)
FN:20,(anonymous_2)
FN:24,(anonymous_3)
FN:29,(anonymous_4)
FN:39,(anonymous_5)
FN:49,(anonymous_6)
FN:59,(anonymous_7)
FNF:8
FNH:8
FNDA:1,(anonymous_0)
FNDA:2,(anonymous_1)
FNDA:2,(anonymous_2)
FNDA:2,(anonymous_3)
FNDA:2,(anonymous_4)
FNDA:2,(anonymous_5)
FNDA:2,(anonymous_6)
FNDA:2,(anonymous_7)
DA:11,9
DA:12,1
DA:15,9
DA:16,2
DA:17,2
DA:20,9
DA:21,2
DA:24,9
DA:25,2
DA:26,2
DA:29,9
DA:30,2
DA:32,2
DA:33,1
DA:36,2
DA:39,9
DA:40,2
DA:42,2
DA:43,1
DA:46,2
DA:49,9
DA:50,2
DA:51,2
DA:53,2
DA:54,1
DA:56,2
DA:59,9
DA:60,2
DA:61,2
DA:63,2
DA:64,1
DA:66,2
LF:32
LH:32
BRDA:32,0,0,1
BRDA:32,0,1,1
BRDA:42,1,0,1
BRDA:42,1,1,1
BRDA:53,2,0,1
BRDA:53,2,1,1
BRDA:63,3,0,1
BRDA:63,3,1,1
BRF:8
BRH:8
end_of_record
TN:
SF:/home/dave/Documents/projects/web/chip8Emulator/src/emulator/opcodes/index.ts
FN:13,(anonymous_0)
FN:16,(anonymous_1)
FN:24,(anonymous_2)
FN:26,(anonymous_3)
FN:27,(anonymous_4)
FN:28,(anonymous_5)
FN:30,(anonymous_6)
FN:31,(anonymous_7)
FN:32,(anonymous_8)
FN:34,(anonymous_9)
FN:35,(anonymous_10)
FN:37,(anonymous_11)
FN:44,(anonymous_12)
FN:45,(anonymous_13)
FN:46,(anonymous_14)
FN:47,(anonymous_15)
FN:48,(anonymous_16)
FN:49,(anonymous_17)
FN:50,(anonymous_18)
FN:51,(anonymous_19)
FN:53,(anonymous_20)
FN:55,(anonymous_21)
FN:57,(anonymous_22)
FN:59,(anonymous_23)
FN:61,(anonymous_24)
FN:63,(anonymous_25)
FN:64,(anonymous_26)
FN:65,(anonymous_27)
FN:67,(anonymous_28)
FN:68,(anonymous_29)
FN:70,(anonymous_30)
FN:72,(anonymous_31)
FN:73,(anonymous_32)
FN:75,(anonymous_33)
FN:77,(anonymous_34)
FN:79,(anonymous_35)
FN:81,(anonymous_36)
FN:82,(anonymous_37)
FNF:38
FNH:38
FNDA:9,(anonymous_0)
FNDA:7,(anonymous_1)
FNDA:1,(anonymous_2)
FNDA:5,(anonymous_3)
FNDA:1,(anonymous_4)
FNDA:1,(anonymous_5)
FNDA:1,(anonymous_6)
FNDA:1,(anonymous_7)
FNDA:1,(anonymous_8)
FNDA:1,(anonymous_9)
FNDA:1,(anonymous_10)
FNDA:2,(anonymous_11)
FNDA:1,(anonymous_12)
FNDA:1,(anonymous_13)
FNDA:1,(anonymous_14)
FNDA:1,(anonymous_15)
FNDA:1,(anonymous_16)
FNDA:1,(anonymous_17)
FNDA:1,(anonymous_18)
FNDA:1,(anonymous_19)
FNDA:1,(anonymous_20)
FNDA:1,(anonymous_21)
FNDA:1,(anonymous_22)
FNDA:1,(anonymous_23)
FNDA:2,(anonymous_24)
FNDA:1,(anonymous_25)
FNDA:1,(anonymous_26)
FNDA:1,(anonymous_27)
FNDA:1,(anonymous_28)
FNDA:1,(anonymous_29)
FNDA:1,(anonymous_30)
FNDA:1,(anonymous_31)
FNDA:1,(anonymous_32)
FNDA:1,(anonymous_33)
FNDA:1,(anonymous_34)
FNDA:1,(anonymous_35)
FNDA:1,(anonymous_36)
FNDA:1,(anonymous_37)
DA:2,9
DA:3,9
DA:4,9
DA:5,9
DA:6,9
DA:7,9
DA:8,9
DA:13,9
DA:15,9
DA:17,7
DA:18,4
DA:20,3
DA:24,1
DA:26,5
DA:27,1
DA:28,1
DA:30,1
DA:31,1
DA:32,1
DA:34,1
DA:35,1
DA:38,2
DA:39,1
DA:41,1
DA:44,1
DA:45,1
DA:46,1
DA:47,1
DA:48,1
DA:49,1
DA:50,1
DA:51,1
DA:53,1
DA:55,1
DA:57,1
DA:59,1
DA:61,2
DA:63,1
DA:64,1
DA:65,1
DA:67,1
DA:68,1
DA:70,1
DA:72,1
DA:73,1
DA:75,1
DA:77,1
DA:79,1
DA:81,1
DA:82,1
LF:50
LH:50
BRDA:17,0,0,4
BRDA:17,0,1,3
BRDA:38,1,0,1
BRDA:38,1,1,1
BRF:4
BRH:4
end_of_record
TN:
SF:/home/dave/Documents/projects/web/chip8Emulator/src/emulator/opcodes/key.ts
FN:11,(anonymous_0)
FN:23,(anonymous_1)
FN:32,(anonymous_2)
FN:34,(anonymous_3)
FNF:4
FNH:4
FNDA:2,(anonymous_0)
FNDA:2,(anonymous_1)
FNDA:3,(anonymous_2)
FNDA:1,(anonymous_3)
DA:11,9
DA:12,2
DA:14,2
DA:15,1
DA:17,2
DA:23,9
DA:24,2
DA:26,2
DA:27,1
DA:29,2
DA:32,9
DA:33,3
DA:34,3
DA:35,1
DA:36,1
DA:39,3
LF:16
LH:16
BRDA:14,0,0,1
BRDA:14,0,1,1
BRDA:26,1,0,1
BRDA:26,1,1,1
BRF:4
BRH:4
end_of_record
TN:
SF:/home/dave/Documents/projects/web/chip8Emulator/src/emulator/opcodes/math.ts
FN:13,(anonymous_0)
FN:27,(anonymous_1)
FN:40,(anonymous_2)
FN:55,(anonymous_3)
FN:71,(anonymous_4)
FN:87,(anonymous_5)
FN:101,(anonymous_6)
FN:117,(anonymous_7)
FN:129,(anonymous_8)
FN:138,(anonymous_9)
FN:147,(anonymous_10)
FNF:11
FNH:11
FNDA:2,(anonymous_0)
FNDA:2,(anonymous_1)
FNDA:2,(anonymous_2)
FNDA:4,(anonymous_3)
FNDA:4,(anonymous_4)
FNDA:5,(anonymous_5)
FNDA:4,(anonymous_6)
FNDA:5,(anonymous_7)
FNDA:2,(anonymous_8)
FNDA:2,(anonymous_9)
FNDA:2,(anonymous_10)
DA:13,9
DA:14,2
DA:15,2
DA:17,2
DA:19,2
DA:27,9
DA:28,2
DA:29,2
DA:31,2
DA:32,2
DA:40,9
DA:41,2
DA:42,2
DA:44,2
DA:46,2
DA:55,9
DA:56,4
DA:57,4
DA:59,4
DA:60,4
DA:62,4
DA:71,9
DA:72,4
DA:73,4
DA:75,4
DA:76,4
DA:78,4
DA:87,9
DA:88,5
DA:90,5
DA:91,5
DA:93,5
DA:101,9
DA:102,4
DA:103,4
DA:105,4
DA:106,4
DA:108,4
DA:117,9
DA:118,5
DA:120,5
DA:121,5
DA:123,5
DA:129,9
DA:130,2
DA:132,2
DA:138,9
DA:139,2
DA:141,2
DA:147,9
DA:148,2
DA:150,2
LF:52
LH:52
BRDA:105,0,0,1
BRDA:105,0,1,3
BRDA:120,1,0,2
BRDA:120,1,1,3
BRF:4
BRH:4
end_of_record
TN:
SF:/home/dave/Documents/projects/web/chip8Emulator/src/emulator/opcodes/memory.ts
FN:11,(anonymous_0)
FN:17,(anonymous_1)
FN:26,(anonymous_2)
FN:38,(anonymous_3)
FN:48,(anonymous_4)
FN:58,(anonymous_5)
FNF:6
FNH:6
FNDA:2,(anonymous_0)
FNDA:2,(anonymous_1)
FNDA:2,(anonymous_2)
FNDA:3,(anonymous_3)
FNDA:3,(anonymous_4)
FNDA:2,(anonymous_5)
DA:11,9
DA:12,2
DA:14,2
DA:17,9
DA:18,2
DA:20,2
DA:26,9
DA:27,2
DA:30,2
DA:32,2
DA:38,9
DA:39,3
DA:40,21
DA:42,3
DA:48,9
DA:49,3
DA:50,28
DA:52,3
DA:58,9
DA:59,2
DA:61,2
DA:62,2
DA:63,2
DA:65,2
LF:24
LH:24
BRF:0
BRH:0
end_of_record
TN:
SF:/home/dave/Documents/projects/web/chip8Emulator/src/emulator/opcodes/rand.ts
FN:4,(anonymous_0)
FNF:1
FNH:1
FNDA:2,(anonymous_0)
DA:4,9
DA:5,2
DA:6,2
DA:8,2
LF:4
LH:4
BRF:0
BRH:0
end_of_record
TN:
SF:/home/dave/Documents/projects/web/chip8Emulator/src/emulator/opcodes/timer.ts
FN:11,(anonymous_0)
FN:20,(anonymous_1)
FN:29,(anonymous_2)
FNF:3
FNH:3
FNDA:2,(anonymous_0)
FNDA:2,(anonymous_1)
FNDA:2,(anonymous_2)
DA:11,9
DA:12,2
DA:14,2
DA:20,9
DA:21,2
DA:23,2
DA:29,9
DA:30,2
DA:32,2
LF:9
LH:9
BRF:0
BRH:0
end_of_record
TN:
SF:/home/dave/Documents/projects/web/chip8Emulator/src/errors/Chip8Errors.ts
FN:5,(anonymous_0)
FN:10,(anonymous_1)
FN:19,(anonymous_2)
FN:25,(anonymous_3)
FN:34,(anonymous_4)
FN:40,(anonymous_5)
FN:49,(anonymous_6)
FN:55,(anonymous_7)
FNF:8
FNH:4
FNDA:4,(anonymous_0)
FNDA:0,(anonymous_1)
FNDA:2,(anonymous_2)
FNDA:0,(anonymous_3)
FNDA:1,(anonymous_4)
FNDA:0,(anonymous_5)
FNDA:1,(anonymous_6)
FNDA:0,(anonymous_7)
DA:1,10
DA:6,4
DA:7,4
DA:11,0
DA:15,10
DA:20,2
DA:21,2
DA:22,2
DA:26,0
DA:30,10
DA:35,1
DA:36,1
DA:37,1
DA:41,0
DA:45,10
DA:50,1
DA:51,1
DA:52,1
DA:56,0
LF:19
LH:15
BRDA:35,0,0,1
BRDA:35,0,1,1
BRDA:50,1,0,1
BRDA:50,1,1,1
BRF:4
BRH:4
end_of_record
TN:
SF:/home/dave/Documents/projects/web/chip8Emulator/src/errors/LexerErrors.ts
FN:6,(anonymous_0)
FN:15,(anonymous_1)
FNF:2
FNH:1
FNDA:3,(anonymous_0)
FNDA:0,(anonymous_1)
DA:1,1
DA:7,3
DA:9,3
DA:10,3
DA:11,3
DA:12,3
DA:16,0
LF:7
LH:6
BRF:0
BRH:0
end_of_record
TN:
SF:/home/dave/Documents/projects/web/chip8Emulator/src/types/Chip8Specs.ts
FNF:0
FNH:0
DA:1,10
DA:2,10
DA:3,10
DA:4,10
DA:5,10
LF:5
LH:5
BRF:0
BRH:0
end_of_record
TN:
SF:/home/dave/Documents/projects/web/chip8Emulator/src/types/Instruction.ts
FN:1,(anonymous_0)
FNF:1
FNH:1
FNDA:13,(anonymous_0)
DA:1,13
DA:2,13
DA:3,13
DA:4,13
DA:5,13
DA:6,13
DA:7,13
DA:8,13
DA:9,13
DA:10,13
DA:11,13
DA:12,13
DA:13,13
DA:14,13
DA:15,13
DA:16,13
DA:17,13
DA:18,13
DA:19,13
DA:20,13
DA:21,13
DA:22,13
DA:23,13
DA:24,13
DA:25,13
DA:26,13
DA:27,13
DA:28,13
DA:29,13
DA:30,13
DA:31,13
DA:32,13
DA:33,13
LF:33
LH:33
BRDA:1,0,0,13
BRDA:1,0,1,13
BRF:2
BRH:2
end_of_record
TN:
SF:/home/dave/Documents/projects/web/chip8Emulator/src/util/OpcodeUtils.ts
FN:4,(anonymous_0)
FN:16,(anonymous_1)
FN:21,(anonymous_2)
FN:25,(anonymous_3)
FN:29,(anonymous_4)
FN:43,(anonymous_5)
FN:44,(anonymous_6)
FNF:7
FNH:3
FNDA:329,(anonymous_0)
FNDA:275,(anonymous_1)
FNDA:0,(anonymous_2)
FNDA:69,(anonymous_3)
FNDA:0,(anonymous_4)
FNDA:0,(anonymous_5)
FNDA:0,(anonymous_6)
DA:4,13
DA:5,329
DA:16,13
DA:17,275
DA:21,13
DA:22,0
DA:25,13
DA:26,69
DA:29,13
DA:30,0
DA:32,0
DA:33,0
DA:34,0
DA:35,0
DA:37,0
DA:40,0
DA:43,13
DA:44,0
DA:45,0
LF:19
LH:9
BRDA:21,0,0,0
BRDA:32,1,0,0
BRDA:32,1,1,0
BRDA:35,2,0,0
BRDA:35,2,1,0
BRDA:45,3,0,0
BRDA:45,3,1,0
BRDA:45,4,0,0
BRDA:45,4,1,0
BRF:9
BRH:0
end_of_record
