TN:
SF:/Users/dcampion/Documents/lets-do-javascript/low-level/src/Opcode.ts
FN:17,(anonymous_0)
FN:24,(anonymous_1)
FN:26,(anonymous_2)
FN:31,(anonymous_3)
FN:122,(anonymous_4)
FN:174,(anonymous_5)
FN:182,(anonymous_6)
FN:191,(anonymous_7)
FN:198,(anonymous_8)
FN:205,(anonymous_9)
FNF:10
FNH:10
FNDA:38,(anonymous_0)
FNDA:2,(anonymous_1)
FNDA:3,(anonymous_2)
FNDA:38,(anonymous_3)
FNDA:37,(anonymous_4)
FNDA:2,(anonymous_5)
FNDA:4,(anonymous_6)
FNDA:5,(anonymous_7)
FNDA:9,(anonymous_8)
FNDA:13,(anonymous_9)
DA:2,1
DA:4,1
DA:7,1
DA:14,1
DA:15,1
DA:18,38
DA:19,38
DA:20,38
DA:21,37
DA:25,2
DA:26,3
DA:28,2
DA:32,38
DA:34,5
DA:36,2
DA:38,2
DA:40,1
DA:42,1
DA:44,1
DA:46,1
DA:48,1
DA:50,1
DA:52,1
DA:54,1
DA:56,9
DA:58,1
DA:60,1
DA:62,1
DA:64,1
DA:66,1
DA:68,1
DA:70,1
DA:72,1
DA:74,1
DA:76,0
DA:78,1
DA:80,1
DA:82,1
DA:84,1
DA:86,2
DA:88,2
DA:90,1
DA:92,1
DA:94,0
DA:96,9
DA:98,1
DA:100,1
DA:102,1
DA:104,1
DA:106,1
DA:108,1
DA:110,1
DA:112,1
DA:114,1
DA:116,0
DA:119,1
DA:123,37
DA:126,4
DA:129,2
DA:132,2
DA:143,14
DA:146,5
DA:147,9
DA:150,9
DA:152,0
DA:166,13
DA:168,2
DA:171,0
DA:175,2
DA:183,4
DA:184,2
DA:186,4
DA:192,5
DA:199,9
DA:206,13
LF:75
LH:70
BRDA:33,0,0,5
BRDA:33,0,1,1
BRDA:33,0,2,1
BRDA:33,0,3,1
BRDA:33,0,4,1
BRDA:33,0,5,1
BRDA:33,0,6,1
BRDA:33,0,7,1
BRDA:33,0,8,9
BRDA:33,0,9,1
BRDA:33,0,10,1
BRDA:33,0,11,1
BRDA:33,0,12,1
BRDA:33,0,13,2
BRDA:33,0,14,2
BRDA:33,0,15,9
BRDA:35,1,0,2
BRDA:35,1,1,2
BRDA:57,2,0,1
BRDA:57,2,1,1
BRDA:57,2,2,1
BRDA:57,2,3,1
BRDA:57,2,4,1
BRDA:57,2,5,1
BRDA:57,2,6,1
BRDA:57,2,7,1
BRDA:57,2,8,1
BRDA:89,3,0,1
BRDA:89,3,1,1
BRDA:97,4,0,1
BRDA:97,4,1,1
BRDA:97,4,2,1
BRDA:97,4,3,1
BRDA:97,4,4,1
BRDA:97,4,5,1
BRDA:97,4,6,1
BRDA:97,4,7,1
BRDA:97,4,8,1
BRDA:124,5,0,2
BRDA:124,5,1,4
BRDA:124,5,2,1
BRDA:124,5,3,2
BRDA:124,5,4,1
BRDA:124,5,5,2
BRDA:124,5,6,2
BRDA:124,5,7,4
BRDA:124,5,8,6
BRDA:124,5,9,7
BRDA:124,5,10,8
BRDA:124,5,11,9
BRDA:124,5,12,10
BRDA:124,5,13,12
BRDA:124,5,14,13
BRDA:124,5,15,14
BRDA:124,5,16,1
BRDA:124,5,17,2
BRDA:124,5,18,3
BRDA:124,5,19,4
BRDA:124,5,20,5
BRDA:124,5,21,6
BRDA:124,5,22,7
BRDA:124,5,23,8
BRDA:124,5,24,9
BRDA:124,5,25,10
BRDA:124,5,26,11
BRDA:124,5,27,12
BRDA:124,5,28,13
BRDA:124,5,29,2
BRDA:143,6,0,5
BRDA:143,6,1,9
BRDA:147,7,0,9
BRDA:147,7,1,0
BRDA:183,8,0,2
BRDA:183,8,1,2
BRF:74
BRH:73
end_of_record
TN:
SF:/Users/dcampion/Documents/lets-do-javascript/low-level/src/Token.ts
FN:8,(anonymous_0)
FN:13,(anonymous_1)
FN:17,(anonymous_2)
FN:21,(anonymous_3)
FN:25,(anonymous_4)
FN:40,(anonymous_5)
FNF:6
FNH:6
FNDA:105,(anonymous_0)
FNDA:2,(anonymous_1)
FNDA:3,(anonymous_2)
FNDA:6,(anonymous_3)
FNDA:9,(anonymous_4)
FNDA:2,(anonymous_5)
DA:2,2
DA:4,2
DA:9,105
DA:10,105
DA:14,2
DA:18,3
DA:22,6
DA:26,9
DA:28,1
DA:30,4
DA:32,1
DA:36,3
DA:41,2
LF:13
LH:13
BRDA:27,0,0,1
BRDA:27,0,1,4
BRDA:27,0,2,1
BRDA:27,0,3,3
BRDA:27,0,4,3
BRDA:27,0,5,3
BRF:6
BRH:6
end_of_record
TN:
SF:/Users/dcampion/Documents/lets-do-javascript/low-level/src/util/OpcodeUtils.ts
FN:4,(anonymous_0)
FN:16,(anonymous_1)
FN:21,(anonymous_2)
FN:25,(anonymous_3)
FNF:4
FNH:3
FNDA:38,(anonymous_0)
FNDA:7,(anonymous_1)
FNDA:0,(anonymous_2)
FNDA:2,(anonymous_3)
DA:4,2
DA:5,38
DA:16,2
DA:17,7
DA:21,2
DA:22,0
DA:25,2
DA:26,2
LF:8
LH:7
BRF:0
BRH:0
end_of_record
